Vivado Simulator 2019.1
Copyright 1986-1999, 2001-2019 Xilinx, Inc. All Rights Reserved.
Running: C:/Xilinx/Vivado/2019.1/bin/unwrapped/win64.o/xelab.exe -wto 79e20c3caf334364a5eaeb581a308a21 --incr --debug typical --relax --mt 2 -L xil_defaultlib -L unisims_ver -L unimacro_ver -L secureip -L xpm --snapshot test_bench_behav xil_defaultlib.test_bench xil_defaultlib.glbl -log elaborate.log 
Using 2 slave threads.
Starting static elaboration
Completed static elaboration
Starting simulation data flow analysis
Completed simulation data flow analysis
Time Resolution for simulation is 1ps
Compiling module unisims_ver.IBUF
Compiling module unisims_ver.MMCME2_ADV(CLKFBOUT_MULT_F=49.37...
Compiling module unisims_ver.BUFG
Compiling module xil_defaultlib.clk_wiz_0_clk_wiz
Compiling module xil_defaultlib.clk_wiz_0
Compiling module xil_defaultlib.vga_out
Compiling module xil_defaultlib.move
Compiling module xil_defaultlib.simple_rom_sprite
Compiling module xil_defaultlib.draw
Compiling module xil_defaultlib.sevenseg
Compiling module xil_defaultlib.seginterface
Compiling module xil_defaultlib.game_top
Compiling module xil_defaultlib.test_bench
Compiling module xil_defaultlib.glbl
Built simulation snapshot test_bench_behav
