#
# A fatal error has been detected by the Java Runtime Environment:
#
#  EXCEPTION_ACCESS_VIOLATION (0xc0000005) at pc=0x00007fff0c7ca1a5, pid=16288, tid=10636
#
# JRE version: Java(TM) SE Runtime Environment (9.0+11) (build 9.0.4+11)
# Java VM: Java HotSpot(TM) 64-Bit Server VM (9.0.4+11, mixed mode, tiered, compressed oops, g1 gc, windows-amd64)
# Problematic frame:
# C  [librdi_common.dll+0x17a1a5]
#
# No core dump will be written. Minidumps are not enabled by default on client versions of Windows
#
# If you would like to submit a bug report, please visit:
#   http://bugreport.java.com/bugreport/crash.jsp
# The crash happened outside the Java Virtual Machine in native code.
# See problematic frame for where to report the bug.
#

---------------  S U M M A R Y ------------

Command Line: -Dsun.java2d.pmoffscreen=false -Dsun.java2d.xrender=false -Dsun.java2d.d3d=false -Dsun.awt.nopixfmt=true -Dsun.java2d.dpiaware=true -Dsun.java2d.uiScale.enabled=false -Xverify:none -Dswing.aatext=true -XX:-UsePerfData -Djdk.map.althashing.threshold=512 -XX:StringTableSize=4072 --add-opens=java.base/java.nio=ALL-UNNAMED --add-opens=java.desktop/sun.swing=ALL-UNNAMED --add-opens=java.desktop/javax.swing=ALL-UNNAMED --add-opens=java.desktop/javax.swing.tree=ALL-UNNAMED --add-opens=java.desktop/javax.swing.plaf.basic=ALL-UNNAMED --add-opens=java.desktop/javax.swing.plaf.synth=ALL-UNNAMED --add-opens=java.desktop/com.sun.awt=ALL-UNNAMED -XX:NewSize=60m -XX:MaxNewSize=60m -Xms128m -Xmx3072m -Xss5m 

Host: Intel(R) Core(TM) i7-4790 CPU @ 3.60GHz, 8 cores, 15G,  Windows 10 , 64 bit Build 17763 (10.0.17763.1879)
Time: Thu May 20 16:33:49 2021 GMT Summer Time elapsed time: 828 seconds (0d 0h 13m 48s)

---------------  T H R E A D  ---------------

Current thread (0x000002305f444800):  JavaThread "AWT-EventQueue-1" [_thread_in_native, id=10636, stack(0x000000d215e00000,0x000000d216300000)]

Stack: [0x000000d215e00000,0x000000d216300000],  sp=0x000000d2162fb210,  free space=5100k
Native frames: (J=compiled Java code, j=interpreted, Vv=VM code, C=native code)
C  [librdi_common.dll+0x17a1a5]
C  [librdi_common.dll+0x16ee15]
C  [librdi_common.dll+0x1386da]
C  0x00007ffee1621eff
C  0x00007ffee16a21df
C  0x00007ffee16a9e19
C  0x00007ffee167a4cb
C  0x00007ffee16b6de7
C  0x0000023051b327ba

Java frames: (J=compiled Java code, j=interpreted, Vv=VM code)
J 16722  ui.views.waveform.waveformi.WVExecutive_getTooltipTextDelayed(J)Ljava/lang/String; (0 bytes) @ 0x0000023051b32721 [0x0000023051b326e0+0x0000000000000041]
J 16716 c1 ui.views.waveform.b.a.bG(Ljava/awt/event/MouseEvent;)V (135 bytes) @ 0x000002304a679824 [0x000002304a679180+0x00000000000006a4]
J 16208 c1 ui.views.waveform.b.a.mouseMoved(Ljava/awt/event/MouseEvent;)V (32 bytes) @ 0x000002304bea98ec [0x000002304bea93a0+0x000000000000054c]
J 17191 c2 java.awt.AWTEventMulticaster.mouseMoved(Ljava/awt/event/MouseEvent;)V java.desktop@9.0.4 (27 bytes) @ 0x0000023052107674 [0x00000230521075c0+0x00000000000000b4]
J 17191 c2 java.awt.AWTEventMulticaster.mouseMoved(Ljava/awt/event/MouseEvent;)V java.desktop@9.0.4 (27 bytes) @ 0x0000023052107634 [0x00000230521075c0+0x0000000000000074]
J 18726 c2 javax.swing.JComponent.processMouseMotionEvent(Ljava/awt/event/MouseEvent;)V java.desktop@9.0.4 (46 bytes) @ 0x0000023052331c90 [0x0000023052331be0+0x00000000000000b0]
J 15403 c1 ui.frmwork.c.i.processMouseMotionEvent(Ljava/awt/event/MouseEvent;)V (131 bytes) @ 0x000002304bc6e9c4 [0x000002304bc6db00+0x0000000000000ec4]
J 13007 c2 java.awt.Container.processEvent(Ljava/awt/AWTEvent;)V java.desktop@9.0.4 (22 bytes) @ 0x0000023051b81b98 [0x0000023051b81a20+0x0000000000000178]
J 20304 c2 java.awt.Component.dispatchEventImpl(Ljava/awt/AWTEvent;)V java.desktop@9.0.4 (739 bytes) @ 0x00000230525204f4 [0x000002305251f700+0x0000000000000df4]
J 18972 c2 java.awt.Container.dispatchEventImpl(Ljava/awt/AWTEvent;)V java.desktop@9.0.4 (129 bytes) @ 0x000002305238a904 [0x000002305238a700+0x0000000000000204]
J 18810 c2 java.awt.LightweightDispatcher.retargetMouseEvent(Ljava/awt/Component;ILjava/awt/event/MouseEvent;)V java.desktop@9.0.4 (350 bytes) @ 0x000002305234ee54 [0x000002305234e8a0+0x00000000000005b4]
J 18218 c2 java.awt.LightweightDispatcher.processMouseEvent(Ljava/awt/event/MouseEvent;)Z java.desktop@9.0.4 (265 bytes) @ 0x0000023052291260 [0x0000023052290ac0+0x00000000000007a0]
J 18972 c2 java.awt.Container.dispatchEventImpl(Ljava/awt/AWTEvent;)V java.desktop@9.0.4 (129 bytes) @ 0x000002305238ab48 [0x000002305238a700+0x0000000000000448]
J 19535 c2 java.awt.Window.dispatchEventImpl(Ljava/awt/AWTEvent;)V java.desktop@9.0.4 (23 bytes) @ 0x0000023051cd8e0c [0x0000023051cd8dc0+0x000000000000004c]
J 16149 c2 java.awt.EventQueue$3.run()Ljava/lang/Object; java.desktop@9.0.4 (5 bytes) @ 0x0000023051f3517c [0x0000023051f34b80+0x00000000000005fc]
v  ~StubRoutines::call_stub
J 4269  java.security.AccessController.doPrivileged(Ljava/security/PrivilegedAction;Ljava/security/AccessControlContext;)Ljava/lang/Object; java.base@9.0.4 (0 bytes) @ 0x00000230513f7546 [0x00000230513f74e0+0x0000000000000066]
J 17517 c2 java.awt.EventQueue$4.run()Ljava/lang/Object; java.desktop@9.0.4 (5 bytes) @ 0x000002305216fcc0 [0x000002305216fa60+0x0000000000000260]
v  ~StubRoutines::call_stub
J 4269  java.security.AccessController.doPrivileged(Ljava/security/PrivilegedAction;Ljava/security/AccessControlContext;)Ljava/lang/Object; java.base@9.0.4 (0 bytes) @ 0x00000230513f7546 [0x00000230513f74e0+0x0000000000000066]
J 14527 c2 ui.frmwork.b.d.dispatchEvent(Ljava/awt/AWTEvent;)V (34 bytes) @ 0x0000023051ce3bcc [0x0000023051ce3780+0x000000000000044c]
J 18882 c2 java.awt.EventDispatchThread.pumpOneEventForFilters(I)V java.desktop@9.0.4 (218 bytes) @ 0x000002305235ffdc [0x000002305235fd00+0x00000000000002dc]
J 19893% c1 java.awt.EventDispatchThread.pumpEventsForFilter(ILjava/awt/Conditional;Ljava/awt/EventFilter;)V java.desktop@9.0.4 (47 bytes) @ 0x000002304c68d5e4 [0x000002304c68d2a0+0x0000000000000344]
j  java.awt.EventDispatchThread.pumpEventsForHierarchy(ILjava/awt/Conditional;Ljava/awt/Component;)V+11 java.desktop@9.0.4
j  java.awt.EventDispatchThread.pumpEvents(ILjava/awt/Conditional;)V+4 java.desktop@9.0.4
j  java.awt.EventDispatchThread.pumpEvents(Ljava/awt/Conditional;)V+3 java.desktop@9.0.4
j  java.awt.EventDispatchThread.run()V+9 java.desktop@9.0.4
v  ~StubRoutines::call_stub

siginfo: EXCEPTION_ACCESS_VIOLATION (0xc0000005), reading address 0xffffffffffffffff


Register to memory mapping:

RIP=0x00007fff0c7ca1a5 librdi_common.dll
RAX=0x00000230346d9d01 is an unknown value
RBX=0x9007c200b803b04b is an unknown value
RCX=0x00000230346d9d70 is an unknown value
RDX=0x9007c200b803b04b is an unknown value
RSP=0x000000d2162fb210 is pointing into the stack for thread: 0x000002305f444800
RBP=0x000000d2162fb340 is pointing into the stack for thread: 0x000002305f444800
RSI=0x000002305fb473e0 is an unknown value
RDI=0x000000d2162fb428 is pointing into the stack for thread: 0x000002305f444800
R8 =0x000000d2162fb428 is pointing into the stack for thread: 0x000002305f444800
R9 =0x0000000000000000 is an unknown value
R10=0x000002306c12aae0 is an unknown value
R11=0x00000230631b2ab0 is an unknown value
R12=0x000000d2162fb428 is pointing into the stack for thread: 0x000002305f444800
R13=0x0000000000000000 is an unknown value
R14=0x0000023032c0f700 is an unknown value
R15=0x9007c200b803b04b is an unknown value


Registers:
RAX=0x00000230346d9d01, RBX=0x9007c200b803b04b, RCX=0x00000230346d9d70, RDX=0x9007c200b803b04b
RSP=0x000000d2162fb210, RBP=0x000000d2162fb340, RSI=0x000002305fb473e0, RDI=0x000000d2162fb428
R8 =0x000000d2162fb428, R9 =0x0000000000000000, R10=0x000002306c12aae0, R11=0x00000230631b2ab0
R12=0x000000d2162fb428, R13=0x0000000000000000, R14=0x0000023032c0f700, R15=0x9007c200b803b04b
RIP=0x00007fff0c7ca1a5, EFLAGS=0x0000000000010202

Top of Stack: (sp=0x000000d2162fb210)
0x000000d2162fb210:   000002306195e920 00007fff5f0b2f17
0x000000d2162fb220:   000000d200000000 9007c200b803b04b
0x000000d2162fb230:   9007c200b803b04b 00007fff0c7bee15
0x000000d2162fb240:   000002306195e948 00007fff5f0b31af
0x000000d2162fb250:   0000b3e4a75f9924 0000000000000018
0x000000d2162fb260:   0000023062f6b010 000002306195e920
0x000000d2162fb270:   0000000000000002 00007fff0c828985
0x000000d2162fb280:   0000023062e19440 000002306195e928
0x000000d2162fb290:   000002306195e968 000002306195e920
0x000000d2162fb2a0:   fffffffffffffffe 00007fff0cd96a6d
0x000000d2162fb2b0:   fffffffffffffffe 00007fff0d483fe0
0x000000d2162fb2c0:   000002306195e920 0000023032c378b8
0x000000d2162fb2d0:   000000d2162fb428 00007fff0c827c76
0x000000d2162fb2e0:   000002306195e920 000000d2162fb428
0x000000d2162fb2f0:   0000023000000002 0000000000000000
0x000000d2162fb300:   fffffffffffffffe 000000000000000f 

Instructions: (pc=0x00007fff0c7ca1a5)
0x00007fff0c7ca185:   20 48 8b d9 e8 22 c4 04 00 48 8b c8 48 8b d3 e8
0x00007fff0c7ca195:   27 0d 05 00 84 c0 75 08 33 c0 48 83 c4 20 5b c3
0x00007fff0c7ca1a5:   48 8b 4b 50 48 85 c9 74 0a 48 83 c4 20 5b e9 68
0x00007fff0c7ca1b5:   e2 04 00 48 8b d3 48 8d 0d 26 fc 73 00 e8 59 b7 



---------------  P R O C E S S  ---------------

Java Threads: ( => current thread )
  0x000002306a2fe800 JavaThread "Relaunch Simulation" [_thread_blocked, id=10408, stack(0x000000d218e00000,0x000000d219300000)]
  0x000002306a2ff000 JavaThread "Image Animator 0" daemon [_thread_blocked, id=14084, stack(0x000000d21ae00000,0x000000d21b300000)]
  0x000002306a2fc000 JavaThread "SyntheticaAnimation 50" daemon [_thread_blocked, id=17004, stack(0x000000d219a00000,0x000000d219f00000)]
  0x000002306a2fd800 JavaThread "Update Runs Swing Worker" [_thread_blocked, id=8984, stack(0x000000d219300000,0x000000d219800000)]
  0x000002306a2fb800 JavaThread "hw_ila_monitor" [_thread_blocked, id=12368, stack(0x000000d218900000,0x000000d218e00000)]
  0x000002306a2fa800 JavaThread "Refresh Filesets Swing Worker" [_thread_blocked, id=14016, stack(0x000000d218400000,0x000000d218900000)]
  0x000002303d301000 JavaThread "SyntheticaAnimation 70" daemon [_thread_blocked, id=14916, stack(0x000000d217f00000,0x000000d218400000)]
  0x000002303d301800 JavaThread "SyntheticaAnimation 25" daemon [_thread_blocked, id=13252, stack(0x000000d217a00000,0x000000d217f00000)]
  0x000002303d305800 JavaThread "SyntheticaAnimation 50" daemon [_thread_blocked, id=7356, stack(0x000000d217500000,0x000000d217a00000)]
  0x000002303d2ff800 JavaThread "Monitor HEventQueue" [_thread_blocked, id=13636, stack(0x000000d217000000,0x000000d217500000)]
  0x000002303d300000 JavaThread "SyntheticaCleanerThread" daemon [_thread_blocked, id=11716, stack(0x000000d216800000,0x000000d216d00000)]
  0x000002303d304800 JavaThread "Batik CleanerThread" daemon [_thread_blocked, id=15812, stack(0x000000d215400000,0x000000d215900000)]
=>0x000002305f444800 JavaThread "AWT-EventQueue-1" [_thread_in_native, id=10636, stack(0x000000d215e00000,0x000000d216300000)]
  0x000002305f472000 JavaThread "Process Messages" [_thread_blocked, id=15608, stack(0x000000d215900000,0x000000d215e00000)]
  0x000002305f342800 JavaThread "Thread-1" [_thread_in_native, id=400, stack(0x000000d20e700000,0x000000d20fb00000)]
  0x000002305fb5c000 JavaThread "TimerQueue" daemon [_thread_blocked, id=2756, stack(0x000000d214a00000,0x000000d214f00000)]
  0x000002303aa87800 JavaThread "AWT-Windows" daemon [_thread_in_native, id=5152, stack(0x000000d214500000,0x000000d214a00000)]
  0x000002303a179800 JavaThread "AWT-Shutdown" [_thread_blocked, id=15784, stack(0x000000d214000000,0x000000d214500000)]
  0x000002303a639000 JavaThread "Java2D Disposer" daemon [_thread_blocked, id=3108, stack(0x000000d213b00000,0x000000d214000000)]
  0x00000230380bf800 JavaThread "Service Thread" daemon [_thread_blocked, id=3044, stack(0x000000d213500000,0x000000d213a00000)]
  0x0000023042b5d800 JavaThread "Common-Cleaner" daemon [_thread_blocked, id=5044, stack(0x000000d213000000,0x000000d213500000)]
  0x000002303d304000 JavaThread "Sweeper thread" daemon [_thread_blocked, id=604, stack(0x000000d212b00000,0x000000d213000000)]
  0x000002303d30d800 JavaThread "C1 CompilerThread3" daemon [_thread_blocked, id=16644, stack(0x000000d212a00000,0x000000d212b00000)]
  0x000002303d626000 JavaThread "C2 CompilerThread2" daemon [_thread_blocked, id=3720, stack(0x000000d212900000,0x000000d212a00000)]
  0x000002303d625800 JavaThread "C2 CompilerThread1" daemon [_thread_blocked, id=12320, stack(0x000000d212800000,0x000000d212900000)]
  0x00000230427ed800 JavaThread "C2 CompilerThread0" daemon [_thread_blocked, id=5760, stack(0x000000d212700000,0x000000d212800000)]
  0x00000230424e3800 JavaThread "Attach Listener" daemon [_thread_blocked, id=1668, stack(0x000000d212200000,0x000000d212700000)]
  0x000002303896b800 JavaThread "Signal Dispatcher" daemon [_thread_blocked, id=13004, stack(0x000000d211d00000,0x000000d212200000)]
  0x000002303cea4800 JavaThread "Finalizer" daemon [_thread_blocked, id=13012, stack(0x000000d211800000,0x000000d211d00000)]
  0x0000023039d76800 JavaThread "Reference Handler" daemon [_thread_blocked, id=15228, stack(0x000000d211300000,0x000000d211800000)]
  0x0000023042b8f800 JavaThread "main" [_thread_blocked, id=11296, stack(0x000000d20e600000,0x000000d20e700000)]

Other Threads:
  0x00000230381c7800 VMThread "VM Thread" [stack: 0x000000d211200000,0x000000d211300000] [id=16716]
  0x000002303e24f800 WatcherThread [stack: 0x000000d213a00000,0x000000d213b00000] [id=2412]
  0x000002303899b800 GCTaskThread "GC Thread#0" [stack: 0x000000d20fe00000,0x000000d20ff00000] [id=15272]
  0x0000023038999800 GCTaskThread "GC Thread#1" [stack: 0x000000d20ff00000,0x000000d210000000] [id=15028]
  0x000002303899c000 GCTaskThread "GC Thread#2" [stack: 0x000000d210000000,0x000000d210100000] [id=11428]
  0x000002303899f000 GCTaskThread "GC Thread#3" [stack: 0x000000d210100000,0x000000d210200000] [id=15820]
  0x0000023038998800 GCTaskThread "GC Thread#4" [stack: 0x000000d210200000,0x000000d210300000] [id=7952]
  0x000002303899b000 GCTaskThread "GC Thread#5" [stack: 0x000000d210300000,0x000000d210400000] [id=17184]
  0x000002303899c800 GCTaskThread "GC Thread#6" [stack: 0x000000d210400000,0x000000d210500000] [id=15888]
  0x0000023038999000 GCTaskThread "GC Thread#7" [stack: 0x000000d210500000,0x000000d210600000] [id=11876]
  0x000002303d99e800 ConcurrentGCThread "G1 Main Marker" [stack: 0x000000d210f00000,0x000000d211000000] [id=5764]
  0x000002303899d800 ConcurrentGCThread "G1 Marker#0" [stack: 0x000000d211000000,0x000000d211100000] [id=16816]
  0x000002303899a000 ConcurrentGCThread "G1 Marker#1" [stack: 0x000000d211100000,0x000000d211200000] [id=9780]
  0x000002303d9e8800 ConcurrentGCThread "G1 Refine#0" [stack: 0x000000d210d00000,0x000000d210e00000] [id=13432]
  0x0000023042b9e000 ConcurrentGCThread "G1 Refine#1" [stack: 0x000000d210c00000,0x000000d210d00000] [id=9976]
  0x0000023041ea9800 ConcurrentGCThread "G1 Refine#2" [stack: 0x000000d210b00000,0x000000d210c00000] [id=3384]
  0x000002303d93b000 ConcurrentGCThread "G1 Refine#3" [stack: 0x000000d210a00000,0x000000d210b00000] [id=16632]
  0x000002303d928000 ConcurrentGCThread "G1 Refine#4" [stack: 0x000000d210900000,0x000000d210a00000] [id=11864]
  0x000002303d75e800 ConcurrentGCThread "G1 Refine#5" [stack: 0x000000d210800000,0x000000d210900000] [id=10972]
  0x000002303ceb5000 ConcurrentGCThread "G1 Refine#6" [stack: 0x000000d210700000,0x000000d210800000] [id=10432]
  0x0000023042b9a800 ConcurrentGCThread "G1 Refine#7" [stack: 0x000000d210600000,0x000000d210700000] [id=8668]
  0x000002303ceca800 ConcurrentGCThread "G1 Young RemSet Sampling" [stack: 0x000000d210e00000,0x000000d210f00000] [id=4432]

Threads with active compile tasks:

VM state:not at safepoint (normal execution)

VM Mutex/Monitor currently owned by a thread: None

Heap address: 0x0000000700000000, size: 3072 MB, Compressed Oops mode: Zero based, Oop shift amount: 3
Narrow klass base: 0x0000000000000000, Narrow klass shift: 3
Compressed class space size: 1073741824 Address: 0x00000007c0000000

Heap:
 garbage-first heap   total 191488K, used 115736K [0x0000000700000000, 0x00000007001005d8, 0x00000007c0000000)
  region size 1024K, 48 young (49152K), 1 survivors (1024K)
 Metaspace       used 84289K, capacity 90619K, committed 90696K, reserved 1128448K
  class space    used 11485K, capacity 12608K, committed 12616K, reserved 1048576K
Heap Regions: E=young(eden), S=young(survivor), O=old, HS=humongous(starts), HC=humongous(continues), CS=collection set, F=free, A=archive, TS=gc time stamp, AC=allocation context, TAMS=top-at-mark-start (previous, next)
|   0|0x0000000700000000, 0x00000007000f1a10, 0x0000000700100000| 94%| O|  |TS  0|AC  0|TAMS 0x0000000700000000, 0x0000000700000000|
|   1|0x0000000700100000, 0x0000000700200000, 0x0000000700200000|100%|HS|  |TS  0|AC  0|TAMS 0x0000000700100000, 0x0000000700100000|
|   2|0x0000000700200000, 0x0000000700300000, 0x0000000700300000|100%|HC|  |TS  0|AC  0|TAMS 0x0000000700200000, 0x0000000700200000|
|   3|0x0000000700300000, 0x0000000700400000, 0x0000000700400000|100%|HS|  |TS  0|AC  0|TAMS 0x0000000700300000, 0x0000000700300000|
|   4|0x0000000700400000, 0x00000007004fffe8, 0x0000000700500000| 99%| O|  |TS  0|AC  0|TAMS 0x0000000700400000, 0x0000000700400000|
|   5|0x0000000700500000, 0x00000007005ffcf8, 0x0000000700600000| 99%| O|  |TS  0|AC  0|TAMS 0x0000000700500000, 0x0000000700500000|
|   6|0x0000000700600000, 0x00000007006fffc8, 0x0000000700700000| 99%| O|  |TS  0|AC  0|TAMS 0x0000000700600000, 0x0000000700600000|
|   7|0x0000000700700000, 0x00000007007ffff8, 0x0000000700800000| 99%| O|  |TS  0|AC  0|TAMS 0x0000000700700000, 0x0000000700700000|
|   8|0x0000000700800000, 0x00000007008f2fb8, 0x0000000700900000| 94%| O|  |TS  0|AC  0|TAMS 0x0000000700800000, 0x0000000700800000|
|   9|0x0000000700900000, 0x00000007009ffff8, 0x0000000700a00000| 99%| O|  |TS  0|AC  0|TAMS 0x0000000700900000, 0x0000000700900000|
|  10|0x0000000700a00000, 0x0000000700ac8be0, 0x0000000700b00000| 78%| O|  |TS  0|AC  0|TAMS 0x0000000700a00000, 0x0000000700a00000|
|  11|0x0000000700b00000, 0x0000000700bdea80, 0x0000000700c00000| 86%| O|  |TS  0|AC  0|TAMS 0x0000000700b00000, 0x0000000700b00000|
|  12|0x0000000700c00000, 0x0000000700cfb868, 0x0000000700d00000| 98%| O|  |TS  0|AC  0|TAMS 0x0000000700c00000, 0x0000000700c00000|
|  13|0x0000000700d00000, 0x0000000700dfdb98, 0x0000000700e00000| 99%| O|  |TS  0|AC  0|TAMS 0x0000000700d00000, 0x0000000700d00000|
|  14|0x0000000700e00000, 0x0000000700efbf38, 0x0000000700f00000| 98%| O|  |TS  0|AC  0|TAMS 0x0000000700e00000, 0x0000000700e00000|
|  15|0x0000000700f00000, 0x0000000700fffff8, 0x0000000701000000| 99%| O|  |TS  0|AC  0|TAMS 0x0000000700f00000, 0x0000000700f00000|
|  16|0x0000000701000000, 0x0000000701100000, 0x0000000701100000|100%| O|  |TS  0|AC  0|TAMS 0x0000000701000000, 0x0000000701000000|
|  17|0x0000000701100000, 0x00000007011a9cd0, 0x0000000701200000| 66%| O|  |TS  0|AC  0|TAMS 0x0000000701100000, 0x0000000701100000|
|  18|0x0000000701200000, 0x0000000701300000, 0x0000000701300000|100%| O|  |TS  0|AC  0|TAMS 0x0000000701200000, 0x0000000701200000|
|  19|0x0000000701300000, 0x00000007013fffe8, 0x0000000701400000| 99%| O|  |TS  0|AC  0|TAMS 0x0000000701300000, 0x0000000701300000|
|  20|0x0000000701400000, 0x0000000701500000, 0x0000000701500000|100%| O|  |TS  0|AC  0|TAMS 0x0000000701400000, 0x0000000701400000|
|  21|0x0000000701500000, 0x00000007015fffe8, 0x0000000701600000| 99%| O|  |TS  0|AC  0|TAMS 0x0000000701500000, 0x0000000701500000|
|  22|0x0000000701600000, 0x00000007016fffe0, 0x0000000701700000| 99%| O|  |TS  0|AC  0|TAMS 0x0000000701600000, 0x0000000701600000|
|  23|0x0000000701700000, 0x0000000701800000, 0x0000000701800000|100%| O|  |TS  0|AC  0|TAMS 0x0000000701700000, 0x0000000701700000|
|  24|0x0000000701800000, 0x00000007018ffff8, 0x0000000701900000| 99%| O|  |TS  0|AC  0|TAMS 0x0000000701800000, 0x0000000701800000|
|  25|0x0000000701900000, 0x00000007019ffff0, 0x0000000701a00000| 99%| O|  |TS  0|AC  0|TAMS 0x0000000701900000, 0x0000000701900000|
|  26|0x0000000701a00000, 0x0000000701afff68, 0x0000000701b00000| 99%| O|  |TS  0|AC  0|TAMS 0x0000000701a00000, 0x0000000701a00000|
|  27|0x0000000701b00000, 0x0000000701bffff8, 0x0000000701c00000| 99%| O|  |TS  0|AC  0|TAMS 0x0000000701b00000, 0x0000000701b00000|
|  28|0x0000000701c00000, 0x0000000701cfffe8, 0x0000000701d00000| 99%| O|  |TS  0|AC  0|TAMS 0x0000000701c00000, 0x0000000701c00000|
|  29|0x0000000701d00000, 0x0000000701dffff0, 0x0000000701e00000| 99%| O|  |TS  0|AC  0|TAMS 0x0000000701d00000, 0x0000000701d00000|
|  30|0x0000000701e00000, 0x0000000701effff0, 0x0000000701f00000| 99%| O|  |TS  0|AC  0|TAMS 0x0000000701e00000, 0x0000000701e00000|
|  31|0x0000000701f00000, 0x0000000701ffffe8, 0x0000000702000000| 99%| O|  |TS  0|AC  0|TAMS 0x0000000701f00000, 0x0000000701f00000|
|  32|0x0000000702000000, 0x00000007020fffe0, 0x0000000702100000| 99%| O|  |TS  0|AC  0|TAMS 0x0000000702000000, 0x0000000702000000|
|  33|0x0000000702100000, 0x00000007021ffff8, 0x0000000702200000| 99%| O|  |TS  0|AC  0|TAMS 0x0000000702100000, 0x0000000702100000|
|  34|0x0000000702200000, 0x00000007022fffe0, 0x0000000702300000| 99%| O|  |TS  0|AC  0|TAMS 0x0000000702200000, 0x0000000702200000|
|  35|0x0000000702300000, 0x00000007023ffff0, 0x0000000702400000| 99%| O|  |TS  0|AC  0|TAMS 0x0000000702300000, 0x0000000702300000|
|  36|0x0000000702400000, 0x00000007024e79f0, 0x0000000702500000| 90%| O|  |TS  0|AC  0|TAMS 0x0000000702400000, 0x0000000702400000|
|  37|0x0000000702500000, 0x0000000702600000, 0x0000000702600000|100%| O|  |TS  0|AC  0|TAMS 0x0000000702500000, 0x0000000702500000|
|  38|0x0000000702600000, 0x00000007026fff08, 0x0000000702700000| 99%| O|  |TS  0|AC  0|TAMS 0x0000000702600000, 0x0000000702600000|
|  39|0x0000000702700000, 0x00000007027fffa0, 0x0000000702800000| 99%| O|  |TS  0|AC  0|TAMS 0x0000000702700000, 0x0000000702700000|
|  40|0x0000000702800000, 0x00000007028ffff0, 0x0000000702900000| 99%| O|  |TS  0|AC  0|TAMS 0x0000000702800000, 0x0000000702800000|
|  41|0x0000000702900000, 0x0000000702a00000, 0x0000000702a00000|100%| O|  |TS  0|AC  0|TAMS 0x0000000702900000, 0x0000000702900000|
|  42|0x0000000702a00000, 0x0000000702afffc0, 0x0000000702b00000| 99%| O|  |TS  0|AC  0|TAMS 0x0000000702a00000, 0x0000000702a00000|
|  43|0x0000000702b00000, 0x0000000702bffff0, 0x0000000702c00000| 99%| O|  |TS  0|AC  0|TAMS 0x0000000702b00000, 0x0000000702b00000|
|  44|0x0000000702c00000, 0x0000000702d00000, 0x0000000702d00000|100%|HS|  |TS  0|AC  0|TAMS 0x0000000702c00000, 0x0000000702c00000|
|  45|0x0000000702d00000, 0x0000000702e00000, 0x0000000702e00000|100%|HC|  |TS  0|AC  0|TAMS 0x0000000702d00000, 0x0000000702d00000|
|  46|0x0000000702e00000, 0x0000000702f00000, 0x0000000702f00000|100%|HC|  |TS  0|AC  0|TAMS 0x0000000702e00000, 0x0000000702e00000|
|  47|0x0000000702f00000, 0x0000000703000000, 0x0000000703000000|100%|HC|  |TS  0|AC  0|TAMS 0x0000000702f00000, 0x0000000702f00000|
|  48|0x0000000703000000, 0x0000000703100000, 0x0000000703100000|100%|HC|  |TS  0|AC  0|TAMS 0x0000000703000000, 0x0000000703000000|
|  49|0x0000000703100000, 0x00000007031fffc0, 0x0000000703200000| 99%| O|  |TS  0|AC  0|TAMS 0x0000000703100000, 0x0000000703100000|
|  50|0x0000000703200000, 0x00000007032fed38, 0x0000000703300000| 99%| O|  |TS  0|AC  0|TAMS 0x0000000703200000, 0x0000000703200000|
|  51|0x0000000703300000, 0x0000000703400000, 0x0000000703400000|100%| O|  |TS  0|AC  0|TAMS 0x0000000703300000, 0x0000000703300000|
|  52|0x0000000703400000, 0x00000007034fffe8, 0x0000000703500000| 99%| O|  |TS  0|AC  0|TAMS 0x0000000703400000, 0x0000000703400000|
|  53|0x0000000703500000, 0x00000007035fffd8, 0x0000000703600000| 99%| O|  |TS  0|AC  0|TAMS 0x0000000703500000, 0x0000000703500000|
|  54|0x0000000703600000, 0x0000000703700000, 0x0000000703700000|100%| O|  |TS  0|AC  0|TAMS 0x0000000703600000, 0x0000000703600000|
|  55|0x0000000703700000, 0x00000007037fffb8, 0x0000000703800000| 99%| O|  |TS  0|AC  0|TAMS 0x0000000703700000, 0x0000000703700000|
|  56|0x0000000703800000, 0x0000000703900000, 0x0000000703900000|100%| O|  |TS  0|AC  0|TAMS 0x0000000703800000, 0x0000000703800000|
|  57|0x0000000703900000, 0x00000007039bfea0, 0x0000000703a00000| 74%| O|  |TS  0|AC  0|TAMS 0x0000000703900000, 0x0000000703900000|
|  58|0x0000000703a00000, 0x0000000703b00000, 0x0000000703b00000|100%| O|  |TS  0|AC  0|TAMS 0x0000000703a00000, 0x0000000703a00000|
|  59|0x0000000703b00000, 0x0000000703bffff0, 0x0000000703c00000| 99%| O|  |TS  0|AC  0|TAMS 0x0000000703b00000, 0x0000000703b00000|
|  60|0x0000000703c00000, 0x0000000703cfffe8, 0x0000000703d00000| 99%| O|  |TS  0|AC  0|TAMS 0x0000000703c00000, 0x0000000703c00000|
|  61|0x0000000703d00000, 0x0000000703dffff8, 0x0000000703e00000| 99%| O|  |TS  0|AC  0|TAMS 0x0000000703d00000, 0x0000000703d00000|
|  62|0x0000000703e00000, 0x0000000703f00000, 0x0000000703f00000|100%|HS|  |TS  0|AC  0|TAMS 0x0000000703e00000, 0x0000000703e00000|
|  63|0x0000000703f00000, 0x0000000703f5e3a8, 0x0000000704000000| 36%| O|  |TS  0|AC  0|TAMS 0x0000000703f00000, 0x0000000703f00000|
|  64|0x0000000704000000, 0x0000000704100000, 0x0000000704100000|100%|HS|  |TS  0|AC  0|TAMS 0x0000000704000000, 0x0000000704000000|
|  65|0x0000000704100000, 0x0000000704200000, 0x0000000704200000|100%|HC|  |TS  0|AC  0|TAMS 0x0000000704100000, 0x0000000704100000|
|  66|0x0000000704200000, 0x0000000704300000, 0x0000000704300000|100%|HS|  |TS  0|AC  0|TAMS 0x0000000704200000, 0x0000000704200000|
|  67|0x0000000704300000, 0x0000000704400000, 0x0000000704400000|100%|HC|  |TS  0|AC  0|TAMS 0x0000000704300000, 0x0000000704300000|
|  68|0x0000000704400000, 0x0000000704400000, 0x0000000704500000|  0%| F|  |TS  0|AC  0|TAMS 0x0000000704400000, 0x0000000704400000|
|  69|0x0000000704500000, 0x0000000704500000, 0x0000000704600000|  0%| F|  |TS  0|AC  0|TAMS 0x0000000704500000, 0x0000000704500000|
|  70|0x0000000704600000, 0x0000000704600000, 0x0000000704700000|  0%| F|  |TS  0|AC  0|TAMS 0x0000000704600000, 0x0000000704600000|
|  71|0x0000000704700000, 0x0000000704700000, 0x0000000704800000|  0%| F|  |TS  0|AC  0|TAMS 0x0000000704700000, 0x0000000704700000|
|  72|0x0000000704800000, 0x0000000704800000, 0x0000000704900000|  0%| F|  |TS  0|AC  0|TAMS 0x0000000704800000, 0x0000000704800000|
|  73|0x0000000704900000, 0x0000000704900000, 0x0000000704a00000|  0%| F|  |TS  0|AC  0|TAMS 0x0000000704900000, 0x0000000704900000|
|  74|0x0000000704a00000, 0x0000000704a00000, 0x0000000704b00000|  0%| F|  |TS  0|AC  0|TAMS 0x0000000704a00000, 0x0000000704a00000|
|  75|0x0000000704b00000, 0x0000000704b00000, 0x0000000704c00000|  0%| F|  |TS  0|AC  0|TAMS 0x0000000704b00000, 0x0000000704b00000|
|  76|0x0000000704c00000, 0x0000000704c00000, 0x0000000704d00000|  0%| F|  |TS  0|AC  0|TAMS 0x0000000704c00000, 0x0000000704c00000|
|  77|0x0000000704d00000, 0x0000000704d00000, 0x0000000704e00000|  0%| F|  |TS  0|AC  0|TAMS 0x0000000704d00000, 0x0000000704d00000|
|  78|0x0000000704e00000, 0x0000000704e00000, 0x0000000704f00000|  0%| F|  |TS  0|AC  0|TAMS 0x0000000704e00000, 0x0000000704e00000|
|  79|0x0000000704f00000, 0x0000000704f00000, 0x0000000705000000|  0%| F|  |TS  0|AC  0|TAMS 0x0000000704f00000, 0x0000000704f00000|
|  80|0x0000000705000000, 0x0000000705000000, 0x0000000705100000|  0%| F|  |TS  0|AC  0|TAMS 0x0000000705000000, 0x0000000705000000|
|  81|0x0000000705100000, 0x0000000705100000, 0x0000000705200000|  0%| F|  |TS  0|AC  0|TAMS 0x0000000705100000, 0x0000000705100000|
|  82|0x0000000705200000, 0x0000000705200000, 0x0000000705300000|  0%| F|  |TS  0|AC  0|TAMS 0x0000000705200000, 0x0000000705200000|
|  83|0x0000000705300000, 0x0000000705300000, 0x0000000705400000|  0%| F|  |TS  0|AC  0|TAMS 0x0000000705300000, 0x0000000705300000|
|  84|0x0000000705400000, 0x0000000705400000, 0x0000000705500000|  0%| F|  |TS  0|AC  0|TAMS 0x0000000705400000, 0x0000000705400000|
|  85|0x0000000705500000, 0x0000000705500000, 0x0000000705600000|  0%| F|  |TS  0|AC  0|TAMS 0x0000000705500000, 0x0000000705500000|
|  86|0x0000000705600000, 0x0000000705600000, 0x0000000705700000|  0%| F|  |TS  0|AC  0|TAMS 0x0000000705600000, 0x0000000705600000|
|  87|0x0000000705700000, 0x0000000705700000, 0x0000000705800000|  0%| F|  |TS  0|AC  0|TAMS 0x0000000705700000, 0x0000000705700000|
|  88|0x0000000705800000, 0x0000000705800000, 0x0000000705900000|  0%| F|  |TS  0|AC  0|TAMS 0x0000000705800000, 0x0000000705800000|
|  89|0x0000000705900000, 0x0000000705900000, 0x0000000705a00000|  0%| F|  |TS  0|AC  0|TAMS 0x0000000705900000, 0x0000000705900000|
|  90|0x0000000705a00000, 0x0000000705a00000, 0x0000000705b00000|  0%| F|  |TS  0|AC  0|TAMS 0x0000000705a00000, 0x0000000705a00000|
|  91|0x0000000705b00000, 0x0000000705b00000, 0x0000000705c00000|  0%| F|  |TS  0|AC  0|TAMS 0x0000000705b00000, 0x0000000705b00000|
|  92|0x0000000705c00000, 0x0000000705c00000, 0x0000000705d00000|  0%| F|  |TS  0|AC  0|TAMS 0x0000000705c00000, 0x0000000705c00000|
|  93|0x0000000705d00000, 0x0000000705d00000, 0x0000000705e00000|  0%| F|  |TS  0|AC  0|TAMS 0x0000000705d00000, 0x0000000705d00000|
|  94|0x0000000705e00000, 0x0000000705e00000, 0x0000000705f00000|  0%| F|  |TS  0|AC  0|TAMS 0x0000000705e00000, 0x0000000705e00000|
|  95|0x0000000705f00000, 0x0000000705f00000, 0x0000000706000000|  0%| F|  |TS  0|AC  0|TAMS 0x0000000705f00000, 0x0000000705f00000|
|  96|0x0000000706000000, 0x0000000706000000, 0x0000000706100000|  0%| F|  |TS  0|AC  0|TAMS 0x0000000706000000, 0x0000000706000000|
|  97|0x0000000706100000, 0x0000000706100000, 0x0000000706200000|  0%| F|  |TS  0|AC  0|TAMS 0x0000000706100000, 0x0000000706100000|
|  98|0x0000000706200000, 0x0000000706200000, 0x0000000706300000|  0%| F|  |TS  0|AC  0|TAMS 0x0000000706200000, 0x0000000706200000|
|  99|0x0000000706300000, 0x0000000706300000, 0x0000000706400000|  0%| F|  |TS  0|AC  0|TAMS 0x0000000706300000, 0x0000000706300000|
| 100|0x0000000706400000, 0x0000000706400000, 0x0000000706500000|  0%| F|  |TS  0|AC  0|TAMS 0x0000000706400000, 0x0000000706400000|
| 101|0x0000000706500000, 0x0000000706500000, 0x0000000706600000|  0%| F|  |TS  0|AC  0|TAMS 0x0000000706500000, 0x0000000706500000|
| 102|0x0000000706600000, 0x0000000706600000, 0x0000000706700000|  0%| F|  |TS  0|AC  0|TAMS 0x0000000706600000, 0x0000000706600000|
| 103|0x0000000706700000, 0x0000000706700000, 0x0000000706800000|  0%| F|  |TS  0|AC  0|TAMS 0x0000000706700000, 0x0000000706700000|
| 104|0x0000000706800000, 0x0000000706800000, 0x0000000706900000|  0%| F|  |TS  0|AC  0|TAMS 0x0000000706800000, 0x0000000706800000|
| 105|0x0000000706900000, 0x0000000706900000, 0x0000000706a00000|  0%| F|  |TS  0|AC  0|TAMS 0x0000000706900000, 0x0000000706900000|
| 106|0x0000000706a00000, 0x0000000706a00000, 0x0000000706b00000|  0%| F|  |TS  0|AC  0|TAMS 0x0000000706a00000, 0x0000000706a00000|
| 107|0x0000000706b00000, 0x0000000706b00000, 0x0000000706c00000|  0%| F|  |TS  0|AC  0|TAMS 0x0000000706b00000, 0x0000000706b00000|
| 108|0x0000000706c00000, 0x0000000706c00000, 0x0000000706d00000|  0%| F|  |TS  0|AC  0|TAMS 0x0000000706c00000, 0x0000000706c00000|
| 109|0x0000000706d00000, 0x0000000706d00000, 0x0000000706e00000|  0%| F|  |TS  0|AC  0|TAMS 0x0000000706d00000, 0x0000000706d00000|
| 110|0x0000000706e00000, 0x0000000706e00000, 0x0000000706f00000|  0%| F|  |TS  0|AC  0|TAMS 0x0000000706e00000, 0x0000000706e00000|
| 111|0x0000000706f00000, 0x0000000706f00000, 0x0000000707000000|  0%| F|  |TS  0|AC  0|TAMS 0x0000000706f00000, 0x0000000706f00000|
| 112|0x0000000707000000, 0x0000000707000000, 0x0000000707100000|  0%| F|  |TS  0|AC  0|TAMS 0x0000000707000000, 0x0000000707000000|
| 113|0x0000000707100000, 0x0000000707100000, 0x0000000707200000|  0%| F|  |TS  0|AC  0|TAMS 0x0000000707100000, 0x0000000707100000|
| 114|0x0000000707200000, 0x0000000707200000, 0x0000000707300000|  0%| F|  |TS  0|AC  0|TAMS 0x0000000707200000, 0x0000000707200000|
| 115|0x0000000707300000, 0x0000000707300000, 0x0000000707400000|  0%| F|  |TS  0|AC  0|TAMS 0x0000000707300000, 0x0000000707300000|
| 116|0x0000000707400000, 0x0000000707400000, 0x0000000707500000|  0%| F|  |TS  0|AC  0|TAMS 0x0000000707400000, 0x0000000707400000|
| 117|0x0000000707500000, 0x0000000707500000, 0x0000000707600000|  0%| F|  |TS  0|AC  0|TAMS 0x0000000707500000, 0x0000000707500000|
| 118|0x0000000707600000, 0x0000000707600000, 0x0000000707700000|  0%| F|  |TS  0|AC  0|TAMS 0x0000000707600000, 0x0000000707600000|
| 119|0x0000000707700000, 0x0000000707700000, 0x0000000707800000|  0%| F|  |TS  0|AC  0|TAMS 0x0000000707700000, 0x0000000707700000|
| 120|0x0000000707800000, 0x0000000707800000, 0x0000000707900000|  0%| F|  |TS  0|AC  0|TAMS 0x0000000707800000, 0x0000000707800000|
| 121|0x0000000707900000, 0x0000000707900000, 0x0000000707a00000|  0%| F|  |TS  0|AC  0|TAMS 0x0000000707900000, 0x0000000707900000|
| 122|0x0000000707a00000, 0x0000000707a00000, 0x0000000707b00000|  0%| F|  |TS  0|AC  0|TAMS 0x0000000707a00000, 0x0000000707a00000|
| 123|0x0000000707b00000, 0x0000000707b00000, 0x0000000707c00000|  0%| F|  |TS  0|AC  0|TAMS 0x0000000707b00000, 0x0000000707b00000|
| 124|0x0000000707c00000, 0x0000000707c00000, 0x0000000707d00000|  0%| F|  |TS  0|AC  0|TAMS 0x0000000707c00000, 0x0000000707c00000|
| 125|0x0000000707d00000, 0x0000000707d00000, 0x0000000707e00000|  0%| F|  |TS  0|AC  0|TAMS 0x0000000707d00000, 0x0000000707d00000|
| 126|0x0000000707e00000, 0x0000000707e00000, 0x0000000707f00000|  0%| F|  |TS 11|AC  0|TAMS 0x0000000707e00000, 0x0000000707e00000|
| 127|0x0000000707f00000, 0x0000000707fd7128, 0x0000000708000000| 84%| S|CS|TS 11|AC  0|TAMS 0x0000000707f00000, 0x0000000707f00000|
| 128|0x0000000708000000, 0x0000000708000000, 0x0000000708100000|  0%| F|  |TS 11|AC  0|TAMS 0x0000000708000000, 0x0000000708000000|
| 129|0x0000000708100000, 0x0000000708100000, 0x0000000708200000|  0%| F|  |TS 11|AC  0|TAMS 0x0000000708100000, 0x0000000708100000|
| 130|0x0000000708200000, 0x0000000708200000, 0x0000000708300000|  0%| F|  |TS 11|AC  0|TAMS 0x0000000708200000, 0x0000000708200000|
| 131|0x0000000708300000, 0x0000000708300000, 0x0000000708400000|  0%| F|  |TS 11|AC  0|TAMS 0x0000000708300000, 0x0000000708300000|
| 132|0x0000000708400000, 0x0000000708400000, 0x0000000708500000|  0%| F|  |TS 11|AC  0|TAMS 0x0000000708400000, 0x0000000708400000|
| 133|0x0000000708500000, 0x0000000708500000, 0x0000000708600000|  0%| F|  |TS 11|AC  0|TAMS 0x0000000708500000, 0x0000000708500000|
| 134|0x0000000708600000, 0x0000000708600000, 0x0000000708700000|  0%| F|  |TS 11|AC  0|TAMS 0x0000000708600000, 0x0000000708600000|
| 135|0x0000000708700000, 0x0000000708700000, 0x0000000708800000|  0%| F|  |TS 11|AC  0|TAMS 0x0000000708700000, 0x0000000708700000|
| 136|0x0000000708800000, 0x0000000708800000, 0x0000000708900000|  0%| F|  |TS 11|AC  0|TAMS 0x0000000708800000, 0x0000000708800000|
| 137|0x0000000708900000, 0x0000000708900000, 0x0000000708a00000|  0%| F|  |TS 11|AC  0|TAMS 0x0000000708900000, 0x0000000708900000|
| 138|0x0000000708a00000, 0x0000000708a00000, 0x0000000708b00000|  0%| F|  |TS 11|AC  0|TAMS 0x0000000708a00000, 0x0000000708a00000|
| 139|0x0000000708b00000, 0x0000000708b00000, 0x0000000708c00000|  0%| F|  |TS 11|AC  0|TAMS 0x0000000708b00000, 0x0000000708b00000|
| 140|0x0000000708c00000, 0x0000000708c200c0, 0x0000000708d00000| 12%| E|  |TS 11|AC  0|TAMS 0x0000000708c00000, 0x0000000708c00000|
| 141|0x0000000708d00000, 0x0000000708e00000, 0x0000000708e00000|100%| E|CS|TS 11|AC  0|TAMS 0x0000000708d00000, 0x0000000708d00000|
| 142|0x0000000708e00000, 0x0000000708f00000, 0x0000000708f00000|100%| E|CS|TS 11|AC  0|TAMS 0x0000000708e00000, 0x0000000708e00000|
| 143|0x0000000708f00000, 0x0000000709000000, 0x0000000709000000|100%| E|CS|TS 11|AC  0|TAMS 0x0000000708f00000, 0x0000000708f00000|
| 144|0x0000000709000000, 0x0000000709100000, 0x0000000709100000|100%| E|CS|TS 11|AC  0|TAMS 0x0000000709000000, 0x0000000709000000|
| 145|0x0000000709100000, 0x0000000709200000, 0x0000000709200000|100%| E|CS|TS 11|AC  0|TAMS 0x0000000709100000, 0x0000000709100000|
| 146|0x0000000709200000, 0x0000000709300000, 0x0000000709300000|100%| E|CS|TS 11|AC  0|TAMS 0x0000000709200000, 0x0000000709200000|
| 147|0x0000000709300000, 0x0000000709400000, 0x0000000709400000|100%| E|CS|TS 11|AC  0|TAMS 0x0000000709300000, 0x0000000709300000|
| 148|0x0000000709400000, 0x0000000709500000, 0x0000000709500000|100%| E|CS|TS 11|AC  0|TAMS 0x0000000709400000, 0x0000000709400000|
| 149|0x0000000709500000, 0x0000000709600000, 0x0000000709600000|100%| E|CS|TS 11|AC  0|TAMS 0x0000000709500000, 0x0000000709500000|
| 150|0x0000000709600000, 0x0000000709700000, 0x0000000709700000|100%| E|CS|TS 11|AC  0|TAMS 0x0000000709600000, 0x0000000709600000|
| 151|0x0000000709700000, 0x0000000709800000, 0x0000000709800000|100%| E|CS|TS 11|AC  0|TAMS 0x0000000709700000, 0x0000000709700000|
| 152|0x0000000709800000, 0x0000000709900000, 0x0000000709900000|100%| E|CS|TS 11|AC  0|TAMS 0x0000000709800000, 0x0000000709800000|
| 153|0x0000000709900000, 0x0000000709a00000, 0x0000000709a00000|100%| E|CS|TS 11|AC  0|TAMS 0x0000000709900000, 0x0000000709900000|
| 154|0x0000000709a00000, 0x0000000709b00000, 0x0000000709b00000|100%| E|CS|TS 11|AC  0|TAMS 0x0000000709a00000, 0x0000000709a00000|
| 155|0x0000000709b00000, 0x0000000709c00000, 0x0000000709c00000|100%| E|CS|TS 11|AC  0|TAMS 0x0000000709b00000, 0x0000000709b00000|
| 156|0x0000000709c00000, 0x0000000709d00000, 0x0000000709d00000|100%| E|CS|TS 11|AC  0|TAMS 0x0000000709c00000, 0x0000000709c00000|
| 157|0x0000000709d00000, 0x0000000709e00000, 0x0000000709e00000|100%| E|CS|TS 11|AC  0|TAMS 0x0000000709d00000, 0x0000000709d00000|
| 158|0x0000000709e00000, 0x0000000709f00000, 0x0000000709f00000|100%| E|CS|TS 11|AC  0|TAMS 0x0000000709e00000, 0x0000000709e00000|
| 159|0x0000000709f00000, 0x000000070a000000, 0x000000070a000000|100%| E|CS|TS 11|AC  0|TAMS 0x0000000709f00000, 0x0000000709f00000|
| 160|0x000000070a000000, 0x000000070a100000, 0x000000070a100000|100%| E|CS|TS 11|AC  0|TAMS 0x000000070a000000, 0x000000070a000000|
| 161|0x000000070a100000, 0x000000070a200000, 0x000000070a200000|100%| E|CS|TS 11|AC  0|TAMS 0x000000070a100000, 0x000000070a100000|
| 162|0x000000070a200000, 0x000000070a300000, 0x000000070a300000|100%| E|CS|TS 11|AC  0|TAMS 0x000000070a200000, 0x000000070a200000|
| 163|0x000000070a300000, 0x000000070a400000, 0x000000070a400000|100%| E|CS|TS 11|AC  0|TAMS 0x000000070a300000, 0x000000070a300000|
| 164|0x000000070a400000, 0x000000070a500000, 0x000000070a500000|100%| E|CS|TS 11|AC  0|TAMS 0x000000070a400000, 0x000000070a400000|
| 165|0x000000070a500000, 0x000000070a600000, 0x000000070a600000|100%| E|CS|TS 11|AC  0|TAMS 0x000000070a500000, 0x000000070a500000|
| 166|0x000000070a600000, 0x000000070a700000, 0x000000070a700000|100%| E|CS|TS 11|AC  0|TAMS 0x000000070a600000, 0x000000070a600000|
| 167|0x000000070a700000, 0x000000070a800000, 0x000000070a800000|100%| E|CS|TS 11|AC  0|TAMS 0x000000070a700000, 0x000000070a700000|
| 168|0x000000070a800000, 0x000000070a900000, 0x000000070a900000|100%| E|CS|TS 11|AC  0|TAMS 0x000000070a800000, 0x000000070a800000|
| 169|0x000000070a900000, 0x000000070aa00000, 0x000000070aa00000|100%| E|CS|TS 11|AC  0|TAMS 0x000000070a900000, 0x000000070a900000|
| 170|0x000000070aa00000, 0x000000070ab00000, 0x000000070ab00000|100%| E|CS|TS 11|AC  0|TAMS 0x000000070aa00000, 0x000000070aa00000|
| 171|0x000000070ab00000, 0x000000070ac00000, 0x000000070ac00000|100%| E|CS|TS 11|AC  0|TAMS 0x000000070ab00000, 0x000000070ab00000|
| 172|0x000000070ac00000, 0x000000070ad00000, 0x000000070ad00000|100%| E|CS|TS 11|AC  0|TAMS 0x000000070ac00000, 0x000000070ac00000|
| 173|0x000000070ad00000, 0x000000070ae00000, 0x000000070ae00000|100%| E|CS|TS 11|AC  0|TAMS 0x000000070ad00000, 0x000000070ad00000|
| 174|0x000000070ae00000, 0x000000070af00000, 0x000000070af00000|100%| E|CS|TS 11|AC  0|TAMS 0x000000070ae00000, 0x000000070ae00000|
| 175|0x000000070af00000, 0x000000070b000000, 0x000000070b000000|100%| E|CS|TS 11|AC  0|TAMS 0x000000070af00000, 0x000000070af00000|
| 176|0x000000070b000000, 0x000000070b100000, 0x000000070b100000|100%| E|CS|TS 11|AC  0|TAMS 0x000000070b000000, 0x000000070b000000|
| 177|0x000000070b100000, 0x000000070b200000, 0x000000070b200000|100%| E|CS|TS 11|AC  0|TAMS 0x000000070b100000, 0x000000070b100000|
| 178|0x000000070b200000, 0x000000070b300000, 0x000000070b300000|100%| E|CS|TS 11|AC  0|TAMS 0x000000070b200000, 0x000000070b200000|
| 179|0x000000070b300000, 0x000000070b400000, 0x000000070b400000|100%| E|CS|TS 11|AC  0|TAMS 0x000000070b300000, 0x000000070b300000|
| 180|0x000000070b400000, 0x000000070b500000, 0x000000070b500000|100%| E|CS|TS 11|AC  0|TAMS 0x000000070b400000, 0x000000070b400000|
| 181|0x000000070b500000, 0x000000070b600000, 0x000000070b600000|100%| E|CS|TS 11|AC  0|TAMS 0x000000070b500000, 0x000000070b500000|
| 182|0x000000070b600000, 0x000000070b700000, 0x000000070b700000|100%| E|CS|TS 11|AC  0|TAMS 0x000000070b600000, 0x000000070b600000|
| 183|0x000000070b700000, 0x000000070b800000, 0x000000070b800000|100%| E|CS|TS 11|AC  0|TAMS 0x000000070b700000, 0x000000070b700000|
| 184|0x000000070b800000, 0x000000070b900000, 0x000000070b900000|100%| E|CS|TS 11|AC  0|TAMS 0x000000070b800000, 0x000000070b800000|
| 185|0x000000070b900000, 0x000000070ba00000, 0x000000070ba00000|100%| E|CS|TS 11|AC  0|TAMS 0x000000070b900000, 0x000000070b900000|
| 186|0x000000070ba00000, 0x000000070bb00000, 0x000000070bb00000|100%| E|CS|TS 11|AC  0|TAMS 0x000000070ba00000, 0x000000070ba00000|

Card table byte_map: [0x000002303bfb0000,0x000002303c5b0000] byte_map_base: 0x00000230387b0000

Marking Bits (Prev, Next): (CMBitMap*) 0x000002303cecb930, (CMBitMap*) 0x000002303cecb968
 Prev Bits: [0x00000230586e0000, 0x000002305b6e0000)
 Next Bits: [0x000002305b6e0000, 0x000002305e6e0000)

Polling page: 0x0000023034660000

CodeHeap 'non-profiled nmethods': size=120000Kb used=19441Kb max_used=20579Kb free=100558Kb
 bounds [0x00000230511b0000, 0x00000230525e0000, 0x00000230586e0000]
CodeHeap 'profiled nmethods': size=120000Kb used=40206Kb max_used=45941Kb free=79793Kb
 bounds [0x0000023049c80000, 0x000002304c990000, 0x00000230511b0000]
CodeHeap 'non-nmethods': size=5760Kb used=1784Kb max_used=1837Kb free=3975Kb
 bounds [0x00000230496e0000, 0x0000023049950000, 0x0000023049c80000]
 total_blobs=30108 nmethods=16537 adapters=1115
 compilation: enabled

Compilation events (10 events):
Event: 827.370 Thread 0x000002303d30d800 21032   !   3       sun.java2d.pipe.LoopPipe::getStrokeSpans (108 bytes)
Event: 827.371 Thread 0x000002303d30d800 nmethod 21032 0x0000023049f5f510 code [0x0000023049f5f780, 0x0000023049f605f0]
Event: 827.381 Thread 0x000002303d30d800 21033       3       ui.views.waveform.f.a::a (117 bytes)
Event: 827.381 Thread 0x000002303d30d800 nmethod 21033 0x000002304a01e110 code [0x000002304a01e3c0, 0x000002304a01f4e0]
Event: 827.383 Thread 0x000002303d30d800 21034       3       javax.swing.ScrollPaneLayout::adjustForHSB (84 bytes)
Event: 827.384 Thread 0x000002303d30d800 nmethod 21034 0x0000023049ea5210 code [0x0000023049ea53e0, 0x0000023049ea5810]
Event: 827.496 Thread 0x000002303d625800 21035       4       sun.java2d.SunGraphics2D::getRenderingHints (24 bytes)
Event: 827.497 Thread 0x000002303d625800 nmethod 21035 0x00000230516fdd90 code [0x00000230516fdf40, 0x00000230516fe018]
Event: 828.668 Thread 0x000002303d30d800 21036       1       ui.b.c.by::w (5 bytes)
Event: 828.668 Thread 0x000002303d30d800 nmethod 21036 0x00000230516fda10 code [0x00000230516fdbc0, 0x00000230516fdcd8]

GC Heap History (10 events):
Event: 809.717 GC heap before
{Heap before GC invocations=208 (full 83):
 garbage-first heap   total 191488K, used 124522K [0x0000000700000000, 0x00000007001005d8, 0x00000007c0000000)
  region size 1024K, 60 young (61440K), 1 survivors (1024K)
 Metaspace       used 84175K, capacity 90555K, committed 90696K, reserved 1128448K
  class space    used 11485K, capacity 12608K, committed 12616K, reserved 1048576K
}
Event: 809.718 GC heap after
{Heap after GC invocations=209 (full 83):
 garbage-first heap   total 191488K, used 63930K [0x0000000700000000, 0x00000007001005d8, 0x00000007c0000000)
  region size 1024K, 1 young (1024K), 1 survivors (1024K)
 Metaspace       used 84175K, capacity 90555K, committed 90696K, reserved 1128448K
  class space    used 11485K, capacity 12608K, committed 12616K, reserved 1048576K
}
Event: 822.754 GC heap before
{Heap before GC invocations=209 (full 83):
 garbage-first heap   total 191488K, used 124346K [0x0000000700000000, 0x00000007001005d8, 0x00000007c0000000)
  region size 1024K, 60 young (61440K), 1 survivors (1024K)
 Metaspace       used 84251K, capacity 90619K, committed 90696K, reserved 1128448K
  class space    used 11485K, capacity 12608K, committed 12616K, reserved 1048576K
}
Event: 822.757 GC heap after
{Heap after GC invocations=210 (full 83):
 garbage-first heap   total 191488K, used 64250K [0x0000000700000000, 0x00000007001005d8, 0x00000007c0000000)
  region size 1024K, 1 young (1024K), 1 survivors (1024K)
 Metaspace       used 84251K, capacity 90619K, committed 90696K, reserved 1128448K
  class space    used 11485K, capacity 12608K, committed 12616K, reserved 1048576K
}
Event: 823.305 GC heap before
{Heap before GC invocations=210 (full 83):
 garbage-first heap   total 191488K, used 124666K [0x0000000700000000, 0x00000007001005d8, 0x00000007c0000000)
  region size 1024K, 60 young (61440K), 1 survivors (1024K)
 Metaspace       used 84253K, capacity 90619K, committed 90696K, reserved 1128448K
  class space    used 11485K, capacity 12608K, committed 12616K, reserved 1048576K
}
Event: 823.307 GC heap after
{Heap after GC invocations=211 (full 83):
 garbage-first heap   total 191488K, used 64168K [0x0000000700000000, 0x00000007001005d8, 0x00000007c0000000)
  region size 1024K, 1 young (1024K), 1 survivors (1024K)
 Metaspace       used 84253K, capacity 90619K, committed 90696K, reserved 1128448K
  class space    used 11485K, capacity 12608K, committed 12616K, reserved 1048576K
}
Event: 823.481 GC heap before
{Heap before GC invocations=211 (full 83):
 garbage-first heap   total 191488K, used 124584K [0x0000000700000000, 0x00000007001005d8, 0x00000007c0000000)
  region size 1024K, 60 young (61440K), 1 survivors (1024K)
 Metaspace       used 84271K, capacity 90619K, committed 90696K, reserved 1128448K
  class space    used 11485K, capacity 12608K, committed 12616K, reserved 1048576K
}
Event: 823.484 GC heap after
{Heap after GC invocations=212 (full 83):
 garbage-first heap   total 191488K, used 64275K [0x0000000700000000, 0x00000007001005d8, 0x00000007c0000000)
  region size 1024K, 1 young (1024K), 1 survivors (1024K)
 Metaspace       used 84271K, capacity 90619K, committed 90696K, reserved 1128448K
  class space    used 11485K, capacity 12608K, committed 12616K, reserved 1048576K
}
Event: 826.307 GC heap before
{Heap before GC invocations=212 (full 83):
 garbage-first heap   total 191488K, used 124691K [0x0000000700000000, 0x00000007001005d8, 0x00000007c0000000)
  region size 1024K, 60 young (61440K), 1 survivors (1024K)
 Metaspace       used 84279K, capacity 90619K, committed 90696K, reserved 1128448K
  class space    used 11485K, capacity 12608K, committed 12616K, reserved 1048576K
}
Event: 826.310 GC heap after
{Heap after GC invocations=213 (full 83):
 garbage-first heap   total 191488K, used 64536K [0x0000000700000000, 0x00000007001005d8, 0x00000007c0000000)
  region size 1024K, 1 young (1024K), 1 survivors (1024K)
 Metaspace       used 84279K, capacity 90619K, committed 90696K, reserved 1128448K
  class space    used 11485K, capacity 12608K, committed 12616K, reserved 1048576K
}

Deoptimization events (10 events):
Event: 783.736 Thread 0x000002305f444800 Uncommon trap: reason=unstable_if action=reinterpret pc=0x0000023051fb9450 method=sun.java2d.pipe.LoopPipe.getStrokeSpans(Lsun/java2d/SunGraphics2D;Ljava/awt/Shape;)Lsun/java2d/pipe/ShapeSpanIterator; @ 35 c2
Event: 792.325 Thread 0x000002305f444800 Uncommon trap: reason=bimorphic_or_optimized_type_check action=maybe_recompile pc=0x000002305174a868 method=javax.swing.ToolTipManager.mouseMoved(Ljava/awt/event/MouseEvent;)V @ 49 c2
Event: 792.637 Thread 0x000002305f444800 Uncommon trap: reason=bimorphic_or_optimized_type_check action=maybe_recompile pc=0x000002305174a868 method=javax.swing.ToolTipManager.mouseMoved(Ljava/awt/event/MouseEvent;)V @ 49 c2
Event: 792.765 Thread 0x000002305f444800 Uncommon trap: reason=bimorphic_or_optimized_type_check action=maybe_recompile pc=0x000002305174a868 method=javax.swing.ToolTipManager.mouseMoved(Ljava/awt/event/MouseEvent;)V @ 49 c2
Event: 797.471 Thread 0x000002305f444800 Uncommon trap: reason=unstable_if action=reinterpret pc=0x0000023051e74b5c method=java.io.ByteArrayInputStream.read([BII)I @ 70 c2
Event: 800.942 Thread 0x000002305f444800 Uncommon trap: reason=class_check action=maybe_recompile pc=0x000002305251c11c method=ui.utils.i.j.ab.b(Ljavax/swing/JTable;IIZ)I @ 3 c2
Event: 801.444 Thread 0x000002305f444800 Uncommon trap: reason=class_check action=maybe_recompile pc=0x00000230518f74ec method=java.lang.Throwable.<init>()V @ 24 c2
Event: 801.444 Thread 0x000002305f444800 Uncommon trap: reason=class_check action=maybe_recompile pc=0x00000230522c5964 method=java.awt.LightweightDispatcher.retargetMouseEnterExit(Ljava/awt/Component;Ljava/awt/event/MouseEvent;Ljava/awt/Component;Z)Ljava/awt/Component; @ 73 c2
Event: 801.644 Thread 0x000002305f444800 Uncommon trap: reason=class_check action=maybe_recompile pc=0x00000230518f74ec method=java.lang.Throwable.<init>()V @ 24 c2
Event: 810.414 Thread 0x000002305f444800 Uncommon trap: reason=unstable_if action=reinterpret pc=0x0000023051b0ef48 method=ui.views.O.a.a(Ljava/awt/event/MouseEvent;Lui/views/d/b;)V @ 88 c2

Classes redefined (0 events):
No events

Internal exceptions (10 events):
Event: 216.995 Thread 0x000002305f444800 Exception <a 'java/lang/NoSuchMethodError'{0x000000070b355bf0}: java.lang.invoke.DirectMethodHandle$Holder.invokeStatic(Ljava/lang/Object;Ljava/lang/Object;ILjava/lang/Object;)Ljava/lang/Object;> (0x000000070b355bf0) thrown at [t:/workspace/hotspot/src/sh
Event: 236.412 Thread 0x000002306a300000 Exception <a 'java/lang/InterruptedException'{0x0000000708004728}: sleep interrupted> (0x0000000708004728) thrown at [t:/workspace/hotspot/src/share/vm/prims/jvm.cpp, line 3023]
Event: 326.502 Thread 0x000002305f444800 Exception <a 'java/lang/NoSuchMethodError'{0x00000007089fb508}: java.lang.invoke.DelegatingMethodHandle$Holder.reinvoke_L(Ljava/lang/Object;Ljava/lang/Object;J)Ljava/lang/Object;> (0x00000007089fb508) thrown at [t:/workspace/hotspot/src/share/vm/interpret
Event: 536.070 Thread 0x000002305f444800 Implicit null exception at 0x0000023051b903c8 to 0x0000023051b91f11
Event: 542.901 Thread 0x000002305f444800 Implicit null exception at 0x0000023051be5310 to 0x0000023051be5374
Event: 652.252 Thread 0x000002306a2f9000 Exception <a 'java/lang/InterruptedException'{0x000000070b380840}: sleep interrupted> (0x000000070b380840) thrown at [t:/workspace/hotspot/src/share/vm/prims/jvm.cpp, line 3023]
Event: 715.551 Thread 0x000002305f444800 Implicit null exception at 0x000002305243f1cc to 0x00000230524431e1
Event: 769.345 Thread 0x000002305f444800 Exception <a 'java/lang/NoSuchMethodError'{0x00000007092c58e8}: java.lang.invoke.DirectMethodHandle$Holder.invokeSpecial(Ljava/lang/Object;Ljava/lang/Object;IILjava/lang/Object;JI)Ljava/lang/Object;> (0x00000007092c58e8) thrown at [t:/workspace/hotspot/sr
Event: 769.345 Thread 0x000002305f444800 Exception <a 'java/lang/NoSuchMethodError'{0x00000007092c8fb8}: java.lang.invoke.DelegatingMethodHandle$Holder.reinvoke_L(Ljava/lang/Object;IILjava/lang/Object;JI)Ljava/lang/Object;> (0x00000007092c8fb8) thrown at [t:/workspace/hotspot/src/share/vm/interp
Event: 769.345 Thread 0x000002305f444800 Exception <a 'java/lang/NoSuchMethodError'{0x00000007092e3bf8}: method resolution failed> (0x00000007092e3bf8) thrown at [t:/workspace/hotspot/src/share/vm/prims/methodHandles.cpp, line 1256]

Events (10 events):
Event: 824.315 Executing VM operation: BulkRevokeBias
Event: 824.315 Executing VM operation: BulkRevokeBias done
Event: 825.888 Thread 0x000002306a2f8800 Thread added: 0x000002306a2f8800
Event: 825.903 Thread 0x000002306a2f8800 Thread exited: 0x000002306a2f8800
Event: 826.307 Executing VM operation: G1IncCollectionPause
Event: 826.310 Executing VM operation: G1IncCollectionPause done
Event: 827.361 Thread 0x000002305f444800 DEOPT PACKING pc=0x000002304af20dda sp=0x000000d2162fd1c0
Event: 827.361 Thread 0x000002305f444800 DEOPT UNPACKING pc=0x000002304972dd3f sp=0x000000d2162fc600 mode 0
Event: 827.888 Thread 0x000002306a2f8800 Thread added: 0x000002306a2f8800
Event: 827.904 Thread 0x000002306a2f8800 Thread exited: 0x000002306a2f8800


Dynamic libraries:
0x00007ff73add0000 - 0x00007ff73ae00000 	C:\Xilinx\Vivado\2019.1\bin\unwrapped\win64.o\vivado.exe
0x00007fff72960000 - 0x00007fff72b4c000 	C:\Windows\SYSTEM32\ntdll.dll
0x00007fff6fd90000 - 0x00007fff6fe43000 	C:\Windows\System32\KERNEL32.DLL
0x00007fff6eb70000 - 0x00007fff6ee04000 	C:\Windows\System32\KERNELBASE.dll
0x00007fff6eeb0000 - 0x00007fff6efaa000 	C:\Windows\System32\ucrtbase.dll
0x00007fff5f0a0000 - 0x00007fff5f131000 	C:\Windows\SYSTEM32\MSVCP140.dll
0x00007fff6afa0000 - 0x00007fff6afb4000 	C:\Xilinx\Vivado\2019.1\lib\win64.o\libboost_signals.dll
0x00007fff69610000 - 0x00007fff69624000 	C:\Xilinx\Vivado\2019.1\lib\win64.o\librdi_commonmain.dll
0x00007fff0c650000 - 0x00007fff0d532000 	C:\Xilinx\Vivado\2019.1\lib\win64.o\librdi_common.dll
0x00007fff5efd0000 - 0x00007fff5efe9000 	C:\Windows\SYSTEM32\VCRUNTIME140.dll
0x00007fff71600000 - 0x00007fff71797000 	C:\Windows\System32\USER32.dll
0x00007fff6f7b0000 - 0x00007fff6f7d0000 	C:\Windows\System32\win32u.dll
0x00007fff5efb0000 - 0x00007fff5efbc000 	C:\Windows\SYSTEM32\VCRUNTIME140_1.dll
0x00007fff71e80000 - 0x00007fff71ea9000 	C:\Windows\System32\GDI32.dll
0x00007fff6f9c0000 - 0x00007fff6fb5c000 	C:\Windows\System32\gdi32full.dll
0x00007fff6ee10000 - 0x00007fff6eeb0000 	C:\Windows\System32\msvcp_win.dll
0x00007fff69230000 - 0x00007fff69256000 	C:\Xilinx\Vivado\2019.1\lib\win64.o\libboost_filesystem.dll
0x00007fff72410000 - 0x00007fff724b3000 	C:\Windows\System32\ADVAPI32.dll
0x00007fff695e0000 - 0x00007fff695ea000 	C:\Xilinx\Vivado\2019.1\lib\win64.o\librdi_commonversion.dll
0x00007fff724c0000 - 0x00007fff7255e000 	C:\Windows\System32\msvcrt.dll
0x00007fff6ffc0000 - 0x00007fff714b9000 	C:\Windows\System32\SHELL32.dll
0x00007fff6fb60000 - 0x00007fff6fbfe000 	C:\Windows\System32\sechost.dll
0x00007fff6ea40000 - 0x00007fff6ea8a000 	C:\Windows\System32\cfgmgr32.dll
0x00007fff71cb0000 - 0x00007fff71dcf000 	C:\Windows\System32\RPCRT4.dll
0x00007fff71dd0000 - 0x00007fff71e78000 	C:\Windows\System32\shcore.dll
0x00007fff2b290000 - 0x00007fff2b5fe000 	C:\Xilinx\Vivado\2019.1\lib\win64.o\libCOIN-all.dll
0x00007fff725c0000 - 0x00007fff728ed000 	C:\Windows\System32\combase.dll
0x00007fff69370000 - 0x00007fff69384000 	C:\Xilinx\Vivado\2019.1\lib\win64.o\libboost_date_time.dll
0x00007fff6eaf0000 - 0x00007fff6eb6f000 	C:\Windows\System32\bcryptPrimitives.dll
0x00007fff6f060000 - 0x00007fff6f7ab000 	C:\Windows\System32\windows.storage.dll
0x00007fff2e420000 - 0x00007fff2e541000 	C:\Xilinx\Vivado\2019.1\lib\win64.o\librdi_commonxillic.dll
0x00007fff6e940000 - 0x00007fff6e964000 	C:\Windows\System32\profapi.dll
0x00007fff6e990000 - 0x00007fff6e9ed000 	C:\Windows\System32\powrprof.dll
0x000000006b060000 - 0x000000006b18b000 	C:\Xilinx\Vivado\2019.1\lib\win64.o\tcl85t.dll
0x00007fff71f50000 - 0x00007fff71fa2000 	C:\Windows\System32\shlwapi.dll
0x00007fff71ee0000 - 0x00007fff71f4d000 	C:\Windows\System32\WS2_32.dll
0x00007fff6e970000 - 0x00007fff6e981000 	C:\Windows\System32\kernel.appcore.dll
0x00007fff6ea20000 - 0x00007fff6ea37000 	C:\Windows\System32\cryptsp.dll
0x00007fff68260000 - 0x00007fff682df000 	C:\Xilinx\Vivado\2019.1\lib\win64.o\libboost_program_options.dll
0x00007fff2b170000 - 0x00007fff2b284000 	C:\Xilinx\Vivado\2019.1\lib\win64.o\libboost_regex.dll
0x00007fff69310000 - 0x00007fff6931b000 	C:\Xilinx\Vivado\2019.1\lib\win64.o\libboost_system.dll
0x00007fff69200000 - 0x00007fff69221000 	C:\Xilinx\Vivado\2019.1\lib\win64.o\libboost_thread.dll
0x00007fff691f0000 - 0x00007fff691ff000 	C:\Xilinx\Vivado\2019.1\lib\win64.o\libboost_xilinx.dll
0x00007fff4af40000 - 0x00007fff4afc2000 	C:\Xilinx\Vivado\2019.1\lib\win64.o\libhdlpsolve.dll
0x00007fff38c20000 - 0x00007fff38cc5000 	C:\Xilinx\Vivado\2019.1\lib\win64.o\libhdxml.dll
0x00007fff687e0000 - 0x00007fff68845000 	C:\Xilinx\Vivado\2019.1\lib\win64.o\liblmx6.0.dll
0x00007fff683b0000 - 0x00007fff683de000 	C:\Xilinx\Vivado\2019.1\lib\win64.o\libisl_sysinfo.dll
0x00007fff68bc0000 - 0x00007fff68bda000 	C:\Xilinx\Vivado\2019.1\lib\win64.o\pthreadVC2.dll
0x00007fff0baa0000 - 0x00007fff0c64f400 	C:\Xilinx\Vivado\2019.1\lib\win64.o\libisl_iostreams.dll
0x00007fff68390000 - 0x00007fff683ac000 	C:\Xilinx\Vivado\2019.1\lib\win64.o\librdiconfig.dll
0x00007fff67880000 - 0x00007fff678a1000 	C:\Xilinx\Vivado\2019.1\lib\win64.o\librdizlib.dll
0x0000000012000000 - 0x0000000012270000 	C:\Xilinx\Vivado\2019.1\lib\win64.o\xerces-c_3_1.dll
0x00007fff5f4f0000 - 0x00007fff5f507000 	C:\Windows\SYSTEM32\NETAPI32.dll
0x00007fff54ee0000 - 0x00007fff553c1000 	C:\Windows\SYSTEM32\WININET.dll
0x00007fff69880000 - 0x00007fff6997c000 	C:\Windows\SYSTEM32\WINHTTP.dll
0x00007fff615d0000 - 0x00007fff617a8000 	C:\Windows\SYSTEM32\urlmon.dll
0x00007fff2ae90000 - 0x00007fff2b168000 	C:\Xilinx\Vivado\2019.1\lib\win64.o\libXil_lmgr11.dll
0x00007fff722c0000 - 0x00007fff723e7000 	C:\Windows\System32\COMDLG32.dll
0x00007fff5efc0000 - 0x00007fff5efc9000 	C:\Windows\SYSTEM32\WSOCK32.dll
0x00007fff55540000 - 0x00007fff55569000 	C:\Windows\SYSTEM32\VCOMP140.DLL
0x00007fff0ac00000 - 0x00007fff0ba91000 	C:\Xilinx\Vivado\2019.1\lib\win64.o\gurobi65.dll
0x00007fff6fcb0000 - 0x00007fff6fd74000 	C:\Windows\System32\OLEAUT32.dll
0x00007fff72160000 - 0x00007fff722b6000 	C:\Windows\System32\ole32.dll
0x00007fff6ea90000 - 0x00007fff6eae9000 	C:\Windows\System32\WINTRUST.dll
0x00007fff691e0000 - 0x00007fff691ed000 	C:\Xilinx\Vivado\2019.1\lib\win64.o\libboost_chrono.dll
0x00007fff6e920000 - 0x00007fff6e932000 	C:\Windows\System32\MSASN1.dll
0x00007fff6f7d0000 - 0x00007fff6f9b3000 	C:\Windows\System32\CRYPT32.dll
0x00007fff68240000 - 0x00007fff6825b000 	C:\Xilinx\Vivado\2019.1\lib\win64.o\libboost_iostreams.dll
0x00007fff4af10000 - 0x00007fff4af35000 	C:\Xilinx\Vivado\2019.1\lib\win64.o\libisl_iosutils.dll
0x00007fff60850000 - 0x00007fff60af9000 	C:\Windows\SYSTEM32\iertutil.dll
0x00007fff5eff0000 - 0x00007fff5f099000 	C:\Windows\WinSxS\amd64_microsoft.windows.common-controls_6595b64144ccf1df_5.82.17763.1879_none_6d0b791059f51618\COMCTL32.dll
0x00007fff69de0000 - 0x00007fff69dfc000 	C:\Windows\SYSTEM32\dhcpcsvc.DLL
0x00007fff728f0000 - 0x00007fff728f8000 	C:\Windows\System32\NSI.dll
0x00007fff6df30000 - 0x00007fff6df3e000 	C:\Windows\SYSTEM32\NETUTILS.DLL
0x00007fff6e330000 - 0x00007fff6e33c000 	C:\Windows\SYSTEM32\CRYPTBASE.DLL
0x00007fff71eb0000 - 0x00007fff71ede000 	C:\Windows\System32\IMM32.DLL
0x00007fff113d0000 - 0x00007fff118e7000 	C:\Xilinx\Vivado\2019.1\lib\win64.o\librdi_commontasks.dll
0x00007fff68640000 - 0x00007fff6864a000 	C:\Windows\SYSTEM32\VERSION.dll
0x000000006a630000 - 0x000000006b055000 	C:\Xilinx\Vivado\2019.1\tps\win64\jre9.0.4\bin\server\jvm.dll
0x00007fff6fd80000 - 0x00007fff6fd88000 	C:\Windows\System32\PSAPI.DLL
0x00007fff20a00000 - 0x00007fff20c86000 	C:\Xilinx\Vivado\2019.1\lib\win64.o\librdi_sio.dll
0x00007fff6c7e0000 - 0x00007fff6c804000 	C:\Windows\SYSTEM32\WINMM.dll
0x00007fff5ec30000 - 0x00007fff5ed1f000 	C:\Windows\SYSTEM32\MSVCR120.dll
0x00007fff6de20000 - 0x00007fff6de5d000 	C:\Windows\SYSTEM32\IPHLPAPI.DLL
0x00007fff6c7b0000 - 0x00007fff6c7dd000 	C:\Windows\SYSTEM32\WINMMBASE.dll
0x00007fff6e100000 - 0x00007fff6e167000 	C:\Windows\SYSTEM32\MSWSOCK.DLL
0x00007fff08740000 - 0x00007fff0abfc000 	C:\Xilinx\Vivado\2019.1\lib\win64.o\librdi_tcltasks.dll
0x00007fff38b40000 - 0x00007fff38bb8000 	C:\Xilinx\Vivado\2019.1\lib\win64.o\librdi_boarddep.dll
0x00007fff0d990000 - 0x00007fff0dd98000 	C:\Xilinx\Vivado\2019.1\lib\win64.o\librdi_bitstream.dll
0x00007fff35030000 - 0x00007fff3511b000 	C:\Xilinx\Vivado\2019.1\lib\win64.o\librdi_chipscope.dll
0x00007fff11230000 - 0x00007fff113c1000 	C:\Xilinx\Vivado\2019.1\lib\win64.o\librdi_board.dll
0x00007fff2aa60000 - 0x00007fff2abb6000 	C:\Xilinx\Vivado\2019.1\lib\win64.o\librdi_containers.dll
0x00007fff0d7d0000 - 0x00007fff0d98d000 	C:\Xilinx\Vivado\2019.1\lib\win64.o\librdi_chipscopeimpl.dll
0x00007fff06d50000 - 0x00007fff0873a000 	C:\Xilinx\Vivado\2019.1\lib\win64.o\librdi_constraints.dll
0x00007fff047b0000 - 0x00007fff04e8a000 	C:\Xilinx\Vivado\2019.1\lib\win64.o\librdi_coregenipxact.dll
0x00007fff04e90000 - 0x00007fff06d41000 	C:\Xilinx\Vivado\2019.1\lib\win64.o\librdi_coregen.dll
0x00007ffeee010000 - 0x00007ffeee32e000 	C:\Xilinx\Vivado\2019.1\lib\win64.o\librdi_dlyest.dll
0x00007ffeeda70000 - 0x00007ffeee00a000 	C:\Xilinx\Vivado\2019.1\lib\win64.o\librdi_drc.dll
0x00007fff2e350000 - 0x00007fff2e414000 	C:\Xilinx\Vivado\2019.1\lib\win64.o\librdi_dsp.dll
0x00007ffeed130000 - 0x00007ffeed413000 	C:\Xilinx\Vivado\2019.1\lib\win64.o\librdi_guitools.dll
0x00007fff00760000 - 0x00007fff047a3000 	C:\Xilinx\Vivado\2019.1\lib\win64.o\librdi_designutils.dll
0x00007fff453d0000 - 0x00007fff45435000 	C:\Xilinx\Vivado\2019.1\lib\win64.o\librdi_hdf.dll
0x00007ffeed420000 - 0x00007ffeeda6d000 	C:\Xilinx\Vivado\2019.1\lib\win64.o\librdi_filemgmt.dll
0x00007ffeee330000 - 0x00007fff0075c000 	C:\Xilinx\Vivado\2019.1\lib\win64.o\librdi_device.dll
0x00007ffeecb10000 - 0x00007ffeed125000 	C:\Xilinx\Vivado\2019.1\lib\win64.o\librdi_memdata.dll
0x00007fff35810000 - 0x00007fff35883000 	C:\Xilinx\Vivado\2019.1\lib\win64.o\librdi_memoryarray.dll
0x00007fff45340000 - 0x00007fff4538b000 	C:\Xilinx\Vivado\2019.1\lib\win64.o\librdi_pfi.dll
0x00007ffeeb550000 - 0x00007ffeecb10000 	C:\Xilinx\Vivado\2019.1\lib\win64.o\librdi_implflow.dll
0x00007ffee81b0000 - 0x00007ffee8852000 	C:\Xilinx\Vivado\2019.1\lib\win64.o\librdi_netlist.dll
0x00007ffee5820000 - 0x00007ffee5b2f000 	C:\Xilinx\Vivado\2019.1\lib\win64.o\librdi_platform.dll
0x00007ffee50d0000 - 0x00007ffee581a000 	C:\Xilinx\Vivado\2019.1\lib\win64.o\librdi_power.dll
0x00007ffee4b50000 - 0x00007ffee50cf000 	C:\Xilinx\Vivado\2019.1\lib\win64.o\librdi_project.dll
0x00007ffee3d30000 - 0x00007ffee4436000 	C:\Xilinx\Vivado\2019.1\lib\win64.o\librdi_rsb.dll
0x00007ffee4440000 - 0x00007ffee4b49000 	C:\Xilinx\Vivado\2019.1\lib\win64.o\librdi_psta.dll
0x00007fff21e60000 - 0x00007fff21f5a000 	C:\Xilinx\Vivado\2019.1\lib\win64.o\librdi_runsbase.dll
0x00007ffee3930000 - 0x00007ffee3d21000 	C:\Xilinx\Vivado\2019.1\lib\win64.o\librdi_runs.dll
0x00007ffee36d0000 - 0x00007ffee3926000 	C:\Xilinx\Vivado\2019.1\lib\win64.o\librdi_simdata.dll
0x00007ffee5b30000 - 0x00007ffee81a6000 	C:\Xilinx\Vivado\2019.1\lib\win64.o\librdi_place.dll
0x00007ffee2730000 - 0x00007ffee28a2000 	C:\Xilinx\Vivado\2019.1\lib\win64.o\librdi_advchipscopeimpl.dll
0x00007ffee8860000 - 0x00007ffeeb546000 	C:\Xilinx\Vivado\2019.1\lib\win64.o\librdi_mig.dll
0x00007ffee28b0000 - 0x00007ffee36c1000 	C:\Xilinx\Vivado\2019.1\lib\win64.o\librdi_timing.dll
0x00007fff3d110000 - 0x00007fff3d15c000 	C:\Xilinx\Vivado\2019.1\lib\win64.o\libboost_serialization.dll
0x00007ffee2590000 - 0x00007ffee272f000 	C:\Xilinx\Vivado\2019.1\lib\win64.o\librdi_hip_devdesign.dll
0x00007fff2a430000 - 0x00007fff2a4f2000 	C:\Xilinx\Vivado\2019.1\lib\win64.o\librdi_ipconfig_readwrite.dll
0x00007fff33360000 - 0x00007fff333a3000 	C:\Xilinx\Vivado\2019.1\lib\win64.o\librdi_noc_frameworks.dll
0x00007fff30810000 - 0x00007fff308ae000 	C:\Xilinx\Vivado\2019.1\lib\win64.o\libise.dll
0x00007ffee1a40000 - 0x00007ffee2587000 	C:\Xilinx\Vivado\2019.1\lib\win64.o\libverific.dll
0x00007fff40bc0000 - 0x00007fff40c00000 	C:\Xilinx\Vivado\2019.1\lib\win64.o\librdi_wavedata_SimpleApi.dll

VM Arguments:
jvm_args: -Dsun.java2d.pmoffscreen=false -Dsun.java2d.xrender=false -Dsun.java2d.d3d=false -Dsun.awt.nopixfmt=true -Dsun.java2d.dpiaware=true -Dsun.java2d.uiScale.enabled=false -Xverify:none -Dswing.aatext=true -XX:-UsePerfData -Djdk.map.althashing.threshold=512 -XX:StringTableSize=4072 --add-opens=java.base/java.nio=ALL-UNNAMED --add-opens=java.desktop/sun.swing=ALL-UNNAMED --add-opens=java.desktop/javax.swing=ALL-UNNAMED --add-opens=java.desktop/javax.swing.tree=ALL-UNNAMED --add-opens=java.desktop/javax.swing.plaf.basic=ALL-UNNAMED --add-opens=java.desktop/javax.swing.plaf.synth=ALL-UNNAMED --add-opens=java.desktop/com.sun.awt=ALL-UNNAMED -XX:NewSize=60m -XX:MaxNewSize=60m -Xms128m -Xmx3072m -Xss5m 
java_command: <unknown>
java_class_path (initial): C:/Xilinx/Vivado/2019.1\lib\classes\alloy.jar;C:/Xilinx/Vivado/2019.1\lib\classes\autopilot.scelaborator.jar;C:/Xilinx/Vivado/2019.1\lib\classes\autopilot.sourceprocessor.jar;C:/Xilinx/Vivado/2019.1\lib\classes\autopilot.tbprocessor.jar;C:/Xilinx/Vivado/2019.1\lib\classes\batik-anim.jar;C:/Xilinx/Vivado/2019.1\lib\classes\batik-awt-util.jar;C:/Xilinx/Vivado/2019.1\lib\classes\batik-bridge.jar;C:/Xilinx/Vivado/2019.1\lib\classes\batik-codec.jar;C:/Xilinx/Vivado/2019.1\lib\classes\batik-css.jar;C:/Xilinx/Vivado/2019.1\lib\classes\batik-dom.jar;C:/Xilinx/Vivado/2019.1\lib\classes\batik-ext.jar;C:/Xilinx/Vivado/2019.1\lib\classes\batik-gui-util.jar;C:/Xilinx/Vivado/2019.1\lib\classes\batik-gvt.jar;C:/Xilinx/Vivado/2019.1\lib\classes\batik-parser.jar;C:/Xilinx/Vivado/2019.1\lib\classes\batik-script.jar;C:/Xilinx/Vivado/2019.1\lib\classes\batik-svg-dom.jar;C:/Xilinx/Vivado/2019.1\lib\classes\batik-swing.jar;C:/Xilinx/Vivado/2019.1\lib\classes\batik-transcoder.jar;C:/Xilinx/Vivado/2019.1\lib\classes\batik-util.jar;C:/Xilinx/Vivado/2019.1\lib\classes\batik-xml.jar;C:/Xilinx/Vivado/2019.1\lib\classes\com.google.gson_2.7.0.v20170129-0911.jar;C:/Xilinx/Vivado/2019.1\lib\classes\com.google.guava_21.0.0.v20170206-1425.jar;C:/Xilinx/Vivado/2019.1\lib\classes\com.google.inject_3.0.0.v201605172100.jar;C:/Xilinx/Vivado/2019.1\lib\classes\com.ibm.icu_4.4.2.v20110208.jar;C:/Xilinx/Vivado/2019.1\lib\classes\com.sigasi.hdt.annotations.runtime_4.3.0.201903071210.jar;C:/Xilinx/Vivado/2019.1\lib\classes\com.sigasi.hdt.blockdiagram.model_4.3.0.201903071210.jar;C:/Xilinx/Vivado/2019.1\lib\classes\com.sigasi.hdt.connection_4.3.0.201903071210.jar;C:/Xilinx/Vivado/2019.1\lib\classes\com.sigasi.hdt.dependencies.model_4.3.0.201903071210.jar;C:/Xilinx/Vivado/2019.1\lib\classes\com.sigasi.hdt.epl_4.3.0.201903071210.jar;C:/Xilinx/Vivado/2019.1\lib\classes\com.sigasi.hdt.graphics.model_4.3.0.201903071210.jar;C:/Xilinx/Vivado/2019.1\lib\classes\com.sigasi.hdt.project_4.3.0
Launcher Type: generic

Logging:
Log output configuration:
#0: stdout all=warning uptime,level,tags
#1: stderr all=off uptime,level,tags

Environment Variables:
PATH=C:/Xilinx/Vivado/2019.1/bin;C:/Xilinx/Vivado/2019.1/lib/win64.o;C:/Xilinx/Vivado/2019.1/tps/win64/jre9.0.4/bin/server;C:/Xilinx/Vivado/2019.1/tps/win64/jre9.0.4/bin;C:/Xilinx/SDK/2019.1/bin;C:/Xilinx/Vivado/2019.1/ids_lite/ISE/bin/nt64;C:/Xilinx/Vivado/2019.1/ids_lite/ISE/lib/nt64;C:\Program Files (x86)\Common Files\Intel\Shared Files\fortran\bin\Intel64;C:\Program Files (x86)\Common Files\Intel\Shared Libraries\redist\intel64_win\mpirt;C:\Program Files (x86)\Common Files\Intel\Shared Libraries\redist\intel64_win\compiler;C:\Program Files\NVIDIA GPU Computing Toolkit\CUDA\v11.1\bin;C:\Program Files\NVIDIA GPU Computing Toolkit\CUDA\v11.1\libnvvp;C:\SIMULIA\Commands;C:\Program Files\Microsoft MPI\Bin\;C:\Program Files (x86)\Common Files\Oracle\Java\javapath;C:\Windows\system32;C:\Windows;C:\Windows\System32\Wbem;C:\Windows\System32\WindowsPowerShell\v1.0\;C:\Windows\System32\OpenSSH\;C:\Windows\CCM;C:\Program Files\Microsoft SQL Server\110\Tools\Binn\;C:\Program Files\dotnet\;C:\Program Files\Microsoft SQL Server\130\Tools\Binn\;C:\Program Files\Plaxis\PLAXIS 2D\python\plxpy;C:\Program Files\Microsoft VS Code\bin;C:\TDM-GCC-64\bin;C:\Program Files (x86)\IVI Foundation\VISA\WinNT\Bin\;C:\Program Files\IVI Foundation\VISA\Win64\Bin\;C:\Program Files (x86)\National Instruments\Shared\LabVIEW CLI;C:\Program Files\PuTTY\;C:\Program Files\NVIDIA Corporation\Nsight Compute 2020.2.1\;C:\Program Files (x86)\NVIDIA Corporation\PhysX\Common;C:\Program Files\Mu\bin;C:\ETAP 2000\;C:\ETAP 2000\ThirdParty\Python\Python35\;C:\ETAP 2000\ThirdParty\Python\Python35\Scripts\;C:\Program Files\Plaxis\PLAXIS 3D\python\plxpy;C:\Program Files\MATLAB\R2020b\runtime\win64;C:\Program Files\MATLAB\R2020b\bin;C:\Program Files\Microsoft SQL Server\Client SDK\ODBC\110\Tools\Binn\;C:\Program Files (x86)\Microsoft SQL Server\120\Tools\Binn\;C:\Program Files\Microsoft SQL Server\120\Tools\Binn\;C:\Program Files\Microsoft SQL Server\120\DTS\Binn\;C:\Program Files (x86)\Windows Kits\8.1\Windows Perfor
USERNAME=u1838530
OS=Windows_NT
PROCESSOR_IDENTIFIER=Intel64 Family 6 Model 60 Stepping 3, GenuineIntel



---------------  S Y S T E M  ---------------

OS: Windows 10 , 64 bit Build 17763 (10.0.17763.1879)

CPU:total 8 (initial active 8) (4 cores per cpu, 2 threads per core) family 6 model 60 stepping 3, cmov, cx8, fxsr, mmx, sse, sse2, sse3, ssse3, sse4.1, sse4.2, popcnt, avx, avx2, aes, clmul, erms, lzcnt, ht, tsc, tscinvbit, bmi1, bmi2, fma

Memory: 4k page, physical 16613944k(10914716k free), swap 19104312k(12053168k free)

vm_info: Java HotSpot(TM) 64-Bit Server VM (9.0.4+11) for windows-amd64 JRE (9.0.4+11), built on Dec 20 2017 02:18:54 by "mach5one" with MS VC++ 12.0 (VS2013)

END.
