#
# A fatal error has been detected by the Java Runtime Environment:
#
#  EXCEPTION_ACCESS_VIOLATION (0xc0000005) at pc=0x00007fff0c7ca1a5, pid=16232, tid=8904
#
# JRE version: Java(TM) SE Runtime Environment (9.0+11) (build 9.0.4+11)
# Java VM: Java HotSpot(TM) 64-Bit Server VM (9.0.4+11, mixed mode, tiered, compressed oops, g1 gc, windows-amd64)
# Problematic frame:
# C  [librdi_common.dll+0x17a1a5]
#
# No core dump will be written. Minidumps are not enabled by default on client versions of Windows
#
# If you would like to submit a bug report, please visit:
#   http://bugreport.java.com/bugreport/crash.jsp
# The crash happened outside the Java Virtual Machine in native code.
# See problematic frame for where to report the bug.
#

---------------  S U M M A R Y ------------

Command Line: -Dsun.java2d.pmoffscreen=false -Dsun.java2d.xrender=false -Dsun.java2d.d3d=false -Dsun.awt.nopixfmt=true -Dsun.java2d.dpiaware=true -Dsun.java2d.uiScale.enabled=false -Xverify:none -Dswing.aatext=true -XX:-UsePerfData -Djdk.map.althashing.threshold=512 -XX:StringTableSize=4072 --add-opens=java.base/java.nio=ALL-UNNAMED --add-opens=java.desktop/sun.swing=ALL-UNNAMED --add-opens=java.desktop/javax.swing=ALL-UNNAMED --add-opens=java.desktop/javax.swing.tree=ALL-UNNAMED --add-opens=java.desktop/javax.swing.plaf.basic=ALL-UNNAMED --add-opens=java.desktop/javax.swing.plaf.synth=ALL-UNNAMED --add-opens=java.desktop/com.sun.awt=ALL-UNNAMED -XX:NewSize=60m -XX:MaxNewSize=60m -Xms128m -Xmx3072m -Xss5m 

Host: Intel(R) Core(TM) i7-4790 CPU @ 3.60GHz, 8 cores, 15G,  Windows 10 , 64 bit Build 17763 (10.0.17763.1879)
Time: Thu May 20 19:29:41 2021 GMT Summer Time elapsed time: 2936 seconds (0d 0h 48m 56s)

---------------  T H R E A D  ---------------

Current thread (0x0000026f9658f000):  JavaThread "AWT-EventQueue-1" [_thread_in_native, id=8904, stack(0x0000007ce5200000,0x0000007ce5700000)]

Stack: [0x0000007ce5200000,0x0000007ce5700000],  sp=0x0000007ce56fae80,  free space=5099k
Native frames: (J=compiled Java code, j=interpreted, Vv=VM code, C=native code)
C  [librdi_common.dll+0x17a1a5]
C  [librdi_common.dll+0x16ee15]
C  [librdi_common.dll+0x1386da]
C  0x00007ffee17a1eff
C  0x00007ffee18221df
C  0x00007ffee1829e19
C  0x00007ffee17fa4cb
C  0x00007ffee1836de7
C  0x0000026f8fc7d53a

Java frames: (J=compiled Java code, j=interpreted, Vv=VM code)
J 23792  ui.views.waveform.waveformi.WVExecutive_getTooltipTextDelayed(J)Ljava/lang/String; (0 bytes) @ 0x0000026f8fc7d4a1 [0x0000026f8fc7d460+0x0000000000000041]
J 23787 c1 ui.views.waveform.b.a.bG(Ljava/awt/event/MouseEvent;)V (135 bytes) @ 0x0000026f895973a4 [0x0000026f89596d00+0x00000000000006a4]
J 23714 c1 ui.views.waveform.b.a.mouseMoved(Ljava/awt/event/MouseEvent;)V (32 bytes) @ 0x0000026f890d95d4 [0x0000026f890d9020+0x00000000000005b4]
J 18184 c2 java.awt.AWTEventMulticaster.mouseMoved(Ljava/awt/event/MouseEvent;)V java.desktop@9.0.4 (27 bytes) @ 0x0000026f8efa0974 [0x0000026f8efa08c0+0x00000000000000b4]
J 18184 c2 java.awt.AWTEventMulticaster.mouseMoved(Ljava/awt/event/MouseEvent;)V java.desktop@9.0.4 (27 bytes) @ 0x0000026f8efa0934 [0x0000026f8efa08c0+0x0000000000000074]
J 25750 c2 javax.swing.JComponent.processMouseMotionEvent(Ljava/awt/event/MouseEvent;)V java.desktop@9.0.4 (46 bytes) @ 0x0000026f8f50d9ec [0x0000026f8f50d960+0x000000000000008c]
J 23691 c1 ui.frmwork.c.i.processMouseMotionEvent(Ljava/awt/event/MouseEvent;)V (131 bytes) @ 0x0000026f89194f44 [0x0000026f89194080+0x0000000000000ec4]
J 13340 c2 java.awt.Container.processEvent(Ljava/awt/AWTEvent;)V java.desktop@9.0.4 (22 bytes) @ 0x0000026f8ed1fc98 [0x0000026f8ed1fb20+0x0000000000000178]
J 25223 c2 java.awt.Component.dispatchEventImpl(Ljava/awt/AWTEvent;)V java.desktop@9.0.4 (739 bytes) @ 0x0000026f8faa9ec0 [0x0000026f8faa8fc0+0x0000000000000f00]
J 23562 c2 java.awt.Container.dispatchEventImpl(Ljava/awt/AWTEvent;)V java.desktop@9.0.4 (129 bytes) @ 0x0000026f8fc20bec [0x0000026f8fc208c0+0x000000000000032c]
J 23255 c2 java.awt.LightweightDispatcher.retargetMouseEvent(Ljava/awt/Component;ILjava/awt/event/MouseEvent;)V java.desktop@9.0.4 (350 bytes) @ 0x0000026f8f91b6f4 [0x0000026f8f91b140+0x00000000000005b4]
J 23562 c2 java.awt.Container.dispatchEventImpl(Ljava/awt/AWTEvent;)V java.desktop@9.0.4 (129 bytes) @ 0x0000026f8fc21328 [0x0000026f8fc208c0+0x0000000000000a68]
J 18773 c2 java.awt.Window.dispatchEventImpl(Ljava/awt/AWTEvent;)V java.desktop@9.0.4 (23 bytes) @ 0x0000026f8f78330c [0x0000026f8f7832c0+0x000000000000004c]
J 14294 c2 java.awt.EventQueue$3.run()Ljava/lang/Object; java.desktop@9.0.4 (5 bytes) @ 0x0000026f8f186bf4 [0x0000026f8f186600+0x00000000000005f4]
v  ~StubRoutines::call_stub
J 4289  java.security.AccessController.doPrivileged(Ljava/security/PrivilegedAction;Ljava/security/AccessControlContext;)Ljava/lang/Object; java.base@9.0.4 (0 bytes) @ 0x0000026f8e867a46 [0x0000026f8e8679e0+0x0000000000000066]
J 18185 c2 java.awt.EventQueue$4.run()Ljava/lang/Object; java.desktop@9.0.4 (5 bytes) @ 0x0000026f8efa0240 [0x0000026f8ef9ffe0+0x0000000000000260]
v  ~StubRoutines::call_stub
J 4289  java.security.AccessController.doPrivileged(Ljava/security/PrivilegedAction;Ljava/security/AccessControlContext;)Ljava/lang/Object; java.base@9.0.4 (0 bytes) @ 0x0000026f8e867a46 [0x0000026f8e8679e0+0x0000000000000066]
J 14285 c2 ui.frmwork.b.d.dispatchEvent(Ljava/awt/AWTEvent;)V (34 bytes) @ 0x0000026f8f161b4c [0x0000026f8f161700+0x000000000000044c]
J 23535 c2 java.awt.EventDispatchThread.pumpOneEventForFilters(I)V java.desktop@9.0.4 (218 bytes) @ 0x0000026f8fc129e4 [0x0000026f8fc12700+0x00000000000002e4]
J 21388% c2 java.awt.EventDispatchThread.pumpEventsForFilter(ILjava/awt/Conditional;Ljava/awt/EventFilter;)V java.desktop@9.0.4 (47 bytes) @ 0x0000026f8fab9e58 [0x0000026f8fab9d40+0x0000000000000118]
j  java.awt.EventDispatchThread.pumpEventsForHierarchy(ILjava/awt/Conditional;Ljava/awt/Component;)V+11 java.desktop@9.0.4
j  java.awt.EventDispatchThread.pumpEvents(ILjava/awt/Conditional;)V+4 java.desktop@9.0.4
j  java.awt.EventDispatchThread.pumpEvents(Ljava/awt/Conditional;)V+3 java.desktop@9.0.4
j  java.awt.EventDispatchThread.run()V+9 java.desktop@9.0.4
v  ~StubRoutines::call_stub

siginfo: EXCEPTION_ACCESS_VIOLATION (0xc0000005), reading address 0xffffffffffffffff


Register to memory mapping:

RIP=0x00007fff0c7ca1a5 librdi_common.dll
RAX=0x0000026fec1d7d01 is an unknown value
RBX=0x90036a00f1639da5 is an unknown value
RCX=0x0000026fec1d7d90 is an unknown value
RDX=0x90036a00f1639da5 is an unknown value
RSP=0x0000007ce56fae80 is pointing into the stack for thread: 0x0000026f9658f000
RBP=0x0000007ce56fafb0 is pointing into the stack for thread: 0x0000026f9658f000
RSI=0x0000026f99f9e830 is an unknown value
RDI=0x0000007ce56fb098 is pointing into the stack for thread: 0x0000026f9658f000
R8 =0x0000007ce56fb098 is pointing into the stack for thread: 0x0000026f9658f000
R9 =0x0000000000000000 is an unknown value
R10=0x0000026fa2af9840 is an unknown value
R11=0x000002700663ecc0 is an unknown value
R12=0x0000007ce56fb098 is pointing into the stack for thread: 0x0000026f9658f000
R13=0x0000000000000000 is an unknown value
R14=0x0000026fea216db0 is an unknown value
R15=0x90036a00f1639da5 is an unknown value


Registers:
RAX=0x0000026fec1d7d01, RBX=0x90036a00f1639da5, RCX=0x0000026fec1d7d90, RDX=0x90036a00f1639da5
RSP=0x0000007ce56fae80, RBP=0x0000007ce56fafb0, RSI=0x0000026f99f9e830, RDI=0x0000007ce56fb098
R8 =0x0000007ce56fb098, R9 =0x0000000000000000, R10=0x0000026fa2af9840, R11=0x000002700663ecc0
R12=0x0000007ce56fb098, R13=0x0000000000000000, R14=0x0000026fea216db0, R15=0x90036a00f1639da5
RIP=0x00007fff0c7ca1a5, EFLAGS=0x0000000000010202

Top of Stack: (sp=0x0000007ce56fae80)
0x0000007ce56fae80:   0000026fa3dba360 00007fff5f0b2f17
0x0000007ce56fae90:   0000007c00000000 90036a00f1639da5
0x0000007ce56faea0:   90036a00f1639da5 00007fff0c7bee15
0x0000007ce56faeb0:   0000026fa3dba388 00007fff5f0b31af
0x0000007ce56faec0:   00009bf15c4acdbf 0000000000000018
0x0000007ce56faed0:   0000026fa2aa6ea0 0000026fa3dba360
0x0000007ce56faee0:   0000000000000002 00007fff0c828985
0x0000007ce56faef0:   0000026f99e944c0 0000026fa3dba368
0x0000007ce56faf00:   0000026fa3dba3a8 0000026fa3dba360
0x0000007ce56faf10:   fffffffffffffffe 00007fff0cd96a6d
0x0000007ce56faf20:   fffffffffffffffe 00007fff0d483fe0
0x0000007ce56faf30:   0000026fa3dba360 0000026fea255348
0x0000007ce56faf40:   0000007ce56fb098 00007fff0c827c76
0x0000007ce56faf50:   0000026fa3dba360 0000007ce56fb098
0x0000007ce56faf60:   0000026f00000002 0000000000000000
0x0000007ce56faf70:   fffffffffffffffe 000000000000000f 

Instructions: (pc=0x00007fff0c7ca1a5)
0x00007fff0c7ca185:   20 48 8b d9 e8 22 c4 04 00 48 8b c8 48 8b d3 e8
0x00007fff0c7ca195:   27 0d 05 00 84 c0 75 08 33 c0 48 83 c4 20 5b c3
0x00007fff0c7ca1a5:   48 8b 4b 50 48 85 c9 74 0a 48 83 c4 20 5b e9 68
0x00007fff0c7ca1b5:   e2 04 00 48 8b d3 48 8d 0d 26 fc 73 00 e8 59 b7 



---------------  P R O C E S S  ---------------

Java Threads: ( => current thread )
  0x0000026f9ca0a000 JavaThread "Relaunch Simulation" [_thread_blocked, id=16560, stack(0x0000007ce9600000,0x0000007ce9b00000)]
  0x0000026f9ca0e000 JavaThread "Thread-2162" [_thread_in_native, id=6504, stack(0x0000007ce7400000,0x0000007ce7500000)]
  0x0000026f9ca04000 JavaThread "Thread-2161" [_thread_in_native, id=6924, stack(0x0000007ce7300000,0x0000007ce7400000)]
  0x0000026f9ca08800 JavaThread "SyntheticaAnimation 50" daemon [_thread_blocked, id=14836, stack(0x0000007ce9b00000,0x0000007cea000000)]
  0x0000026f9ca01000 JavaThread "Update Runs Swing Worker" [_thread_blocked, id=7368, stack(0x0000007ce9100000,0x0000007ce9600000)]
  0x0000026f9ca07000 JavaThread "hw_ila_monitor" [_thread_blocked, id=11948, stack(0x0000007ce8200000,0x0000007ce8700000)]
  0x0000026ff950d000 JavaThread "Refresh Filesets Swing Worker" [_thread_blocked, id=4356, stack(0x0000007ce7d00000,0x0000007ce8200000)]
  0x0000026ff950a000 JavaThread "SyntheticaAnimation 70" daemon [_thread_blocked, id=16724, stack(0x0000007ce7800000,0x0000007ce7d00000)]
  0x0000026ff950c000 JavaThread "SyntheticaAnimation 25" daemon [_thread_blocked, id=12920, stack(0x0000007ce6e00000,0x0000007ce7300000)]
  0x0000026ff9507000 JavaThread "SyntheticaAnimation 50" daemon [_thread_blocked, id=10828, stack(0x0000007ce6900000,0x0000007ce6e00000)]
  0x0000026ff9506000 JavaThread "Monitor HEventQueue" [_thread_blocked, id=16388, stack(0x0000007ce6400000,0x0000007ce6900000)]
  0x0000026ff9509000 JavaThread "SyntheticaCleanerThread" daemon [_thread_blocked, id=11224, stack(0x0000007ce5c00000,0x0000007ce6100000)]
  0x0000026ff950b800 JavaThread "Image Animator 3" daemon [_thread_blocked, id=16740, stack(0x0000007ce5700000,0x0000007ce5c00000)]
  0x0000026ff9508800 JavaThread "Batik CleanerThread" daemon [_thread_blocked, id=11368, stack(0x0000007ce4800000,0x0000007ce4d00000)]
=>0x0000026f9658f000 JavaThread "AWT-EventQueue-1" [_thread_in_native, id=8904, stack(0x0000007ce5200000,0x0000007ce5700000)]
  0x0000026f97237800 JavaThread "Process Messages" [_thread_blocked, id=16856, stack(0x0000007ce4d00000,0x0000007ce5200000)]
  0x0000026f9658e000 JavaThread "Thread-1" [_thread_in_native, id=5692, stack(0x0000007cddb00000,0x0000007cdef00000)]
  0x0000026f96700800 JavaThread "TimerQueue" daemon [_thread_blocked, id=6684, stack(0x0000007ce3e00000,0x0000007ce4300000)]
  0x0000026ff1be3000 JavaThread "AWT-Windows" daemon [_thread_in_native, id=9348, stack(0x0000007ce3900000,0x0000007ce3e00000)]
  0x0000026ff2119000 JavaThread "AWT-Shutdown" [_thread_blocked, id=14652, stack(0x0000007ce3400000,0x0000007ce3900000)]
  0x0000026ff2118800 JavaThread "Java2D Disposer" daemon [_thread_blocked, id=16208, stack(0x0000007ce2f00000,0x0000007ce3400000)]
  0x0000026ff18f4000 JavaThread "Service Thread" daemon [_thread_blocked, id=7684, stack(0x0000007ce2900000,0x0000007ce2e00000)]
  0x0000026ff952e800 JavaThread "Common-Cleaner" daemon [_thread_blocked, id=15504, stack(0x0000007ce2400000,0x0000007ce2900000)]
  0x0000026ff9507800 JavaThread "Sweeper thread" daemon [_thread_blocked, id=280, stack(0x0000007ce1f00000,0x0000007ce2400000)]
  0x0000026ff9505000 JavaThread "C1 CompilerThread3" daemon [_thread_blocked, id=8360, stack(0x0000007ce1e00000,0x0000007ce1f00000)]
  0x0000026ff9504000 JavaThread "C2 CompilerThread2" daemon [_thread_blocked, id=15284, stack(0x0000007ce1d00000,0x0000007ce1e00000)]
  0x0000026ff9503800 JavaThread "C2 CompilerThread1" daemon [_thread_blocked, id=14620, stack(0x0000007ce1c00000,0x0000007ce1d00000)]
  0x0000026ff260c800 JavaThread "C2 CompilerThread0" daemon [_thread_blocked, id=9928, stack(0x0000007ce1b00000,0x0000007ce1c00000)]
  0x0000026ff260b800 JavaThread "Attach Listener" daemon [_thread_blocked, id=14452, stack(0x0000007ce1600000,0x0000007ce1b00000)]
  0x0000026fefb65000 JavaThread "Signal Dispatcher" daemon [_thread_blocked, id=11884, stack(0x0000007ce1100000,0x0000007ce1600000)]
  0x0000026ff2605000 JavaThread "Finalizer" daemon [_thread_blocked, id=17052, stack(0x0000007ce0c00000,0x0000007ce1100000)]
  0x0000026ff2600800 JavaThread "Reference Handler" daemon [_thread_blocked, id=17048, stack(0x0000007ce0700000,0x0000007ce0c00000)]
  0x0000026fec0e7000 JavaThread "main" [_thread_blocked, id=15724, stack(0x0000007cdda00000,0x0000007cddb00000)]

Other Threads:
  0x0000026ff9436800 VMThread "VM Thread" [stack: 0x0000007ce0600000,0x0000007ce0700000] [id=15992]
  0x0000026ff180e800 WatcherThread [stack: 0x0000007ce2e00000,0x0000007ce2f00000] [id=10704]
  0x0000026ff39cc800 GCTaskThread "GC Thread#0" [stack: 0x0000007cdf200000,0x0000007cdf300000] [id=6196]
  0x0000026ff8e11000 GCTaskThread "GC Thread#1" [stack: 0x0000007cdf300000,0x0000007cdf400000] [id=8260]
  0x0000026ff8e10000 GCTaskThread "GC Thread#2" [stack: 0x0000007cdf400000,0x0000007cdf500000] [id=11096]
  0x0000026ff8e12000 GCTaskThread "GC Thread#3" [stack: 0x0000007cdf500000,0x0000007cdf600000] [id=1640]
  0x0000026ff8e12800 GCTaskThread "GC Thread#4" [stack: 0x0000007cdf600000,0x0000007cdf700000] [id=2984]
  0x0000026ff8e13000 GCTaskThread "GC Thread#5" [stack: 0x0000007cdf700000,0x0000007cdf800000] [id=11732]
  0x0000026ff8e10800 GCTaskThread "GC Thread#6" [stack: 0x0000007cdf800000,0x0000007cdf900000] [id=16336]
  0x0000026ff3608000 GCTaskThread "GC Thread#7" [stack: 0x0000007cdf900000,0x0000007cdfa00000] [id=17240]
  0x0000026ff323d800 ConcurrentGCThread "G1 Main Marker" [stack: 0x0000007ce0300000,0x0000007ce0400000] [id=4364]
  0x0000026ff360a800 ConcurrentGCThread "G1 Marker#0" [stack: 0x0000007ce0400000,0x0000007ce0500000] [id=10712]
  0x0000026ff3608800 ConcurrentGCThread "G1 Marker#1" [stack: 0x0000007ce0500000,0x0000007ce0600000] [id=11060]
  0x0000026ff9597000 ConcurrentGCThread "G1 Refine#0" [stack: 0x0000007ce0100000,0x0000007ce0200000] [id=9228]
  0x0000026ff43b1000 ConcurrentGCThread "G1 Refine#1" [stack: 0x0000007ce0000000,0x0000007ce0100000] [id=16088]
  0x0000026ff361c000 ConcurrentGCThread "G1 Refine#2" [stack: 0x0000007cdff00000,0x0000007ce0000000] [id=16440]
  0x0000026ff2613800 ConcurrentGCThread "G1 Refine#3" [stack: 0x0000007cdfe00000,0x0000007cdff00000] [id=14848]
  0x0000026ff2612800 ConcurrentGCThread "G1 Refine#4" [stack: 0x0000007cdfd00000,0x0000007cdfe00000] [id=3796]
  0x0000026fee964800 ConcurrentGCThread "G1 Refine#5" [stack: 0x0000007cdfc00000,0x0000007cdfd00000] [id=12696]
  0x0000026ff3a16000 ConcurrentGCThread "G1 Refine#6" [stack: 0x0000007cdfb00000,0x0000007cdfc00000] [id=1224]
  0x0000026ff2b0e000 ConcurrentGCThread "G1 Refine#7" [stack: 0x0000007cdfa00000,0x0000007cdfb00000] [id=10840]
  0x0000026ff9597800 ConcurrentGCThread "G1 Young RemSet Sampling" [stack: 0x0000007ce0200000,0x0000007ce0300000] [id=10348]

Threads with active compile tasks:

VM state:not at safepoint (normal execution)

VM Mutex/Monitor currently owned by a thread: None

Heap address: 0x0000000700000000, size: 3072 MB, Compressed Oops mode: Zero based, Oop shift amount: 3
Narrow klass base: 0x0000000000000000, Narrow klass shift: 3
Compressed class space size: 1073741824 Address: 0x00000007c0000000

Heap:
 garbage-first heap   total 202752K, used 126089K [0x0000000700000000, 0x0000000700100630, 0x00000007c0000000)
  region size 1024K, 41 young (41984K), 2 survivors (2048K)
 Metaspace       used 90652K, capacity 97629K, committed 97916K, reserved 1134592K
  class space    used 12207K, capacity 13427K, committed 13436K, reserved 1048576K
Heap Regions: E=young(eden), S=young(survivor), O=old, HS=humongous(starts), HC=humongous(continues), CS=collection set, F=free, A=archive, TS=gc time stamp, AC=allocation context, TAMS=top-at-mark-start (previous, next)
|   0|0x0000000700000000, 0x00000007000faef0, 0x0000000700100000| 98%| O|  |TS  0|AC  0|TAMS 0x00000007000faef0, 0x00000007000faef0|
|   1|0x0000000700100000, 0x0000000700200000, 0x0000000700200000|100%|HS|  |TS  0|AC  0|TAMS 0x0000000700200000, 0x0000000700200000|
|   2|0x0000000700200000, 0x0000000700300000, 0x0000000700300000|100%|HC|  |TS  0|AC  0|TAMS 0x0000000700300000, 0x0000000700300000|
|   3|0x0000000700300000, 0x0000000700400000, 0x0000000700400000|100%|HS|  |TS  0|AC  0|TAMS 0x0000000700400000, 0x0000000700400000|
|   4|0x0000000700400000, 0x00000007004dfde8, 0x0000000700500000| 87%| O|  |TS  0|AC  0|TAMS 0x00000007004dfde8, 0x00000007004dfde8|
|   5|0x0000000700500000, 0x00000007005e44b0, 0x0000000700600000| 89%| O|  |TS  0|AC  0|TAMS 0x00000007005e44b0, 0x00000007005e44b0|
|   6|0x0000000700600000, 0x0000000700700000, 0x0000000700700000|100%| O|  |TS  0|AC  0|TAMS 0x0000000700700000, 0x0000000700700000|
|   7|0x0000000700700000, 0x0000000700800000, 0x0000000700800000|100%| O|  |TS  0|AC  0|TAMS 0x0000000700800000, 0x0000000700800000|
|   8|0x0000000700800000, 0x00000007008fffe8, 0x0000000700900000| 99%| O|  |TS  0|AC  0|TAMS 0x00000007008fffe8, 0x00000007008fffe8|
|   9|0x0000000700900000, 0x00000007009ffff0, 0x0000000700a00000| 99%| O|  |TS  0|AC  0|TAMS 0x00000007009ffff0, 0x00000007009ffff0|
|  10|0x0000000700a00000, 0x0000000700afff90, 0x0000000700b00000| 99%| O|  |TS  0|AC  0|TAMS 0x0000000700afff90, 0x0000000700afff90|
|  11|0x0000000700b00000, 0x0000000700bc8378, 0x0000000700c00000| 78%| O|  |TS  0|AC  0|TAMS 0x0000000700bc8378, 0x0000000700bc8378|
|  12|0x0000000700c00000, 0x0000000700cf90a8, 0x0000000700d00000| 97%| O|  |TS  0|AC  0|TAMS 0x0000000700cf90a8, 0x0000000700cf90a8|
|  13|0x0000000700d00000, 0x0000000700df10a8, 0x0000000700e00000| 94%| O|  |TS  0|AC  0|TAMS 0x0000000700df10a8, 0x0000000700df10a8|
|  14|0x0000000700e00000, 0x0000000700ef7778, 0x0000000700f00000| 96%| O|  |TS  0|AC  0|TAMS 0x0000000700ef7778, 0x0000000700ef7778|
|  15|0x0000000700f00000, 0x0000000700fe3c28, 0x0000000701000000| 88%| O|  |TS  0|AC  0|TAMS 0x0000000700fe3c28, 0x0000000700fe3c28|
|  16|0x0000000701000000, 0x00000007010ffff0, 0x0000000701100000| 99%| O|  |TS  0|AC  0|TAMS 0x00000007010ffff0, 0x00000007010ffff0|
|  17|0x0000000701100000, 0x00000007011d8dc8, 0x0000000701200000| 84%| O|  |TS  0|AC  0|TAMS 0x00000007011d8dc8, 0x00000007011d8dc8|
|  18|0x0000000701200000, 0x00000007012ffff8, 0x0000000701300000| 99%| O|  |TS  0|AC  0|TAMS 0x00000007012ffff8, 0x00000007012ffff8|
|  19|0x0000000701300000, 0x00000007013ffee8, 0x0000000701400000| 99%| O|  |TS  0|AC  0|TAMS 0x00000007013ffee8, 0x00000007013ffee8|
|  20|0x0000000701400000, 0x00000007014fffe0, 0x0000000701500000| 99%| O|  |TS  0|AC  0|TAMS 0x00000007014fffe0, 0x00000007014fffe0|
|  21|0x0000000701500000, 0x00000007015fffa8, 0x0000000701600000| 99%| O|  |TS  0|AC  0|TAMS 0x00000007015fffa8, 0x00000007015fffa8|
|  22|0x0000000701600000, 0x00000007016fff98, 0x0000000701700000| 99%| O|  |TS  0|AC  0|TAMS 0x00000007016fff98, 0x00000007016fff98|
|  23|0x0000000701700000, 0x00000007017fffd0, 0x0000000701800000| 99%| O|  |TS  0|AC  0|TAMS 0x00000007017fffd0, 0x00000007017fffd0|
|  24|0x0000000701800000, 0x0000000701900000, 0x0000000701900000|100%| O|  |TS  0|AC  0|TAMS 0x0000000701900000, 0x0000000701900000|
|  25|0x0000000701900000, 0x00000007019ffff8, 0x0000000701a00000| 99%| O|  |TS  0|AC  0|TAMS 0x00000007019ffff8, 0x00000007019ffff8|
|  26|0x0000000701a00000, 0x0000000701b00000, 0x0000000701b00000|100%| O|  |TS  0|AC  0|TAMS 0x0000000701b00000, 0x0000000701b00000|
|  27|0x0000000701b00000, 0x0000000701bffff0, 0x0000000701c00000| 99%| O|  |TS  0|AC  0|TAMS 0x0000000701bffff0, 0x0000000701bffff0|
|  28|0x0000000701c00000, 0x0000000701cffff8, 0x0000000701d00000| 99%| O|  |TS  0|AC  0|TAMS 0x0000000701cffff8, 0x0000000701cffff8|
|  29|0x0000000701d00000, 0x0000000701dffe00, 0x0000000701e00000| 99%| O|  |TS  0|AC  0|TAMS 0x0000000701dffe00, 0x0000000701dffe00|
|  30|0x0000000701e00000, 0x0000000701effff0, 0x0000000701f00000| 99%| O|  |TS  0|AC  0|TAMS 0x0000000701effff0, 0x0000000701effff0|
|  31|0x0000000701f00000, 0x0000000701fffff0, 0x0000000702000000| 99%| O|  |TS  0|AC  0|TAMS 0x0000000701fffff0, 0x0000000701fffff0|
|  32|0x0000000702000000, 0x00000007020ffff8, 0x0000000702100000| 99%| O|  |TS  0|AC  0|TAMS 0x00000007020ffff8, 0x00000007020ffff8|
|  33|0x0000000702100000, 0x0000000702200000, 0x0000000702200000|100%| O|  |TS  0|AC  0|TAMS 0x0000000702200000, 0x0000000702200000|
|  34|0x0000000702200000, 0x00000007022fffe8, 0x0000000702300000| 99%| O|  |TS  0|AC  0|TAMS 0x00000007022fffe8, 0x00000007022fffe8|
|  35|0x0000000702300000, 0x00000007023f0e08, 0x0000000702400000| 94%| O|  |TS  0|AC  0|TAMS 0x00000007023f0e08, 0x00000007023f0e08|
|  36|0x0000000702400000, 0x0000000702500000, 0x0000000702500000|100%| O|  |TS  0|AC  0|TAMS 0x0000000702500000, 0x0000000702500000|
|  37|0x0000000702500000, 0x00000007025fffc8, 0x0000000702600000| 99%| O|  |TS  0|AC  0|TAMS 0x00000007025fffc8, 0x00000007025fffc8|
|  38|0x0000000702600000, 0x00000007026ffff0, 0x0000000702700000| 99%| O|  |TS  0|AC  0|TAMS 0x00000007026ffff0, 0x00000007026ffff0|
|  39|0x0000000702700000, 0x00000007027ffff8, 0x0000000702800000| 99%| O|  |TS  0|AC  0|TAMS 0x00000007027ffff8, 0x00000007027ffff8|
|  40|0x0000000702800000, 0x0000000702900000, 0x0000000702900000|100%| O|  |TS  0|AC  0|TAMS 0x0000000702900000, 0x0000000702900000|
|  41|0x0000000702900000, 0x00000007029fffa8, 0x0000000702a00000| 99%| O|  |TS  0|AC  0|TAMS 0x00000007029fffa8, 0x00000007029fffa8|
|  42|0x0000000702a00000, 0x0000000702b00000, 0x0000000702b00000|100%| O|  |TS  0|AC  0|TAMS 0x0000000702b00000, 0x0000000702b00000|
|  43|0x0000000702b00000, 0x0000000702c00000, 0x0000000702c00000|100%|HS|  |TS  0|AC  0|TAMS 0x0000000702b00000, 0x0000000702b00000|
|  44|0x0000000702c00000, 0x0000000702d00000, 0x0000000702d00000|100%|HC|  |TS  0|AC  0|TAMS 0x0000000702c00000, 0x0000000702c00000|
|  45|0x0000000702d00000, 0x0000000702e00000, 0x0000000702e00000|100%|HC|  |TS  0|AC  0|TAMS 0x0000000702d00000, 0x0000000702d00000|
|  46|0x0000000702e00000, 0x0000000702f00000, 0x0000000702f00000|100%|HC|  |TS  0|AC  0|TAMS 0x0000000702e00000, 0x0000000702e00000|
|  47|0x0000000702f00000, 0x0000000703000000, 0x0000000703000000|100%|HC|  |TS  0|AC  0|TAMS 0x0000000702f00000, 0x0000000702f00000|
|  48|0x0000000703000000, 0x0000000703100000, 0x0000000703100000|100%| O|  |TS  0|AC  0|TAMS 0x0000000703100000, 0x0000000703100000|
|  49|0x0000000703100000, 0x00000007031ffff8, 0x0000000703200000| 99%| O|  |TS  0|AC  0|TAMS 0x00000007031ffff8, 0x00000007031ffff8|
|  50|0x0000000703200000, 0x00000007032fffa0, 0x0000000703300000| 99%| O|  |TS  0|AC  0|TAMS 0x00000007032fffa0, 0x00000007032fffa0|
|  51|0x0000000703300000, 0x00000007033ffff0, 0x0000000703400000| 99%| O|  |TS  0|AC  0|TAMS 0x00000007033ffff0, 0x00000007033ffff0|
|  52|0x0000000703400000, 0x00000007034fff00, 0x0000000703500000| 99%| O|  |TS  0|AC  0|TAMS 0x00000007034fff00, 0x00000007034fff00|
|  53|0x0000000703500000, 0x0000000703600000, 0x0000000703600000|100%| O|  |TS  0|AC  0|TAMS 0x0000000703600000, 0x0000000703600000|
|  54|0x0000000703600000, 0x00000007036ffff8, 0x0000000703700000| 99%| O|  |TS  0|AC  0|TAMS 0x00000007036ffff8, 0x00000007036ffff8|
|  55|0x0000000703700000, 0x00000007037ffff0, 0x0000000703800000| 99%| O|  |TS  0|AC  0|TAMS 0x00000007037ffff0, 0x00000007037ffff0|
|  56|0x0000000703800000, 0x00000007038ffff8, 0x0000000703900000| 99%| O|  |TS  0|AC  0|TAMS 0x00000007038ffff8, 0x00000007038ffff8|
|  57|0x0000000703900000, 0x00000007039fffb0, 0x0000000703a00000| 99%| O|  |TS  0|AC  0|TAMS 0x00000007039fffb0, 0x00000007039fffb0|
|  58|0x0000000703a00000, 0x0000000703affff0, 0x0000000703b00000| 99%| O|  |TS  0|AC  0|TAMS 0x0000000703affff0, 0x0000000703affff0|
|  59|0x0000000703b00000, 0x0000000703bffff0, 0x0000000703c00000| 99%| O|  |TS  0|AC  0|TAMS 0x0000000703bffff0, 0x0000000703bffff0|
|  60|0x0000000703c00000, 0x0000000703d00000, 0x0000000703d00000|100%| O|  |TS  0|AC  0|TAMS 0x0000000703d00000, 0x0000000703d00000|
|  61|0x0000000703d00000, 0x0000000703dffff0, 0x0000000703e00000| 99%| O|  |TS  0|AC  0|TAMS 0x0000000703dffff0, 0x0000000703dffff0|
|  62|0x0000000703e00000, 0x0000000703effff8, 0x0000000703f00000| 99%| O|  |TS  0|AC  0|TAMS 0x0000000703effff8, 0x0000000703effff8|
|  63|0x0000000703f00000, 0x0000000704000000, 0x0000000704000000|100%| O|  |TS  0|AC  0|TAMS 0x0000000704000000, 0x0000000704000000|
|  64|0x0000000704000000, 0x00000007040fff00, 0x0000000704100000| 99%| O|  |TS  0|AC  0|TAMS 0x00000007040fff00, 0x00000007040fff00|
|  65|0x0000000704100000, 0x0000000704200000, 0x0000000704200000|100%| O|  |TS  0|AC  0|TAMS 0x0000000704200000, 0x0000000704200000|
|  66|0x0000000704200000, 0x00000007042fffd8, 0x0000000704300000| 99%| O|  |TS  0|AC  0|TAMS 0x00000007042fffd8, 0x00000007042fffd8|
|  67|0x0000000704300000, 0x0000000704400000, 0x0000000704400000|100%| O|  |TS  0|AC  0|TAMS 0x0000000704400000, 0x0000000704400000|
|  68|0x0000000704400000, 0x00000007044fffe0, 0x0000000704500000| 99%| O|  |TS  0|AC  0|TAMS 0x00000007044fffe0, 0x00000007044fffe0|
|  69|0x0000000704500000, 0x00000007045fffd0, 0x0000000704600000| 99%| O|  |TS  0|AC  0|TAMS 0x00000007045fffd0, 0x00000007045fffd0|
|  70|0x0000000704600000, 0x0000000704700000, 0x0000000704700000|100%| O|  |TS  0|AC  0|TAMS 0x0000000704700000, 0x0000000704700000|
|  71|0x0000000704700000, 0x00000007047ffff8, 0x0000000704800000| 99%| O|  |TS  0|AC  0|TAMS 0x00000007047ffff8, 0x00000007047ffff8|
|  72|0x0000000704800000, 0x00000007048fffb8, 0x0000000704900000| 99%| O|  |TS  0|AC  0|TAMS 0x00000007048fffb8, 0x00000007048fffb8|
|  73|0x0000000704900000, 0x0000000704a00000, 0x0000000704a00000|100%|HS|  |TS  0|AC  0|TAMS 0x0000000704a00000, 0x0000000704a00000|
|  74|0x0000000704a00000, 0x0000000704affef0, 0x0000000704b00000| 99%| O|  |TS  0|AC  0|TAMS 0x0000000704affef0, 0x0000000704affef0|
|  75|0x0000000704b00000, 0x0000000704b759f8, 0x0000000704c00000| 45%| O|  |TS  0|AC  0|TAMS 0x0000000704b759f8, 0x0000000704b759f8|
|  76|0x0000000704c00000, 0x0000000704d00000, 0x0000000704d00000|100%| O|  |TS  0|AC  0|TAMS 0x0000000704d00000, 0x0000000704d00000|
|  77|0x0000000704d00000, 0x0000000704e00000, 0x0000000704e00000|100%| O|  |TS  0|AC  0|TAMS 0x0000000704e00000, 0x0000000704e00000|
|  78|0x0000000704e00000, 0x0000000704f00000, 0x0000000704f00000|100%| O|  |TS  0|AC  0|TAMS 0x0000000704f00000, 0x0000000704f00000|
|  79|0x0000000704f00000, 0x0000000705000000, 0x0000000705000000|100%|HS|  |TS  0|AC  0|TAMS 0x0000000705000000, 0x0000000705000000|
|  80|0x0000000705000000, 0x0000000705100000, 0x0000000705100000|100%|HC|  |TS  0|AC  0|TAMS 0x0000000705100000, 0x0000000705100000|
|  81|0x0000000705100000, 0x0000000705200000, 0x0000000705200000|100%| O|  |TS 63|AC  0|TAMS 0x0000000705100000, 0x0000000705100000|
|  82|0x0000000705200000, 0x0000000705271000, 0x0000000705300000| 44%| O|  |TS 73|AC  0|TAMS 0x0000000705200000, 0x0000000705200000|
|  83|0x0000000705300000, 0x0000000705400000, 0x0000000705400000|100%|HS|  |TS  0|AC  0|TAMS 0x0000000705300000, 0x0000000705300000|
|  84|0x0000000705400000, 0x0000000705500000, 0x0000000705500000|100%|HC|  |TS  0|AC  0|TAMS 0x0000000705400000, 0x0000000705400000|
|  85|0x0000000705500000, 0x0000000705500000, 0x0000000705600000|  0%| F|  |TS  0|AC  0|TAMS 0x0000000705500000, 0x0000000705500000|
|  86|0x0000000705600000, 0x0000000705600000, 0x0000000705700000|  0%| F|  |TS  0|AC  0|TAMS 0x0000000705600000, 0x0000000705600000|
|  87|0x0000000705700000, 0x0000000705700000, 0x0000000705800000|  0%| F|  |TS  0|AC  0|TAMS 0x0000000705700000, 0x0000000705700000|
|  88|0x0000000705800000, 0x0000000705900000, 0x0000000705900000|100%| O|  |TS 41|AC  0|TAMS 0x000000070582f200, 0x000000070582f200|
|  89|0x0000000705900000, 0x0000000705900000, 0x0000000705a00000|  0%| F|  |TS  3|AC  0|TAMS 0x0000000705900000, 0x0000000705900000|
|  90|0x0000000705a00000, 0x0000000705a00000, 0x0000000705b00000|  0%| F|  |TS  3|AC  0|TAMS 0x0000000705a00000, 0x0000000705a00000|
|  91|0x0000000705b00000, 0x0000000705b00000, 0x0000000705c00000|  0%| F|  |TS  3|AC  0|TAMS 0x0000000705b00000, 0x0000000705b00000|
|  92|0x0000000705c00000, 0x0000000705c00000, 0x0000000705d00000|  0%| F|  |TS  3|AC  0|TAMS 0x0000000705c00000, 0x0000000705c00000|
|  93|0x0000000705d00000, 0x0000000705d00000, 0x0000000705e00000|  0%| F|  |TS  0|AC  0|TAMS 0x0000000705d00000, 0x0000000705d00000|
|  94|0x0000000705e00000, 0x0000000705e00000, 0x0000000705f00000|  0%| F|  |TS  0|AC  0|TAMS 0x0000000705e00000, 0x0000000705e00000|
|  95|0x0000000705f00000, 0x0000000705f00000, 0x0000000706000000|  0%| F|  |TS  0|AC  0|TAMS 0x0000000705f00000, 0x0000000705f00000|
|  96|0x0000000706000000, 0x0000000706000000, 0x0000000706100000|  0%| F|  |TS  0|AC  0|TAMS 0x0000000706000000, 0x0000000706000000|
|  97|0x0000000706100000, 0x0000000706100000, 0x0000000706200000|  0%| F|  |TS  0|AC  0|TAMS 0x0000000706100000, 0x0000000706100000|
|  98|0x0000000706200000, 0x0000000706200000, 0x0000000706300000|  0%| F|  |TS  0|AC  0|TAMS 0x0000000706200000, 0x0000000706200000|
|  99|0x0000000706300000, 0x0000000706300000, 0x0000000706400000|  0%| F|  |TS  0|AC  0|TAMS 0x0000000706300000, 0x0000000706300000|
| 100|0x0000000706400000, 0x0000000706400000, 0x0000000706500000|  0%| F|  |TS  0|AC  0|TAMS 0x0000000706400000, 0x0000000706400000|
| 101|0x0000000706500000, 0x0000000706500000, 0x0000000706600000|  0%| F|  |TS  0|AC  0|TAMS 0x0000000706500000, 0x0000000706500000|
| 102|0x0000000706600000, 0x0000000706600000, 0x0000000706700000|  0%| F|  |TS  0|AC  0|TAMS 0x0000000706600000, 0x0000000706600000|
| 103|0x0000000706700000, 0x0000000706700000, 0x0000000706800000|  0%| F|  |TS  0|AC  0|TAMS 0x0000000706700000, 0x0000000706700000|
| 104|0x0000000706800000, 0x0000000706800000, 0x0000000706900000|  0%| F|  |TS  0|AC  0|TAMS 0x0000000706800000, 0x0000000706800000|
| 105|0x0000000706900000, 0x0000000706900000, 0x0000000706a00000|  0%| F|  |TS  0|AC  0|TAMS 0x0000000706900000, 0x0000000706900000|
| 106|0x0000000706a00000, 0x0000000706a00000, 0x0000000706b00000|  0%| F|  |TS  0|AC  0|TAMS 0x0000000706a00000, 0x0000000706a00000|
| 107|0x0000000706b00000, 0x0000000706b00000, 0x0000000706c00000|  0%| F|  |TS  0|AC  0|TAMS 0x0000000706b00000, 0x0000000706b00000|
| 108|0x0000000706c00000, 0x0000000706c00000, 0x0000000706d00000|  0%| F|  |TS  0|AC  0|TAMS 0x0000000706c00000, 0x0000000706c00000|
| 109|0x0000000706d00000, 0x0000000706d00000, 0x0000000706e00000|  0%| F|  |TS  0|AC  0|TAMS 0x0000000706d00000, 0x0000000706d00000|
| 110|0x0000000706e00000, 0x0000000706e00000, 0x0000000706f00000|  0%| F|  |TS  0|AC  0|TAMS 0x0000000706e00000, 0x0000000706e00000|
| 111|0x0000000706f00000, 0x0000000706f00000, 0x0000000707000000|  0%| F|  |TS  0|AC  0|TAMS 0x0000000706f00000, 0x0000000706f00000|
| 112|0x0000000707000000, 0x0000000707000000, 0x0000000707100000|  0%| F|  |TS  0|AC  0|TAMS 0x0000000707000000, 0x0000000707000000|
| 113|0x0000000707100000, 0x0000000707100000, 0x0000000707200000|  0%| F|  |TS  0|AC  0|TAMS 0x0000000707100000, 0x0000000707100000|
| 114|0x0000000707200000, 0x0000000707200000, 0x0000000707300000|  0%| F|  |TS  0|AC  0|TAMS 0x0000000707200000, 0x0000000707200000|
| 115|0x0000000707300000, 0x0000000707300000, 0x0000000707400000|  0%| F|  |TS  0|AC  0|TAMS 0x0000000707300000, 0x0000000707300000|
| 116|0x0000000707400000, 0x0000000707400000, 0x0000000707500000|  0%| F|  |TS  0|AC  0|TAMS 0x0000000707400000, 0x0000000707400000|
| 117|0x0000000707500000, 0x0000000707500000, 0x0000000707600000|  0%| F|  |TS  0|AC  0|TAMS 0x0000000707500000, 0x0000000707500000|
| 118|0x0000000707600000, 0x0000000707600000, 0x0000000707700000|  0%| F|  |TS  0|AC  0|TAMS 0x0000000707600000, 0x0000000707600000|
| 119|0x0000000707700000, 0x0000000707700000, 0x0000000707800000|  0%| F|  |TS  0|AC  0|TAMS 0x0000000707700000, 0x0000000707700000|
| 120|0x0000000707800000, 0x0000000707800000, 0x0000000707900000|  0%| F|  |TS  0|AC  0|TAMS 0x0000000707800000, 0x0000000707800000|
| 121|0x0000000707900000, 0x0000000707900000, 0x0000000707a00000|  0%| F|  |TS  0|AC  0|TAMS 0x0000000707900000, 0x0000000707900000|
| 122|0x0000000707a00000, 0x0000000707a00000, 0x0000000707b00000|  0%| F|  |TS  0|AC  0|TAMS 0x0000000707a00000, 0x0000000707a00000|
| 123|0x0000000707b00000, 0x0000000707b00000, 0x0000000707c00000|  0%| F|  |TS  0|AC  0|TAMS 0x0000000707b00000, 0x0000000707b00000|
| 124|0x0000000707c00000, 0x0000000707c00000, 0x0000000707d00000|  0%| F|  |TS  0|AC  0|TAMS 0x0000000707c00000, 0x0000000707c00000|
| 125|0x0000000707d00000, 0x0000000707d00000, 0x0000000707e00000|  0%| F|  |TS  0|AC  0|TAMS 0x0000000707d00000, 0x0000000707d00000|
| 126|0x0000000707e00000, 0x0000000707e00000, 0x0000000707f00000|  0%| F|  |TS  0|AC  0|TAMS 0x0000000707e00000, 0x0000000707e00000|
| 127|0x0000000707f00000, 0x0000000707f00000, 0x0000000708000000|  0%| F|  |TS  0|AC  0|TAMS 0x0000000707f00000, 0x0000000707f00000|
| 128|0x0000000708000000, 0x0000000708000000, 0x0000000708100000|  0%| F|  |TS  0|AC  0|TAMS 0x0000000708000000, 0x0000000708000000|
| 129|0x0000000708100000, 0x0000000708100000, 0x0000000708200000|  0%| F|  |TS  0|AC  0|TAMS 0x0000000708100000, 0x0000000708100000|
| 130|0x0000000708200000, 0x0000000708200000, 0x0000000708300000|  0%| F|  |TS  0|AC  0|TAMS 0x0000000708200000, 0x0000000708200000|
| 131|0x0000000708300000, 0x0000000708300000, 0x0000000708400000|  0%| F|  |TS  0|AC  0|TAMS 0x0000000708300000, 0x0000000708300000|
| 132|0x0000000708400000, 0x0000000708400000, 0x0000000708500000|  0%| F|  |TS  0|AC  0|TAMS 0x0000000708400000, 0x0000000708400000|
| 133|0x0000000708500000, 0x0000000708500000, 0x0000000708600000|  0%| F|  |TS  0|AC  0|TAMS 0x0000000708500000, 0x0000000708500000|
| 134|0x0000000708600000, 0x0000000708600000, 0x0000000708700000|  0%| F|  |TS  0|AC  0|TAMS 0x0000000708600000, 0x0000000708600000|
| 135|0x0000000708700000, 0x0000000708700000, 0x0000000708800000|  0%| F|  |TS 57|AC  0|TAMS 0x0000000708700000, 0x0000000708700000|
| 136|0x0000000708800000, 0x00000007088261e0, 0x0000000708900000| 14%| S|CS|TS 73|AC  0|TAMS 0x0000000708800000, 0x0000000708800000|
| 137|0x0000000708900000, 0x0000000708a00000, 0x0000000708a00000|100%| S|CS|TS 73|AC  0|TAMS 0x0000000708900000, 0x0000000708900000|
| 138|0x0000000708a00000, 0x0000000708a00000, 0x0000000708b00000|  0%| F|  |TS 73|AC  0|TAMS 0x0000000708a00000, 0x0000000708a00000|
| 139|0x0000000708b00000, 0x0000000708b00000, 0x0000000708c00000|  0%| F|  |TS 73|AC  0|TAMS 0x0000000708b00000, 0x0000000708b00000|
| 140|0x0000000708c00000, 0x0000000708c00000, 0x0000000708d00000|  0%| F|  |TS 73|AC  0|TAMS 0x0000000708c00000, 0x0000000708c00000|
| 141|0x0000000708d00000, 0x0000000708d00000, 0x0000000708e00000|  0%| F|  |TS 73|AC  0|TAMS 0x0000000708d00000, 0x0000000708d00000|
| 142|0x0000000708e00000, 0x0000000708e00000, 0x0000000708f00000|  0%| F|  |TS 73|AC  0|TAMS 0x0000000708e00000, 0x0000000708e00000|
| 143|0x0000000708f00000, 0x0000000708f00000, 0x0000000709000000|  0%| F|  |TS 73|AC  0|TAMS 0x0000000708f00000, 0x0000000708f00000|
| 144|0x0000000709000000, 0x0000000709000000, 0x0000000709100000|  0%| F|  |TS 73|AC  0|TAMS 0x0000000709000000, 0x0000000709000000|
| 145|0x0000000709100000, 0x0000000709100000, 0x0000000709200000|  0%| F|  |TS 73|AC  0|TAMS 0x0000000709100000, 0x0000000709100000|
| 146|0x0000000709200000, 0x0000000709200000, 0x0000000709300000|  0%| F|  |TS 73|AC  0|TAMS 0x0000000709200000, 0x0000000709200000|
| 147|0x0000000709300000, 0x0000000709300000, 0x0000000709400000|  0%| F|  |TS 73|AC  0|TAMS 0x0000000709300000, 0x0000000709300000|
| 148|0x0000000709400000, 0x0000000709400000, 0x0000000709500000|  0%| F|  |TS 73|AC  0|TAMS 0x0000000709400000, 0x0000000709400000|
| 149|0x0000000709500000, 0x0000000709500000, 0x0000000709600000|  0%| F|  |TS 73|AC  0|TAMS 0x0000000709500000, 0x0000000709500000|
| 150|0x0000000709600000, 0x0000000709600000, 0x0000000709700000|  0%| F|  |TS 73|AC  0|TAMS 0x0000000709600000, 0x0000000709600000|
| 151|0x0000000709700000, 0x0000000709700000, 0x0000000709800000|  0%| F|  |TS 73|AC  0|TAMS 0x0000000709700000, 0x0000000709700000|
| 152|0x0000000709800000, 0x0000000709800000, 0x0000000709900000|  0%| F|  |TS 73|AC  0|TAMS 0x0000000709800000, 0x0000000709800000|
| 153|0x0000000709900000, 0x0000000709900000, 0x0000000709a00000|  0%| F|  |TS 73|AC  0|TAMS 0x0000000709900000, 0x0000000709900000|
| 154|0x0000000709a00000, 0x0000000709a00000, 0x0000000709b00000|  0%| F|  |TS 73|AC  0|TAMS 0x0000000709a00000, 0x0000000709a00000|
| 155|0x0000000709b00000, 0x0000000709b00000, 0x0000000709c00000|  0%| F|  |TS 73|AC  0|TAMS 0x0000000709b00000, 0x0000000709b00000|
| 156|0x0000000709c00000, 0x0000000709c00000, 0x0000000709d00000|  0%| F|  |TS 73|AC  0|TAMS 0x0000000709c00000, 0x0000000709c00000|
| 157|0x0000000709d00000, 0x0000000709d00000, 0x0000000709e00000|  0%| F|  |TS 73|AC  0|TAMS 0x0000000709d00000, 0x0000000709d00000|
| 158|0x0000000709e00000, 0x0000000709e00000, 0x0000000709f00000|  0%| F|  |TS 73|AC  0|TAMS 0x0000000709e00000, 0x0000000709e00000|
| 159|0x0000000709f00000, 0x0000000709f2a6f8, 0x000000070a000000| 16%| E|  |TS 73|AC  0|TAMS 0x0000000709f00000, 0x0000000709f00000|
| 160|0x000000070a000000, 0x000000070a100000, 0x000000070a100000|100%| E|CS|TS 73|AC  0|TAMS 0x000000070a000000, 0x000000070a000000|
| 161|0x000000070a100000, 0x000000070a200000, 0x000000070a200000|100%| E|CS|TS 73|AC  0|TAMS 0x000000070a100000, 0x000000070a100000|
| 162|0x000000070a200000, 0x000000070a300000, 0x000000070a300000|100%| E|CS|TS 73|AC  0|TAMS 0x000000070a200000, 0x000000070a200000|
| 163|0x000000070a300000, 0x000000070a400000, 0x000000070a400000|100%| E|CS|TS 73|AC  0|TAMS 0x000000070a300000, 0x000000070a300000|
| 164|0x000000070a400000, 0x000000070a500000, 0x000000070a500000|100%| E|CS|TS 73|AC  0|TAMS 0x000000070a400000, 0x000000070a400000|
| 165|0x000000070a500000, 0x000000070a600000, 0x000000070a600000|100%| E|CS|TS 73|AC  0|TAMS 0x000000070a500000, 0x000000070a500000|
| 166|0x000000070a600000, 0x000000070a700000, 0x000000070a700000|100%| E|CS|TS 73|AC  0|TAMS 0x000000070a600000, 0x000000070a600000|
| 167|0x000000070a700000, 0x000000070a800000, 0x000000070a800000|100%| E|CS|TS 73|AC  0|TAMS 0x000000070a700000, 0x000000070a700000|
| 168|0x000000070a800000, 0x000000070a900000, 0x000000070a900000|100%| E|CS|TS 73|AC  0|TAMS 0x000000070a800000, 0x000000070a800000|
| 169|0x000000070a900000, 0x000000070aa00000, 0x000000070aa00000|100%| E|CS|TS 73|AC  0|TAMS 0x000000070a900000, 0x000000070a900000|
| 170|0x000000070aa00000, 0x000000070ab00000, 0x000000070ab00000|100%| E|CS|TS 73|AC  0|TAMS 0x000000070aa00000, 0x000000070aa00000|
| 171|0x000000070ab00000, 0x000000070ac00000, 0x000000070ac00000|100%| E|CS|TS 73|AC  0|TAMS 0x000000070ab00000, 0x000000070ab00000|
| 172|0x000000070ac00000, 0x000000070ad00000, 0x000000070ad00000|100%| E|CS|TS 73|AC  0|TAMS 0x000000070ac00000, 0x000000070ac00000|
| 173|0x000000070ad00000, 0x000000070ae00000, 0x000000070ae00000|100%| E|CS|TS 73|AC  0|TAMS 0x000000070ad00000, 0x000000070ad00000|
| 174|0x000000070ae00000, 0x000000070af00000, 0x000000070af00000|100%| E|CS|TS 73|AC  0|TAMS 0x000000070ae00000, 0x000000070ae00000|
| 175|0x000000070af00000, 0x000000070b000000, 0x000000070b000000|100%| E|CS|TS 73|AC  0|TAMS 0x000000070af00000, 0x000000070af00000|
| 176|0x000000070b000000, 0x000000070b100000, 0x000000070b100000|100%| E|CS|TS 73|AC  0|TAMS 0x000000070b000000, 0x000000070b000000|
| 177|0x000000070b100000, 0x000000070b200000, 0x000000070b200000|100%| E|CS|TS 73|AC  0|TAMS 0x000000070b100000, 0x000000070b100000|
| 178|0x000000070b200000, 0x000000070b300000, 0x000000070b300000|100%| E|CS|TS 73|AC  0|TAMS 0x000000070b200000, 0x000000070b200000|
| 179|0x000000070b300000, 0x000000070b400000, 0x000000070b400000|100%| E|CS|TS 73|AC  0|TAMS 0x000000070b300000, 0x000000070b300000|
| 180|0x000000070b400000, 0x000000070b500000, 0x000000070b500000|100%| E|CS|TS 73|AC  0|TAMS 0x000000070b400000, 0x000000070b400000|
| 181|0x000000070b500000, 0x000000070b600000, 0x000000070b600000|100%| E|CS|TS 73|AC  0|TAMS 0x000000070b500000, 0x000000070b500000|
| 182|0x000000070b600000, 0x000000070b700000, 0x000000070b700000|100%| E|CS|TS 73|AC  0|TAMS 0x000000070b600000, 0x000000070b600000|
| 183|0x000000070b700000, 0x000000070b800000, 0x000000070b800000|100%| E|CS|TS 73|AC  0|TAMS 0x000000070b700000, 0x000000070b700000|
| 184|0x000000070b800000, 0x000000070b900000, 0x000000070b900000|100%| E|CS|TS 73|AC  0|TAMS 0x000000070b800000, 0x000000070b800000|
| 185|0x000000070b900000, 0x000000070ba00000, 0x000000070ba00000|100%| E|CS|TS 73|AC  0|TAMS 0x000000070b900000, 0x000000070b900000|
| 186|0x000000070ba00000, 0x000000070bb00000, 0x000000070bb00000|100%| E|CS|TS 73|AC  0|TAMS 0x000000070ba00000, 0x000000070ba00000|
| 187|0x000000070bb00000, 0x000000070bc00000, 0x000000070bc00000|100%| E|CS|TS 73|AC  0|TAMS 0x000000070bb00000, 0x000000070bb00000|
| 188|0x000000070bc00000, 0x000000070bd00000, 0x000000070bd00000|100%| E|CS|TS 73|AC  0|TAMS 0x000000070bc00000, 0x000000070bc00000|
| 189|0x000000070bd00000, 0x000000070be00000, 0x000000070be00000|100%| E|CS|TS 73|AC  0|TAMS 0x000000070bd00000, 0x000000070bd00000|
| 190|0x000000070be00000, 0x000000070bf00000, 0x000000070bf00000|100%| E|CS|TS 73|AC  0|TAMS 0x000000070be00000, 0x000000070be00000|
| 191|0x000000070bf00000, 0x000000070c000000, 0x000000070c000000|100%| E|CS|TS 73|AC  0|TAMS 0x000000070bf00000, 0x000000070bf00000|
| 192|0x000000070c000000, 0x000000070c100000, 0x000000070c100000|100%| E|CS|TS 73|AC  0|TAMS 0x000000070c000000, 0x000000070c000000|
| 193|0x000000070c100000, 0x000000070c200000, 0x000000070c200000|100%| E|CS|TS 73|AC  0|TAMS 0x000000070c100000, 0x000000070c100000|
| 194|0x000000070c200000, 0x000000070c300000, 0x000000070c300000|100%| E|CS|TS 73|AC  0|TAMS 0x000000070c200000, 0x000000070c200000|
| 195|0x000000070c300000, 0x000000070c400000, 0x000000070c400000|100%| E|CS|TS 73|AC  0|TAMS 0x000000070c300000, 0x000000070c300000|
| 196|0x000000070c400000, 0x000000070c500000, 0x000000070c500000|100%| E|CS|TS 73|AC  0|TAMS 0x000000070c400000, 0x000000070c400000|
| 197|0x000000070c500000, 0x000000070c600000, 0x000000070c600000|100%| E|CS|TS 73|AC  0|TAMS 0x000000070c500000, 0x000000070c500000|

Card table byte_map: [0x0000026ff57d0000,0x0000026ff5dd0000] byte_map_base: 0x0000026ff1fd0000

Marking Bits (Prev, Next): (CMBitMap*) 0x0000026fef98d9d8, (CMBitMap*) 0x0000026fef98d9a0
 Prev Bits: [0x0000026ffc5a0000, 0x0000026fff5a0000)
 Next Bits: [0x0000026ff95a0000, 0x0000026ffc5a0000)

Polling page: 0x0000026febf80000

CodeHeap 'non-profiled nmethods': size=120000Kb used=25280Kb max_used=25312Kb free=94719Kb
 bounds [0x0000026f8e610000, 0x0000026f8fed0000, 0x0000026f95b40000]
CodeHeap 'profiled nmethods': size=120000Kb used=46786Kb max_used=47508Kb free=73213Kb
 bounds [0x0000026f870e0000, 0x0000026f8a000000, 0x0000026f8e610000]
CodeHeap 'non-nmethods': size=5760Kb used=1834Kb max_used=1913Kb free=3925Kb
 bounds [0x0000026f86b40000, 0x0000026f86db0000, 0x0000026f870e0000]
 total_blobs=37803 nmethods=19494 adapters=1186
 compilation: enabled

Compilation events (10 events):
Event: 2931.853 Thread 0x0000026ff9505000 nmethod 25945 0x0000026f8fcab890 code [0x0000026f8fcaba40, 0x0000026f8fcabb58]
Event: 2931.888 Thread 0x0000026ff9503800 nmethod 25944 0x0000026f8fe11190 code [0x0000026f8fe11560, 0x0000026f8fe147b0]
Event: 2933.483 Thread 0x0000026ff9504000 25946  s    4       sun.java2d.ScreenUpdateManager::getInstance (39 bytes)
Event: 2933.484 Thread 0x0000026ff9504000 nmethod 25946 0x0000026f8fced910 code [0x0000026f8fcedaa0, 0x0000026f8fcedcf8]
Event: 2933.821 Thread 0x0000026ff260c800 25947       4       ui.utils.o.x.H::paint (216 bytes)
Event: 2933.822 Thread 0x0000026ff9503800 25948       4       com.jidesoft.tree.StyledTreeCellRenderer::paint (186 bytes)
Event: 2933.827 Thread 0x0000026ff9503800 nmethod 25948 0x0000026f8fcec990 code [0x0000026f8fcecba0, 0x0000026f8fced160]
Event: 2933.829 Thread 0x0000026ff260c800 nmethod 25947 0x0000026f8fd49e90 code [0x0000026f8fd4a0e0, 0x0000026f8fd4a880]
Event: 2933.857 Thread 0x0000026ff9504000 25949       4       javax.swing.JTree::fireTreeWillExpand (67 bytes)
Event: 2933.860 Thread 0x0000026ff9504000 nmethod 25949 0x0000026f8fd1cf90 code [0x0000026f8fd1d140, 0x0000026f8fd1d468]

GC Heap History (10 events):
Event: 2922.574 GC heap before
{Heap before GC invocations=559 (full 57):
 garbage-first heap   total 202752K, used 144154K [0x0000000700000000, 0x0000000700100630, 0x00000007c0000000)
  region size 1024K, 60 young (61440K), 2 survivors (2048K)
 Metaspace       used 90652K, capacity 97629K, committed 97916K, reserved 1134592K
  class space    used 12207K, capacity 13427K, committed 13436K, reserved 1048576K
}
Event: 2922.577 GC heap after
{Heap after GC invocations=560 (full 57):
 garbage-first heap   total 202752K, used 84793K [0x0000000700000000, 0x0000000700100630, 0x00000007c0000000)
  region size 1024K, 1 young (1024K), 1 survivors (1024K)
 Metaspace       used 90652K, capacity 97629K, committed 97916K, reserved 1134592K
  class space    used 12207K, capacity 13427K, committed 13436K, reserved 1048576K
}
Event: 2923.398 GC heap before
{Heap before GC invocations=560 (full 57):
 garbage-first heap   total 202752K, used 145209K [0x0000000700000000, 0x0000000700100630, 0x00000007c0000000)
  region size 1024K, 60 young (61440K), 1 survivors (1024K)
 Metaspace       used 90652K, capacity 97629K, committed 97916K, reserved 1134592K
  class space    used 12207K, capacity 13427K, committed 13436K, reserved 1048576K
}
Event: 2923.404 GC heap after
{Heap after GC invocations=561 (full 57):
 garbage-first heap   total 202752K, used 84822K [0x0000000700000000, 0x0000000700100630, 0x00000007c0000000)
  region size 1024K, 1 young (1024K), 1 survivors (1024K)
 Metaspace       used 90652K, capacity 97629K, committed 97916K, reserved 1134592K
  class space    used 12207K, capacity 13427K, committed 13436K, reserved 1048576K
}
Event: 2926.286 GC heap before
{Heap before GC invocations=561 (full 57):
 garbage-first heap   total 202752K, used 145238K [0x0000000700000000, 0x0000000700100630, 0x00000007c0000000)
  region size 1024K, 60 young (61440K), 1 survivors (1024K)
 Metaspace       used 90652K, capacity 97629K, committed 97916K, reserved 1134592K
  class space    used 12207K, capacity 13427K, committed 13436K, reserved 1048576K
}
Event: 2926.288 GC heap after
{Heap after GC invocations=562 (full 57):
 garbage-first heap   total 202752K, used 84884K [0x0000000700000000, 0x0000000700100630, 0x00000007c0000000)
  region size 1024K, 1 young (1024K), 1 survivors (1024K)
 Metaspace       used 90652K, capacity 97629K, committed 97916K, reserved 1134592K
  class space    used 12207K, capacity 13427K, committed 13436K, reserved 1048576K
}
Event: 2928.156 GC heap before
{Heap before GC invocations=562 (full 57):
 garbage-first heap   total 202752K, used 138132K [0x0000000700000000, 0x0000000700100630, 0x00000007c0000000)
  region size 1024K, 52 young (53248K), 1 survivors (1024K)
 Metaspace       used 90652K, capacity 97629K, committed 97916K, reserved 1134592K
  class space    used 12207K, capacity 13427K, committed 13436K, reserved 1048576K
}
Event: 2928.158 GC heap after
{Heap after GC invocations=563 (full 57):
 garbage-first heap   total 202752K, used 86900K [0x0000000700000000, 0x0000000700100630, 0x00000007c0000000)
  region size 1024K, 1 young (1024K), 1 survivors (1024K)
 Metaspace       used 90652K, capacity 97629K, committed 97916K, reserved 1134592K
  class space    used 12207K, capacity 13427K, committed 13436K, reserved 1048576K
}
Event: 2933.799 GC heap before
{Heap before GC invocations=563 (full 57):
 garbage-first heap   total 202752K, used 147316K [0x0000000700000000, 0x0000000700100630, 0x00000007c0000000)
  region size 1024K, 60 young (61440K), 1 survivors (1024K)
 Metaspace       used 90652K, capacity 97629K, committed 97916K, reserved 1134592K
  class space    used 12207K, capacity 13427K, committed 13436K, reserved 1048576K
}
Event: 2933.803 GC heap after
{Heap after GC invocations=564 (full 57):
 garbage-first heap   total 202752K, used 87177K [0x0000000700000000, 0x0000000700100630, 0x00000007c0000000)
  region size 1024K, 2 young (2048K), 2 survivors (2048K)
 Metaspace       used 90652K, capacity 97629K, committed 97916K, reserved 1134592K
  class space    used 12207K, capacity 13427K, committed 13436K, reserved 1048576K
}

Deoptimization events (10 events):
Event: 2660.088 Thread 0x0000026f9658f000 Uncommon trap: reason=unstable_if action=reinterpret pc=0x0000026f8fc1096c method=com.jidesoft.editor.LazyLoadDocument.isLineLoaded(I)Z @ 14 c2
Event: 2661.682 Thread 0x0000026f9658f000 Uncommon trap: reason=array_check action=maybe_recompile pc=0x0000026f8fde9b40 method=java.util.TimSort.mergeLo(IIII)V @ 245 c2
Event: 2771.580 Thread 0x0000026f9658f000 Uncommon trap: reason=unstable_if action=reinterpret pc=0x0000026f8eb08bb0 method=javax.swing.undo.UndoManager.trimEdits(II)V @ 51 c2
Event: 2785.195 Thread 0x0000026f9658f000 Uncommon trap: reason=bimorphic_or_optimized_type_check action=maybe_recompile pc=0x0000026f8edaf8f4 method=java.util.HashMap.removeNode(ILjava/lang/Object;Ljava/lang/Object;ZZ)Ljava/util/HashMap$Node; @ 143 c2
Event: 2799.510 Thread 0x0000026f9658f000 Uncommon trap: reason=unstable_if action=reinterpret pc=0x0000026f8f3c070c method=com.jidesoft.editor.LazyLoadDocument.getLineEndOffset(I)I @ 15 c2
Event: 2909.087 Thread 0x0000026f9658f000 Uncommon trap: reason=class_check action=maybe_recompile pc=0x0000026f8f76e6b0 method=javax.swing.undo.UndoManager.trimForLimit()V @ 111 c2
Event: 2909.087 Thread 0x0000026f9658f000 Uncommon trap: reason=class_check action=maybe_recompile pc=0x0000026f8f76e6b0 method=javax.swing.undo.UndoManager.trimForLimit()V @ 111 c2
Event: 2909.087 Thread 0x0000026f9658f000 Uncommon trap: reason=class_check action=maybe_recompile pc=0x0000026f8f76e6b0 method=javax.swing.undo.UndoManager.trimForLimit()V @ 111 c2
Event: 2909.087 Thread 0x0000026f9658f000 Uncommon trap: reason=class_check action=maybe_recompile pc=0x0000026f8f76e6b0 method=javax.swing.undo.UndoManager.trimForLimit()V @ 111 c2
Event: 2919.734 Thread 0x0000026f9658f000 Uncommon trap: reason=unstable_if action=reinterpret pc=0x0000026f8f835424 method=com.jidesoft.document.c.a(Ljava/awt/AWTEvent;)V @ 80 c2

Classes redefined (0 events):
No events

Internal exceptions (10 events):
Event: 2239.685 Thread 0x0000026f9ca0a000 Exception <a 'java/lang/InterruptedException'{0x0000000709e1bb98}: sleep interrupted> (0x0000000709e1bb98) thrown at [t:/workspace/hotspot/src/share/vm/prims/jvm.cpp, line 3023]
Event: 2252.900 Thread 0x0000026f9ca09800 Exception <a 'java/lang/InterruptedException'{0x0000000709980ae0}: sleep interrupted> (0x0000000709980ae0) thrown at [t:/workspace/hotspot/src/share/vm/prims/jvm.cpp, line 2984]
Event: 2525.615 Thread 0x0000026f9ca05000 Exception <a 'java/lang/InterruptedException'{0x0000000709a90658}: sleep interrupted> (0x0000000709a90658) thrown at [t:/workspace/hotspot/src/share/vm/prims/jvm.cpp, line 3023]
Event: 2660.088 Thread 0x0000026f9658f000 Implicit null exception at 0x0000026f8fc1008a to 0x0000026f8fc10941
Event: 2780.685 Thread 0x0000026f9ca09800 Exception <a 'java/lang/InterruptedException'{0x000000070adb9630}: sleep interrupted> (0x000000070adb9630) thrown at [t:/workspace/hotspot/src/share/vm/prims/jvm.cpp, line 3023]
Event: 2784.726 Thread 0x0000026f9658f000 Exception <a 'java/lang/NoSuchMethodError'{0x000000070b7518d8}: method resolution failed> (0x000000070b7518d8) thrown at [t:/workspace/hotspot/src/share/vm/prims/methodHandles.cpp, line 1256]
Event: 2784.726 Thread 0x0000026f9658f000 Exception <a 'java/lang/NoSuchMethodError'{0x000000070b757868}: java.lang.invoke.DirectMethodHandle$Holder.invokeStatic(Ljava/lang/Object;Ljava/lang/Object;ILjava/lang/Object;I)Ljava/lang/Object;> (0x000000070b757868) thrown at [t:/workspace/hotspot/src/s
Event: 2799.510 Thread 0x0000026f9658f000 Implicit null exception at 0x0000026f8f3bfd8e to 0x0000026f8f3c06f1
Event: 2907.516 Thread 0x0000026f9ca0b000 Exception <a 'java/lang/InterruptedException'{0x0000000708ab0c80}: sleep interrupted> (0x0000000708ab0c80) thrown at [t:/workspace/hotspot/src/share/vm/prims/jvm.cpp, line 3023]
Event: 2916.518 Thread 0x0000026f9ca0a000 Exception <a 'java/lang/InterruptedException'{0x000000070be0d458}: sleep interrupted> (0x000000070be0d458) thrown at [t:/workspace/hotspot/src/share/vm/prims/jvm.cpp, line 3023]

Events (10 events):
Event: 2934.123 Thread 0x0000026f9ca0b800 Thread added: 0x0000026f9ca0b800
Event: 2934.125 Thread 0x0000026f9ca09800 Thread added: 0x0000026f9ca09800
Event: 2934.129 Executing VM operation: RevokeBias
Event: 2934.133 Executing VM operation: RevokeBias done
Event: 2934.133 Thread 0x0000026f9ca0b800 Thread exited: 0x0000026f9ca0b800
Event: 2934.134 Thread 0x0000026f9ca09800 Thread exited: 0x0000026f9ca09800
Event: 2935.096 Thread 0x0000026f9ca09800 Thread added: 0x0000026f9ca09800
Event: 2935.114 Thread 0x0000026f9ca09800 Thread exited: 0x0000026f9ca09800
Event: 2936.096 Thread 0x0000026f9ca05800 Thread added: 0x0000026f9ca05800
Event: 2936.113 Thread 0x0000026f9ca05800 Thread exited: 0x0000026f9ca05800


Dynamic libraries:
0x00007ff73add0000 - 0x00007ff73ae00000 	C:\Xilinx\Vivado\2019.1\bin\unwrapped\win64.o\vivado.exe
0x00007fff72960000 - 0x00007fff72b4c000 	C:\Windows\SYSTEM32\ntdll.dll
0x00007fff6fd90000 - 0x00007fff6fe43000 	C:\Windows\System32\KERNEL32.DLL
0x00007fff6eb70000 - 0x00007fff6ee04000 	C:\Windows\System32\KERNELBASE.dll
0x00007fff6eeb0000 - 0x00007fff6efaa000 	C:\Windows\System32\ucrtbase.dll
0x00007fff5f0a0000 - 0x00007fff5f131000 	C:\Windows\SYSTEM32\MSVCP140.dll
0x00007fff695b0000 - 0x00007fff695c4000 	C:\Xilinx\Vivado\2019.1\lib\win64.o\libboost_signals.dll
0x00007fff69580000 - 0x00007fff69594000 	C:\Xilinx\Vivado\2019.1\lib\win64.o\librdi_commonmain.dll
0x00007fff0c650000 - 0x00007fff0d532000 	C:\Xilinx\Vivado\2019.1\lib\win64.o\librdi_common.dll
0x00007fff5efd0000 - 0x00007fff5efe9000 	C:\Windows\SYSTEM32\VCRUNTIME140.dll
0x00007fff71600000 - 0x00007fff71797000 	C:\Windows\System32\USER32.dll
0x00007fff6f7b0000 - 0x00007fff6f7d0000 	C:\Windows\System32\win32u.dll
0x00007fff5efb0000 - 0x00007fff5efbc000 	C:\Windows\SYSTEM32\VCRUNTIME140_1.dll
0x00007fff71e80000 - 0x00007fff71ea9000 	C:\Windows\System32\GDI32.dll
0x00007fff6f9c0000 - 0x00007fff6fb5c000 	C:\Windows\System32\gdi32full.dll
0x00007fff691f0000 - 0x00007fff69216000 	C:\Xilinx\Vivado\2019.1\lib\win64.o\libboost_filesystem.dll
0x00007fff6ee10000 - 0x00007fff6eeb0000 	C:\Windows\System32\msvcp_win.dll
0x00007fff72410000 - 0x00007fff724b3000 	C:\Windows\System32\ADVAPI32.dll
0x00007fff724c0000 - 0x00007fff7255e000 	C:\Windows\System32\msvcrt.dll
0x00007fff695e0000 - 0x00007fff695ea000 	C:\Xilinx\Vivado\2019.1\lib\win64.o\librdi_commonversion.dll
0x00007fff6ffc0000 - 0x00007fff714b9000 	C:\Windows\System32\SHELL32.dll
0x00007fff6fb60000 - 0x00007fff6fbfe000 	C:\Windows\System32\sechost.dll
0x00007fff2b2c0000 - 0x00007fff2b62e000 	C:\Xilinx\Vivado\2019.1\lib\win64.o\libCOIN-all.dll
0x00007fff6ea40000 - 0x00007fff6ea8a000 	C:\Windows\System32\cfgmgr32.dll
0x00007fff71cb0000 - 0x00007fff71dcf000 	C:\Windows\System32\RPCRT4.dll
0x00007fff71dd0000 - 0x00007fff71e78000 	C:\Windows\System32\shcore.dll
0x00007fff725c0000 - 0x00007fff728ed000 	C:\Windows\System32\combase.dll
0x00007fff69550000 - 0x00007fff69564000 	C:\Xilinx\Vivado\2019.1\lib\win64.o\libboost_date_time.dll
0x00007fff6eaf0000 - 0x00007fff6eb6f000 	C:\Windows\System32\bcryptPrimitives.dll
0x00007fff6f060000 - 0x00007fff6f7ab000 	C:\Windows\System32\windows.storage.dll
0x00007fff68360000 - 0x00007fff683df000 	C:\Xilinx\Vivado\2019.1\lib\win64.o\libboost_program_options.dll
0x00007fff6e940000 - 0x00007fff6e964000 	C:\Windows\System32\profapi.dll
0x00007fff693a0000 - 0x00007fff693ab000 	C:\Xilinx\Vivado\2019.1\lib\win64.o\libboost_system.dll
0x00007fff68240000 - 0x00007fff68354000 	C:\Xilinx\Vivado\2019.1\lib\win64.o\libboost_regex.dll
0x00007fff6e990000 - 0x00007fff6e9ed000 	C:\Windows\System32\powrprof.dll
0x00007fff71f50000 - 0x00007fff71fa2000 	C:\Windows\System32\shlwapi.dll
0x00007fff6e970000 - 0x00007fff6e981000 	C:\Windows\System32\kernel.appcore.dll
0x00007fff68820000 - 0x00007fff68841000 	C:\Xilinx\Vivado\2019.1\lib\win64.o\libboost_thread.dll
0x00007fff6ea20000 - 0x00007fff6ea37000 	C:\Windows\System32\cryptsp.dll
0x00007fff69380000 - 0x00007fff6938f000 	C:\Xilinx\Vivado\2019.1\lib\win64.o\libboost_xilinx.dll
0x00007fff4af40000 - 0x00007fff4afc2000 	C:\Xilinx\Vivado\2019.1\lib\win64.o\libhdlpsolve.dll
0x00007fff38dc0000 - 0x00007fff38e65000 	C:\Xilinx\Vivado\2019.1\lib\win64.o\libhdxml.dll
0x00007fff0baa0000 - 0x00007fff0c64f400 	C:\Xilinx\Vivado\2019.1\lib\win64.o\libisl_iostreams.dll
0x00007fff453d0000 - 0x00007fff45435000 	C:\Xilinx\Vivado\2019.1\lib\win64.o\liblmx6.0.dll
0x00007fff687f0000 - 0x00007fff6881e000 	C:\Xilinx\Vivado\2019.1\lib\win64.o\libisl_sysinfo.dll
0x00007fff68bc0000 - 0x00007fff68bda000 	C:\Xilinx\Vivado\2019.1\lib\win64.o\pthreadVC2.dll
0x00007fff71ee0000 - 0x00007fff71f4d000 	C:\Windows\System32\WS2_32.dll
0x00007fff38c50000 - 0x00007fff38d71000 	C:\Xilinx\Vivado\2019.1\lib\win64.o\librdi_commonxillic.dll
0x00007fff68090000 - 0x00007fff680ac000 	C:\Xilinx\Vivado\2019.1\lib\win64.o\librdiconfig.dll
0x00007fff67880000 - 0x00007fff678a1000 	C:\Xilinx\Vivado\2019.1\lib\win64.o\librdizlib.dll
0x000000006b060000 - 0x000000006b18b000 	C:\Xilinx\Vivado\2019.1\lib\win64.o\tcl85t.dll
0x0000000012000000 - 0x0000000012270000 	C:\Xilinx\Vivado\2019.1\lib\win64.o\xerces-c_3_1.dll
0x00007fff5f4f0000 - 0x00007fff5f507000 	C:\Windows\SYSTEM32\NETAPI32.dll
0x00007fff54ee0000 - 0x00007fff553c1000 	C:\Windows\SYSTEM32\WININET.dll
0x00007fff69880000 - 0x00007fff6997c000 	C:\Windows\SYSTEM32\WINHTTP.dll
0x00007fff615d0000 - 0x00007fff617a8000 	C:\Windows\SYSTEM32\urlmon.dll
0x00007fff69370000 - 0x00007fff6937d000 	C:\Xilinx\Vivado\2019.1\lib\win64.o\libboost_chrono.dll
0x00007fff55540000 - 0x00007fff55569000 	C:\Windows\SYSTEM32\VCOMP140.DLL
0x00007fff5efc0000 - 0x00007fff5efc9000 	C:\Windows\SYSTEM32\WSOCK32.dll
0x00007fff0ac00000 - 0x00007fff0ba91000 	C:\Xilinx\Vivado\2019.1\lib\win64.o\gurobi65.dll
0x00007fff677d0000 - 0x00007fff677eb000 	C:\Xilinx\Vivado\2019.1\lib\win64.o\libboost_iostreams.dll
0x00007fff4af10000 - 0x00007fff4af35000 	C:\Xilinx\Vivado\2019.1\lib\win64.o\libisl_iosutils.dll
0x00007fff2afe0000 - 0x00007fff2b2b8000 	C:\Xilinx\Vivado\2019.1\lib\win64.o\libXil_lmgr11.dll
0x00007fff60850000 - 0x00007fff60af9000 	C:\Windows\SYSTEM32\iertutil.dll
0x00007fff722c0000 - 0x00007fff723e7000 	C:\Windows\System32\COMDLG32.dll
0x00007fff6fcb0000 - 0x00007fff6fd74000 	C:\Windows\System32\OLEAUT32.dll
0x00007fff72160000 - 0x00007fff722b6000 	C:\Windows\System32\ole32.dll
0x00007fff5eff0000 - 0x00007fff5f099000 	C:\Windows\WinSxS\amd64_microsoft.windows.common-controls_6595b64144ccf1df_5.82.17763.1879_none_6d0b791059f51618\COMCTL32.dll
0x00007fff6df30000 - 0x00007fff6df3e000 	C:\Windows\SYSTEM32\NETUTILS.DLL
0x00007fff6ea90000 - 0x00007fff6eae9000 	C:\Windows\System32\WINTRUST.dll
0x00007fff6e920000 - 0x00007fff6e932000 	C:\Windows\System32\MSASN1.dll
0x00007fff6e330000 - 0x00007fff6e33c000 	C:\Windows\SYSTEM32\CRYPTBASE.DLL
0x00007fff6f7d0000 - 0x00007fff6f9b3000 	C:\Windows\System32\CRYPT32.dll
0x00007fff69de0000 - 0x00007fff69dfc000 	C:\Windows\SYSTEM32\dhcpcsvc.DLL
0x00007fff728f0000 - 0x00007fff728f8000 	C:\Windows\System32\NSI.dll
0x00007fff71eb0000 - 0x00007fff71ede000 	C:\Windows\System32\IMM32.DLL
0x00007fff111b0000 - 0x00007fff116c7000 	C:\Xilinx\Vivado\2019.1\lib\win64.o\librdi_commontasks.dll
0x00007fff68640000 - 0x00007fff6864a000 	C:\Windows\SYSTEM32\VERSION.dll
0x00007fff0db10000 - 0x00007fff0dd96000 	C:\Xilinx\Vivado\2019.1\lib\win64.o\librdi_sio.dll
0x000000006a630000 - 0x000000006b055000 	C:\Xilinx\Vivado\2019.1\tps\win64\jre9.0.4\bin\server\jvm.dll
0x00007fff6fd80000 - 0x00007fff6fd88000 	C:\Windows\System32\PSAPI.DLL
0x00007fff6de20000 - 0x00007fff6de5d000 	C:\Windows\SYSTEM32\IPHLPAPI.DLL
0x00007fff6c7e0000 - 0x00007fff6c804000 	C:\Windows\SYSTEM32\WINMM.dll
0x00007fff5ec30000 - 0x00007fff5ed1f000 	C:\Windows\SYSTEM32\MSVCR120.dll
0x00007fff6c7b0000 - 0x00007fff6c7dd000 	C:\Windows\SYSTEM32\winmmbase.dll
0x00007fff6e100000 - 0x00007fff6e167000 	C:\Windows\SYSTEM32\MSWSOCK.DLL
0x00007fff08740000 - 0x00007fff0abfc000 	C:\Xilinx\Vivado\2019.1\lib\win64.o\librdi_tcltasks.dll
0x00007fff2e3b0000 - 0x00007fff2e541000 	C:\Xilinx\Vivado\2019.1\lib\win64.o\librdi_board.dll
0x00007fff38bd0000 - 0x00007fff38c48000 	C:\Xilinx\Vivado\2019.1\lib\win64.o\librdi_boarddep.dll
0x00007fff0d700000 - 0x00007fff0db08000 	C:\Xilinx\Vivado\2019.1\lib\win64.o\librdi_bitstream.dll
0x00007fff35030000 - 0x00007fff3511b000 	C:\Xilinx\Vivado\2019.1\lib\win64.o\librdi_chipscope.dll
0x00007fff2ae20000 - 0x00007fff2afdd000 	C:\Xilinx\Vivado\2019.1\lib\win64.o\librdi_chipscopeimpl.dll
0x00007fff06d50000 - 0x00007fff0873a000 	C:\Xilinx\Vivado\2019.1\lib\win64.o\librdi_constraints.dll
0x00007fff2aa60000 - 0x00007fff2abb6000 	C:\Xilinx\Vivado\2019.1\lib\win64.o\librdi_containers.dll
0x00007fff04e90000 - 0x00007fff06d41000 	C:\Xilinx\Vivado\2019.1\lib\win64.o\librdi_coregen.dll
0x00007ffeee010000 - 0x00007ffeee32e000 	C:\Xilinx\Vivado\2019.1\lib\win64.o\librdi_dlyest.dll
0x00007fff047b0000 - 0x00007fff04e8a000 	C:\Xilinx\Vivado\2019.1\lib\win64.o\librdi_coregenipxact.dll
0x00007ffeeda70000 - 0x00007ffeee00a000 	C:\Xilinx\Vivado\2019.1\lib\win64.o\librdi_drc.dll
0x00007fff2a430000 - 0x00007fff2a4f4000 	C:\Xilinx\Vivado\2019.1\lib\win64.o\librdi_dsp.dll
0x00007ffeed130000 - 0x00007ffeed413000 	C:\Xilinx\Vivado\2019.1\lib\win64.o\librdi_guitools.dll
0x00007ffeed420000 - 0x00007ffeeda6d000 	C:\Xilinx\Vivado\2019.1\lib\win64.o\librdi_filemgmt.dll
0x00007fff38b60000 - 0x00007fff38bc5000 	C:\Xilinx\Vivado\2019.1\lib\win64.o\librdi_hdf.dll
0x00007ffeebb70000 - 0x00007ffeed130000 	C:\Xilinx\Vivado\2019.1\lib\win64.o\librdi_implflow.dll
0x00007ffeeb550000 - 0x00007ffeebb65000 	C:\Xilinx\Vivado\2019.1\lib\win64.o\librdi_memdata.dll
0x00007fff35810000 - 0x00007fff35883000 	C:\Xilinx\Vivado\2019.1\lib\win64.o\librdi_memoryarray.dll
0x00007fff00760000 - 0x00007fff047a3000 	C:\Xilinx\Vivado\2019.1\lib\win64.o\librdi_designutils.dll
0x00007ffee81b0000 - 0x00007ffee8852000 	C:\Xilinx\Vivado\2019.1\lib\win64.o\librdi_netlist.dll
0x00007ffee8860000 - 0x00007ffeeb546000 	C:\Xilinx\Vivado\2019.1\lib\win64.o\librdi_mig.dll
0x00007ffeee330000 - 0x00007fff0075c000 	C:\Xilinx\Vivado\2019.1\lib\win64.o\librdi_device.dll
0x00007fff45340000 - 0x00007fff4538b000 	C:\Xilinx\Vivado\2019.1\lib\win64.o\librdi_pfi.dll
0x00007ffee4b50000 - 0x00007ffee4e5f000 	C:\Xilinx\Vivado\2019.1\lib\win64.o\librdi_platform.dll
0x00007ffee4e60000 - 0x00007ffee53df000 	C:\Xilinx\Vivado\2019.1\lib\win64.o\librdi_project.dll
0x00007ffee53e0000 - 0x00007ffee5b2a000 	C:\Xilinx\Vivado\2019.1\lib\win64.o\librdi_power.dll
0x00007ffee4440000 - 0x00007ffee4b49000 	C:\Xilinx\Vivado\2019.1\lib\win64.o\librdi_psta.dll
0x00007ffee3930000 - 0x00007ffee3d21000 	C:\Xilinx\Vivado\2019.1\lib\win64.o\librdi_runs.dll
0x00007fff21e60000 - 0x00007fff21f5a000 	C:\Xilinx\Vivado\2019.1\lib\win64.o\librdi_runsbase.dll
0x00007ffee3d30000 - 0x00007ffee4436000 	C:\Xilinx\Vivado\2019.1\lib\win64.o\librdi_rsb.dll
0x00007ffee36d0000 - 0x00007ffee3926000 	C:\Xilinx\Vivado\2019.1\lib\win64.o\librdi_simdata.dll
0x00007fff209a0000 - 0x00007fff20b12000 	C:\Xilinx\Vivado\2019.1\lib\win64.o\librdi_advchipscopeimpl.dll
0x00007ffee5b30000 - 0x00007ffee81a6000 	C:\Xilinx\Vivado\2019.1\lib\win64.o\librdi_place.dll
0x00007ffee28b0000 - 0x00007ffee36c1000 	C:\Xilinx\Vivado\2019.1\lib\win64.o\librdi_timing.dll
0x00007fff3d110000 - 0x00007fff3d15c000 	C:\Xilinx\Vivado\2019.1\lib\win64.o\libboost_serialization.dll
0x00007ffee2710000 - 0x00007ffee28af000 	C:\Xilinx\Vivado\2019.1\lib\win64.o\librdi_hip_devdesign.dll
0x00007fff110e0000 - 0x00007fff111a2000 	C:\Xilinx\Vivado\2019.1\lib\win64.o\librdi_ipconfig_readwrite.dll
0x00007fff33360000 - 0x00007fff333a3000 	C:\Xilinx\Vivado\2019.1\lib\win64.o\librdi_noc_frameworks.dll
0x00007fff30810000 - 0x00007fff308ae000 	C:\Xilinx\Vivado\2019.1\lib\win64.o\libise.dll
0x00007ffee1bc0000 - 0x00007ffee2707000 	C:\Xilinx\Vivado\2019.1\lib\win64.o\libverific.dll
0x00007fff40bc0000 - 0x00007fff40c00000 	C:\Xilinx\Vivado\2019.1\lib\win64.o\librdi_wavedata_SimpleApi.dll

VM Arguments:
jvm_args: -Dsun.java2d.pmoffscreen=false -Dsun.java2d.xrender=false -Dsun.java2d.d3d=false -Dsun.awt.nopixfmt=true -Dsun.java2d.dpiaware=true -Dsun.java2d.uiScale.enabled=false -Xverify:none -Dswing.aatext=true -XX:-UsePerfData -Djdk.map.althashing.threshold=512 -XX:StringTableSize=4072 --add-opens=java.base/java.nio=ALL-UNNAMED --add-opens=java.desktop/sun.swing=ALL-UNNAMED --add-opens=java.desktop/javax.swing=ALL-UNNAMED --add-opens=java.desktop/javax.swing.tree=ALL-UNNAMED --add-opens=java.desktop/javax.swing.plaf.basic=ALL-UNNAMED --add-opens=java.desktop/javax.swing.plaf.synth=ALL-UNNAMED --add-opens=java.desktop/com.sun.awt=ALL-UNNAMED -XX:NewSize=60m -XX:MaxNewSize=60m -Xms128m -Xmx3072m -Xss5m 
java_command: <unknown>
java_class_path (initial): C:/Xilinx/Vivado/2019.1\lib\classes\alloy.jar;C:/Xilinx/Vivado/2019.1\lib\classes\autopilot.scelaborator.jar;C:/Xilinx/Vivado/2019.1\lib\classes\autopilot.sourceprocessor.jar;C:/Xilinx/Vivado/2019.1\lib\classes\autopilot.tbprocessor.jar;C:/Xilinx/Vivado/2019.1\lib\classes\batik-anim.jar;C:/Xilinx/Vivado/2019.1\lib\classes\batik-awt-util.jar;C:/Xilinx/Vivado/2019.1\lib\classes\batik-bridge.jar;C:/Xilinx/Vivado/2019.1\lib\classes\batik-codec.jar;C:/Xilinx/Vivado/2019.1\lib\classes\batik-css.jar;C:/Xilinx/Vivado/2019.1\lib\classes\batik-dom.jar;C:/Xilinx/Vivado/2019.1\lib\classes\batik-ext.jar;C:/Xilinx/Vivado/2019.1\lib\classes\batik-gui-util.jar;C:/Xilinx/Vivado/2019.1\lib\classes\batik-gvt.jar;C:/Xilinx/Vivado/2019.1\lib\classes\batik-parser.jar;C:/Xilinx/Vivado/2019.1\lib\classes\batik-script.jar;C:/Xilinx/Vivado/2019.1\lib\classes\batik-svg-dom.jar;C:/Xilinx/Vivado/2019.1\lib\classes\batik-swing.jar;C:/Xilinx/Vivado/2019.1\lib\classes\batik-transcoder.jar;C:/Xilinx/Vivado/2019.1\lib\classes\batik-util.jar;C:/Xilinx/Vivado/2019.1\lib\classes\batik-xml.jar;C:/Xilinx/Vivado/2019.1\lib\classes\com.google.gson_2.7.0.v20170129-0911.jar;C:/Xilinx/Vivado/2019.1\lib\classes\com.google.guava_21.0.0.v20170206-1425.jar;C:/Xilinx/Vivado/2019.1\lib\classes\com.google.inject_3.0.0.v201605172100.jar;C:/Xilinx/Vivado/2019.1\lib\classes\com.ibm.icu_4.4.2.v20110208.jar;C:/Xilinx/Vivado/2019.1\lib\classes\com.sigasi.hdt.annotations.runtime_4.3.0.201903071210.jar;C:/Xilinx/Vivado/2019.1\lib\classes\com.sigasi.hdt.blockdiagram.model_4.3.0.201903071210.jar;C:/Xilinx/Vivado/2019.1\lib\classes\com.sigasi.hdt.connection_4.3.0.201903071210.jar;C:/Xilinx/Vivado/2019.1\lib\classes\com.sigasi.hdt.dependencies.model_4.3.0.201903071210.jar;C:/Xilinx/Vivado/2019.1\lib\classes\com.sigasi.hdt.epl_4.3.0.201903071210.jar;C:/Xilinx/Vivado/2019.1\lib\classes\com.sigasi.hdt.graphics.model_4.3.0.201903071210.jar;C:/Xilinx/Vivado/2019.1\lib\classes\com.sigasi.hdt.project_4.3.0
Launcher Type: generic

Logging:
Log output configuration:
#0: stdout all=warning uptime,level,tags
#1: stderr all=off uptime,level,tags

Environment Variables:
PATH=C:/Xilinx/Vivado/2019.1/bin;C:/Xilinx/Vivado/2019.1/lib/win64.o;C:/Xilinx/Vivado/2019.1/tps/win64/jre9.0.4/bin/server;C:/Xilinx/Vivado/2019.1/tps/win64/jre9.0.4/bin;C:/Xilinx/SDK/2019.1/bin;C:/Xilinx/Vivado/2019.1/ids_lite/ISE/bin/nt64;C:/Xilinx/Vivado/2019.1/ids_lite/ISE/lib/nt64;C:\Program Files (x86)\Common Files\Intel\Shared Files\fortran\bin\Intel64;C:\Program Files (x86)\Common Files\Intel\Shared Libraries\redist\intel64_win\mpirt;C:\Program Files (x86)\Common Files\Intel\Shared Libraries\redist\intel64_win\compiler;C:\Program Files\NVIDIA GPU Computing Toolkit\CUDA\v11.1\bin;C:\Program Files\NVIDIA GPU Computing Toolkit\CUDA\v11.1\libnvvp;C:\SIMULIA\Commands;C:\Program Files\Microsoft MPI\Bin\;C:\Program Files (x86)\Common Files\Oracle\Java\javapath;C:\Windows\system32;C:\Windows;C:\Windows\System32\Wbem;C:\Windows\System32\WindowsPowerShell\v1.0\;C:\Windows\System32\OpenSSH\;C:\Windows\CCM;C:\Program Files\Microsoft SQL Server\110\Tools\Binn\;C:\Program Files\dotnet\;C:\Program Files\Microsoft SQL Server\130\Tools\Binn\;C:\Program Files\Plaxis\PLAXIS 2D\python\plxpy;C:\Program Files\Microsoft VS Code\bin;C:\TDM-GCC-64\bin;C:\Program Files (x86)\IVI Foundation\VISA\WinNT\Bin\;C:\Program Files\IVI Foundation\VISA\Win64\Bin\;C:\Program Files (x86)\National Instruments\Shared\LabVIEW CLI;C:\Program Files\PuTTY\;C:\Program Files\NVIDIA Corporation\Nsight Compute 2020.2.1\;C:\Program Files (x86)\NVIDIA Corporation\PhysX\Common;C:\Program Files\Mu\bin;C:\ETAP 2000\;C:\ETAP 2000\ThirdParty\Python\Python35\;C:\ETAP 2000\ThirdParty\Python\Python35\Scripts\;C:\Program Files\Plaxis\PLAXIS 3D\python\plxpy;C:\Program Files\MATLAB\R2020b\runtime\win64;C:\Program Files\MATLAB\R2020b\bin;C:\Program Files\Microsoft SQL Server\Client SDK\ODBC\110\Tools\Binn\;C:\Program Files (x86)\Microsoft SQL Server\120\Tools\Binn\;C:\Program Files\Microsoft SQL Server\120\Tools\Binn\;C:\Program Files\Microsoft SQL Server\120\DTS\Binn\;C:\Program Files (x86)\Windows Kits\8.1\Windows Perfor
USERNAME=u1838530
OS=Windows_NT
PROCESSOR_IDENTIFIER=Intel64 Family 6 Model 60 Stepping 3, GenuineIntel



---------------  S Y S T E M  ---------------

OS: Windows 10 , 64 bit Build 17763 (10.0.17763.1879)

CPU:total 8 (initial active 8) (4 cores per cpu, 2 threads per core) family 6 model 60 stepping 3, cmov, cx8, fxsr, mmx, sse, sse2, sse3, ssse3, sse4.1, sse4.2, popcnt, avx, avx2, aes, clmul, erms, lzcnt, ht, tsc, tscinvbit, bmi1, bmi2, fma

Memory: 4k page, physical 16613944k(10158144k free), swap 19104312k(10670308k free)

vm_info: Java HotSpot(TM) 64-Bit Server VM (9.0.4+11) for windows-amd64 JRE (9.0.4+11), built on Dec 20 2017 02:18:54 by "mach5one" with MS VC++ 12.0 (VS2013)

END.
