#
# A fatal error has been detected by the Java Runtime Environment:
#
#  EXCEPTION_ACCESS_VIOLATION (0xc0000005) at pc=0x00007fff0c7ca1a5, pid=12252, tid=10996
#
# JRE version: Java(TM) SE Runtime Environment (9.0+11) (build 9.0.4+11)
# Java VM: Java HotSpot(TM) 64-Bit Server VM (9.0.4+11, mixed mode, tiered, compressed oops, g1 gc, windows-amd64)
# Problematic frame:
# C  [librdi_common.dll+0x17a1a5]
#
# No core dump will be written. Minidumps are not enabled by default on client versions of Windows
#
# If you would like to submit a bug report, please visit:
#   http://bugreport.java.com/bugreport/crash.jsp
# The crash happened outside the Java Virtual Machine in native code.
# See problematic frame for where to report the bug.
#

---------------  S U M M A R Y ------------

Command Line: -Dsun.java2d.pmoffscreen=false -Dsun.java2d.xrender=false -Dsun.java2d.d3d=false -Dsun.awt.nopixfmt=true -Dsun.java2d.dpiaware=true -Dsun.java2d.uiScale.enabled=false -Xverify:none -Dswing.aatext=true -XX:-UsePerfData -Djdk.map.althashing.threshold=512 -XX:StringTableSize=4072 --add-opens=java.base/java.nio=ALL-UNNAMED --add-opens=java.desktop/sun.swing=ALL-UNNAMED --add-opens=java.desktop/javax.swing=ALL-UNNAMED --add-opens=java.desktop/javax.swing.tree=ALL-UNNAMED --add-opens=java.desktop/javax.swing.plaf.basic=ALL-UNNAMED --add-opens=java.desktop/javax.swing.plaf.synth=ALL-UNNAMED --add-opens=java.desktop/com.sun.awt=ALL-UNNAMED -XX:NewSize=60m -XX:MaxNewSize=60m -Xms128m -Xmx3072m -Xss5m 

Host: Intel(R) Core(TM) i7-4790 CPU @ 3.60GHz, 8 cores, 15G,  Windows 10 , 64 bit Build 17763 (10.0.17763.1879)
Time: Thu May 20 16:56:22 2021 GMT Summer Time elapsed time: 1339 seconds (0d 0h 22m 19s)

---------------  T H R E A D  ---------------

Current thread (0x00000204479db000):  JavaThread "AWT-EventQueue-1" [_thread_in_native, id=10996, stack(0x000000dfc1b00000,0x000000dfc2000000)]

Stack: [0x000000dfc1b00000,0x000000dfc2000000],  sp=0x000000dfc1ffafe0,  free space=5099k
Native frames: (J=compiled Java code, j=interpreted, Vv=VM code, C=native code)
C  [librdi_common.dll+0x17a1a5]
C  [librdi_common.dll+0x16ee15]
C  [librdi_common.dll+0x1386da]
C  0x00007ffee0b21eff
C  0x00007ffee0ba21df
C  0x00007ffee0ba9e19
C  0x00007ffee0b7a4cb
C  0x00007ffee0bb6de7
C  0x00000204384d14ba

Java frames: (J=compiled Java code, j=interpreted, Vv=VM code)
J 17373  ui.views.waveform.waveformi.WVExecutive_getTooltipTextDelayed(J)Ljava/lang/String; (0 bytes) @ 0x00000204384d1421 [0x00000204384d13e0+0x0000000000000041]
J 21325 c1 ui.views.waveform.b.a.bG(Ljava/awt/event/MouseEvent;)V (135 bytes) @ 0x0000020431d73a24 [0x0000020431d73380+0x00000000000006a4]
J 21326 c1 ui.views.waveform.b.a.mouseMoved(Ljava/awt/event/MouseEvent;)V (32 bytes) @ 0x0000020431cc42c4 [0x0000020431cc3d20+0x00000000000005a4]
J 18847 c2 java.awt.AWTEventMulticaster.mouseMoved(Ljava/awt/event/MouseEvent;)V java.desktop@9.0.4 (27 bytes) @ 0x000002043867f674 [0x000002043867f5c0+0x00000000000000b4]
J 18847 c2 java.awt.AWTEventMulticaster.mouseMoved(Ljava/awt/event/MouseEvent;)V java.desktop@9.0.4 (27 bytes) @ 0x000002043867f634 [0x000002043867f5c0+0x0000000000000074]
J 21601 c2 javax.swing.JComponent.processMouseMotionEvent(Ljava/awt/event/MouseEvent;)V java.desktop@9.0.4 (46 bytes) @ 0x000002043882b904 [0x000002043882b840+0x00000000000000c4]
J 17126 c1 ui.frmwork.c.i.processMouseMotionEvent(Ljava/awt/event/MouseEvent;)V (131 bytes) @ 0x00000204325bc844 [0x00000204325bb980+0x0000000000000ec4]
J 13051 c2 java.awt.Container.processEvent(Ljava/awt/AWTEvent;)V java.desktop@9.0.4 (22 bytes) @ 0x0000020437aac518 [0x0000020437aac3a0+0x0000000000000178]
J 22919 c1 java.awt.Component.dispatchEventImpl(Ljava/awt/AWTEvent;)V java.desktop@9.0.4 (739 bytes) @ 0x0000020431a3dad4 [0x0000020431a39cc0+0x0000000000003e14]
J 22057 c2 java.awt.Container.dispatchEventImpl(Ljava/awt/AWTEvent;)V java.desktop@9.0.4 (129 bytes) @ 0x00000204388e0818 [0x00000204388e0580+0x0000000000000298]
J 21873 c2 java.awt.LightweightDispatcher.retargetMouseEvent(Ljava/awt/Component;ILjava/awt/event/MouseEvent;)V java.desktop@9.0.4 (350 bytes) @ 0x0000020438877cd4 [0x0000020438877720+0x00000000000005b4]
J 22057 c2 java.awt.Container.dispatchEventImpl(Ljava/awt/AWTEvent;)V java.desktop@9.0.4 (129 bytes) @ 0x00000204388e101c [0x00000204388e0580+0x0000000000000a9c]
J 22320 c2 java.awt.Window.dispatchEventImpl(Ljava/awt/AWTEvent;)V java.desktop@9.0.4 (23 bytes) @ 0x000002043898250c [0x00000204389824c0+0x000000000000004c]
J 18000 c2 java.awt.EventQueue$3.run()Ljava/lang/Object; java.desktop@9.0.4 (5 bytes) @ 0x0000020438581c7c [0x0000020438581680+0x00000000000005fc]
v  ~StubRoutines::call_stub
J 4245  java.security.AccessController.doPrivileged(Ljava/security/PrivilegedAction;Ljava/security/AccessControlContext;)Ljava/lang/Object; java.base@9.0.4 (0 bytes) @ 0x000002043777f4c6 [0x000002043777f460+0x0000000000000066]
J 18338 c2 java.awt.EventQueue$4.run()Ljava/lang/Object; java.desktop@9.0.4 (5 bytes) @ 0x0000020437886240 [0x0000020437885fe0+0x0000000000000260]
v  ~StubRoutines::call_stub
J 4245  java.security.AccessController.doPrivileged(Ljava/security/PrivilegedAction;Ljava/security/AccessControlContext;)Ljava/lang/Object; java.base@9.0.4 (0 bytes) @ 0x000002043777f4c6 [0x000002043777f460+0x0000000000000066]
J 14279 c2 ui.frmwork.b.d.dispatchEvent(Ljava/awt/AWTEvent;)V (34 bytes) @ 0x000002043807a2cc [0x0000020438079e80+0x000000000000044c]
J 21960% c2 java.awt.EventDispatchThread.pumpEventsForFilter(ILjava/awt/Conditional;Ljava/awt/EventFilter;)V java.desktop@9.0.4 (47 bytes) @ 0x0000020438899650 [0x0000020438899320+0x0000000000000330]
j  java.awt.EventDispatchThread.pumpEventsForHierarchy(ILjava/awt/Conditional;Ljava/awt/Component;)V+11 java.desktop@9.0.4
j  java.awt.EventDispatchThread.pumpEvents(ILjava/awt/Conditional;)V+4 java.desktop@9.0.4
j  java.awt.EventDispatchThread.pumpEvents(Ljava/awt/Conditional;)V+3 java.desktop@9.0.4
j  java.awt.EventDispatchThread.run()V+9 java.desktop@9.0.4
v  ~StubRoutines::call_stub

siginfo: EXCEPTION_ACCESS_VIOLATION (0xc0000005), reading address 0xffffffffffffffff


Register to memory mapping:

RIP=0x00007fff0c7ca1a5 librdi_common.dll
RAX=0x000002041c23a801 is an unknown value
RBX=0x9000b000318d996c is an unknown value
RCX=0x000002041c23a800 is an unknown value
RDX=0x9000b000318d996c is an unknown value
RSP=0x000000dfc1ffafe0 is pointing into the stack for thread: 0x00000204479db000
RBP=0x000000dfc1ffb110 is pointing into the stack for thread: 0x00000204479db000
RSI=0x0000020448a6ed80 is an unknown value
RDI=0x000000dfc1ffb1f8 is pointing into the stack for thread: 0x00000204479db000
R8 =0x000000dfc1ffb1f8 is pointing into the stack for thread: 0x00000204479db000
R9 =0x0000000000000000 is an unknown value
R10=0x000002044a81d860 is an unknown value
R11=0x00000204524da8e0 is an unknown value
R12=0x000000dfc1ffb1f8 is pointing into the stack for thread: 0x00000204479db000
R13=0x0000000000000000 is an unknown value
R14=0x000002041ce40c80 is an unknown value
R15=0x9000b000318d996c is an unknown value


Registers:
RAX=0x000002041c23a801, RBX=0x9000b000318d996c, RCX=0x000002041c23a800, RDX=0x9000b000318d996c
RSP=0x000000dfc1ffafe0, RBP=0x000000dfc1ffb110, RSI=0x0000020448a6ed80, RDI=0x000000dfc1ffb1f8
R8 =0x000000dfc1ffb1f8, R9 =0x0000000000000000, R10=0x000002044a81d860, R11=0x00000204524da8e0
R12=0x000000dfc1ffb1f8, R13=0x0000000000000000, R14=0x000002041ce40c80, R15=0x9000b000318d996c
RIP=0x00007fff0c7ca1a5, EFLAGS=0x0000000000010202

Top of Stack: (sp=0x000000dfc1ffafe0)
0x000000dfc1ffafe0:   0000020454286e60 00007fff5f0b2f17
0x000000dfc1ffaff0:   000000df00000000 9000b000318d996c
0x000000dfc1ffb000:   9000b000318d996c 00007fff0c7bee15
0x000000dfc1ffb010:   0000020454286e88 00007fff5f0b31af
0x000000dfc1ffb020:   0000cdea514944ca 0000000000000018
0x000000dfc1ffb030:   000002044b21daf0 0000020454286e60
0x000000dfc1ffb040:   0000000000000002 00007fff0c828985
0x000000dfc1ffb050:   00000204215ef310 0000020454286e68
0x000000dfc1ffb060:   0000020454286ea8 0000020454286e60
0x000000dfc1ffb070:   fffffffffffffffe 00007fff0cd96a6d
0x000000dfc1ffb080:   fffffffffffffffe 00007fff0d483fe0
0x000000dfc1ffb090:   0000020454286e60 000002041a795dd8
0x000000dfc1ffb0a0:   000000dfc1ffb1f8 00007fff0c827c76
0x000000dfc1ffb0b0:   0000020454286e60 000000dfc1ffb1f8
0x000000dfc1ffb0c0:   0000020400000002 0000000000000000
0x000000dfc1ffb0d0:   fffffffffffffffe 000000000000000f 

Instructions: (pc=0x00007fff0c7ca1a5)
0x00007fff0c7ca185:   20 48 8b d9 e8 22 c4 04 00 48 8b c8 48 8b d3 e8
0x00007fff0c7ca195:   27 0d 05 00 84 c0 75 08 33 c0 48 83 c4 20 5b c3
0x00007fff0c7ca1a5:   48 8b 4b 50 48 85 c9 74 0a 48 83 c4 20 5b e9 68
0x00007fff0c7ca1b5:   e2 04 00 48 8b d3 48 8d 0d 26 fc 73 00 e8 59 b7 



---------------  P R O C E S S  ---------------

Java Threads: ( => current thread )
  0x0000020447f55800 JavaThread "Relaunch Simulation" [_thread_blocked, id=17128, stack(0x000000dfc6400000,0x000000dfc6900000)]
  0x0000020447f51000 JavaThread "Image Animator 2" daemon [_thread_blocked, id=9932, stack(0x000000dfc5000000,0x000000dfc5500000)]
  0x0000020447f56000 JavaThread "SyntheticaAnimation 50" daemon [_thread_blocked, id=14640, stack(0x000000dfc3c00000,0x000000dfc4100000)]
  0x0000020447f52800 JavaThread "Update Runs Swing Worker" [_thread_blocked, id=13416, stack(0x000000dfc5a00000,0x000000dfc5f00000)]
  0x0000020447f57000 JavaThread "hw_ila_monitor" [_thread_blocked, id=17064, stack(0x000000dfc4b00000,0x000000dfc5000000)]
  0x000002041e7df000 JavaThread "Refresh Filesets Swing Worker" [_thread_blocked, id=15824, stack(0x000000dfc4600000,0x000000dfc4b00000)]
  0x000002041e7de000 JavaThread "SyntheticaAnimation 70" daemon [_thread_blocked, id=4184, stack(0x000000dfc4100000,0x000000dfc4600000)]
  0x000002041e7db000 JavaThread "SyntheticaAnimation 25" daemon [_thread_blocked, id=15788, stack(0x000000dfc3700000,0x000000dfc3c00000)]
  0x000002041e7da800 JavaThread "SyntheticaAnimation 50" daemon [_thread_blocked, id=11816, stack(0x000000dfc3200000,0x000000dfc3700000)]
  0x000002041e7dc000 JavaThread "Monitor HEventQueue" [_thread_blocked, id=12124, stack(0x000000dfc2d00000,0x000000dfc3200000)]
  0x000002041e7e0800 JavaThread "SyntheticaCleanerThread" daemon [_thread_blocked, id=16180, stack(0x000000dfc2500000,0x000000dfc2a00000)]
  0x000002041e7d9800 JavaThread "Batik CleanerThread" daemon [_thread_blocked, id=16360, stack(0x000000dfc1100000,0x000000dfc1600000)]
=>0x00000204479db000 JavaThread "AWT-EventQueue-1" [_thread_in_native, id=10996, stack(0x000000dfc1b00000,0x000000dfc2000000)]
  0x0000020446d7c800 JavaThread "Process Messages" [_thread_blocked, id=11064, stack(0x000000dfc1600000,0x000000dfc1b00000)]
  0x0000020446dd0800 JavaThread "Thread-1" [_thread_in_native, id=10468, stack(0x000000dfba400000,0x000000dfbb800000)]
  0x0000020446bea800 JavaThread "TimerQueue" daemon [_thread_blocked, id=12568, stack(0x000000dfc0700000,0x000000dfc0c00000)]
  0x00000204217dd000 JavaThread "AWT-Windows" daemon [_thread_in_native, id=896, stack(0x000000dfc0200000,0x000000dfc0700000)]
  0x0000020421665000 JavaThread "AWT-Shutdown" [_thread_blocked, id=11036, stack(0x000000dfbfd00000,0x000000dfc0200000)]
  0x0000020421c8f000 JavaThread "Java2D Disposer" daemon [_thread_blocked, id=10020, stack(0x000000dfbf800000,0x000000dfbfd00000)]
  0x0000020421857000 JavaThread "Service Thread" daemon [_thread_blocked, id=12036, stack(0x000000dfbf200000,0x000000dfbf700000)]
  0x000002041e801800 JavaThread "Common-Cleaner" daemon [_thread_blocked, id=9180, stack(0x000000dfbed00000,0x000000dfbf200000)]
  0x000002041e7df800 JavaThread "Sweeper thread" daemon [_thread_blocked, id=7364, stack(0x000000dfbe800000,0x000000dfbed00000)]
  0x000002041e7d8800 JavaThread "C1 CompilerThread3" daemon [_thread_blocked, id=5836, stack(0x000000dfbe700000,0x000000dfbe800000)]
  0x000002041e7d3800 JavaThread "C2 CompilerThread2" daemon [_thread_blocked, id=16268, stack(0x000000dfbe600000,0x000000dfbe700000)]
  0x000002041e7d3000 JavaThread "C2 CompilerThread1" daemon [_thread_blocked, id=16088, stack(0x000000dfbe500000,0x000000dfbe600000)]
  0x000002041e7d2000 JavaThread "C2 CompilerThread0" daemon [_thread_blocked, id=4820, stack(0x000000dfbe400000,0x000000dfbe500000)]
  0x000002041e7d1800 JavaThread "Attach Listener" daemon [_thread_blocked, id=11108, stack(0x000000dfbdf00000,0x000000dfbe400000)]
  0x000002042804c800 JavaThread "Signal Dispatcher" daemon [_thread_blocked, id=4316, stack(0x000000dfbda00000,0x000000dfbdf00000)]
  0x00000204243bd000 JavaThread "Finalizer" daemon [_thread_blocked, id=12952, stack(0x000000dfbd500000,0x000000dfbda00000)]
  0x00000204243bc800 JavaThread "Reference Handler" daemon [_thread_blocked, id=13840, stack(0x000000dfbd000000,0x000000dfbd500000)]
  0x00000204243cf800 JavaThread "main" [_thread_blocked, id=4960, stack(0x000000dfba300000,0x000000dfba400000)]

Other Threads:
  0x0000020422ab0800 VMThread "VM Thread" [stack: 0x000000dfbcf00000,0x000000dfbd000000] [id=14572]
  0x00000204217ed000 WatcherThread [stack: 0x000000dfbf700000,0x000000dfbf800000] [id=17072]
  0x00000204219be800 GCTaskThread "GC Thread#0" [stack: 0x000000dfbbb00000,0x000000dfbbc00000] [id=1948]
  0x000002041e294000 GCTaskThread "GC Thread#1" [stack: 0x000000dfbbc00000,0x000000dfbbd00000] [id=11332]
  0x000002041e290800 GCTaskThread "GC Thread#2" [stack: 0x000000dfbbd00000,0x000000dfbbe00000] [id=11336]
  0x000002041e291000 GCTaskThread "GC Thread#3" [stack: 0x000000dfbbe00000,0x000000dfbbf00000] [id=14524]
  0x000002041e291800 GCTaskThread "GC Thread#4" [stack: 0x000000dfbbf00000,0x000000dfbc000000] [id=15944]
  0x000002041e290000 GCTaskThread "GC Thread#5" [stack: 0x000000dfbc000000,0x000000dfbc100000] [id=15756]
  0x000002041e293000 GCTaskThread "GC Thread#6" [stack: 0x000000dfbc100000,0x000000dfbc200000] [id=17152]
  0x000002041e293800 GCTaskThread "GC Thread#7" [stack: 0x000000dfbc200000,0x000000dfbc300000] [id=1080]
  0x000002042338b800 ConcurrentGCThread "G1 Main Marker" [stack: 0x000000dfbcc00000,0x000000dfbcd00000] [id=8348]
  0x000002041e28d800 ConcurrentGCThread "G1 Marker#0" [stack: 0x000000dfbcd00000,0x000000dfbce00000] [id=11760]
  0x000002041e292800 ConcurrentGCThread "G1 Marker#1" [stack: 0x000000dfbce00000,0x000000dfbcf00000] [id=17108]
  0x0000020428f12000 ConcurrentGCThread "G1 Refine#0" [stack: 0x000000dfbca00000,0x000000dfbcb00000] [id=2432]
  0x0000020428f11800 ConcurrentGCThread "G1 Refine#1" [stack: 0x000000dfbc900000,0x000000dfbca00000] [id=17036]
  0x0000020428f1d800 ConcurrentGCThread "G1 Refine#2" [stack: 0x000000dfbc800000,0x000000dfbc900000] [id=1268]
  0x0000020428b1c800 ConcurrentGCThread "G1 Refine#3" [stack: 0x000000dfbc700000,0x000000dfbc800000] [id=12088]
  0x0000020425272000 ConcurrentGCThread "G1 Refine#4" [stack: 0x000000dfbc600000,0x000000dfbc700000] [id=172]
  0x000002042349e800 ConcurrentGCThread "G1 Refine#5" [stack: 0x000000dfbc500000,0x000000dfbc600000] [id=16116]
  0x000002042349d800 ConcurrentGCThread "G1 Refine#6" [stack: 0x000000dfbc400000,0x000000dfbc500000] [id=15760]
  0x0000020428822800 ConcurrentGCThread "G1 Refine#7" [stack: 0x000000dfbc300000,0x000000dfbc400000] [id=4976]
  0x000002041e560800 ConcurrentGCThread "G1 Young RemSet Sampling" [stack: 0x000000dfbcb00000,0x000000dfbcc00000] [id=11920]

Threads with active compile tasks:

VM state:not at safepoint (normal execution)

VM Mutex/Monitor currently owned by a thread: None

Heap address: 0x0000000700000000, size: 3072 MB, Compressed Oops mode: Zero based, Oop shift amount: 3
Narrow klass base: 0x0000000000000000, Narrow klass shift: 3
Compressed class space size: 1073741824 Address: 0x00000007c0000000

Heap:
 garbage-first heap   total 211968K, used 113747K [0x0000000700000000, 0x0000000700100678, 0x00000007c0000000)
  region size 1024K, 43 young (44032K), 1 survivors (1024K)
 Metaspace       used 88026K, capacity 94861K, committed 95048K, reserved 1130496K
  class space    used 12113K, capacity 13297K, committed 13384K, reserved 1048576K
Heap Regions: E=young(eden), S=young(survivor), O=old, HS=humongous(starts), HC=humongous(continues), CS=collection set, F=free, A=archive, TS=gc time stamp, AC=allocation context, TAMS=top-at-mark-start (previous, next)
|   0|0x0000000700000000, 0x00000007000ffba0, 0x0000000700100000| 99%| O|  |TS  0|AC  0|TAMS 0x0000000700000000, 0x0000000700000000|
|   1|0x0000000700100000, 0x0000000700200000, 0x0000000700200000|100%|HS|  |TS  0|AC  0|TAMS 0x0000000700100000, 0x0000000700100000|
|   2|0x0000000700200000, 0x0000000700300000, 0x0000000700300000|100%|HC|  |TS  0|AC  0|TAMS 0x0000000700200000, 0x0000000700200000|
|   3|0x0000000700300000, 0x0000000700400000, 0x0000000700400000|100%|HS|  |TS  0|AC  0|TAMS 0x0000000700300000, 0x0000000700300000|
|   4|0x0000000700400000, 0x00000007004ff8a0, 0x0000000700500000| 99%| O|  |TS  0|AC  0|TAMS 0x0000000700400000, 0x0000000700400000|
|   5|0x0000000700500000, 0x00000007005ffff8, 0x0000000700600000| 99%| O|  |TS  0|AC  0|TAMS 0x0000000700500000, 0x0000000700500000|
|   6|0x0000000700600000, 0x00000007006ffff0, 0x0000000700700000| 99%| O|  |TS  0|AC  0|TAMS 0x0000000700600000, 0x0000000700600000|
|   7|0x0000000700700000, 0x00000007007ffff8, 0x0000000700800000| 99%| O|  |TS  0|AC  0|TAMS 0x0000000700700000, 0x0000000700700000|
|   8|0x0000000700800000, 0x00000007008ffff8, 0x0000000700900000| 99%| O|  |TS  0|AC  0|TAMS 0x0000000700800000, 0x0000000700800000|
|   9|0x0000000700900000, 0x0000000700a00000, 0x0000000700a00000|100%| O|  |TS  0|AC  0|TAMS 0x0000000700900000, 0x0000000700900000|
|  10|0x0000000700a00000, 0x0000000700affb98, 0x0000000700b00000| 99%| O|  |TS  0|AC  0|TAMS 0x0000000700a00000, 0x0000000700a00000|
|  11|0x0000000700b00000, 0x0000000700bc6590, 0x0000000700c00000| 77%| O|  |TS  0|AC  0|TAMS 0x0000000700b00000, 0x0000000700b00000|
|  12|0x0000000700c00000, 0x0000000700cff888, 0x0000000700d00000| 99%| O|  |TS  0|AC  0|TAMS 0x0000000700c00000, 0x0000000700c00000|
|  13|0x0000000700d00000, 0x0000000700de5b10, 0x0000000700e00000| 89%| O|  |TS  0|AC  0|TAMS 0x0000000700d00000, 0x0000000700d00000|
|  14|0x0000000700e00000, 0x0000000700ee5088, 0x0000000700f00000| 89%| O|  |TS  0|AC  0|TAMS 0x0000000700e00000, 0x0000000700e00000|
|  15|0x0000000700f00000, 0x0000000700fecb58, 0x0000000701000000| 92%| O|  |TS  0|AC  0|TAMS 0x0000000700f00000, 0x0000000700f00000|
|  16|0x0000000701000000, 0x00000007010ffff0, 0x0000000701100000| 99%| O|  |TS  0|AC  0|TAMS 0x0000000701000000, 0x0000000701000000|
|  17|0x0000000701100000, 0x00000007011fffd0, 0x0000000701200000| 99%| O|  |TS  0|AC  0|TAMS 0x0000000701100000, 0x0000000701100000|
|  18|0x0000000701200000, 0x00000007012ffff8, 0x0000000701300000| 99%| O|  |TS  0|AC  0|TAMS 0x0000000701200000, 0x0000000701200000|
|  19|0x0000000701300000, 0x00000007013ffff8, 0x0000000701400000| 99%| O|  |TS  0|AC  0|TAMS 0x0000000701300000, 0x0000000701300000|
|  20|0x0000000701400000, 0x0000000701500000, 0x0000000701500000|100%| O|  |TS  0|AC  0|TAMS 0x0000000701400000, 0x0000000701400000|
|  21|0x0000000701500000, 0x00000007015ffff0, 0x0000000701600000| 99%| O|  |TS  0|AC  0|TAMS 0x0000000701500000, 0x0000000701500000|
|  22|0x0000000701600000, 0x00000007016fffe8, 0x0000000701700000| 99%| O|  |TS  0|AC  0|TAMS 0x0000000701600000, 0x0000000701600000|
|  23|0x0000000701700000, 0x00000007017fffe8, 0x0000000701800000| 99%| O|  |TS  0|AC  0|TAMS 0x0000000701700000, 0x0000000701700000|
|  24|0x0000000701800000, 0x00000007018fffe8, 0x0000000701900000| 99%| O|  |TS  0|AC  0|TAMS 0x0000000701800000, 0x0000000701800000|
|  25|0x0000000701900000, 0x00000007019ffee0, 0x0000000701a00000| 99%| O|  |TS  0|AC  0|TAMS 0x0000000701900000, 0x0000000701900000|
|  26|0x0000000701a00000, 0x0000000701affff8, 0x0000000701b00000| 99%| O|  |TS  0|AC  0|TAMS 0x0000000701a00000, 0x0000000701a00000|
|  27|0x0000000701b00000, 0x0000000701bfffe0, 0x0000000701c00000| 99%| O|  |TS  0|AC  0|TAMS 0x0000000701b00000, 0x0000000701b00000|
|  28|0x0000000701c00000, 0x0000000701cfffd0, 0x0000000701d00000| 99%| O|  |TS  0|AC  0|TAMS 0x0000000701c00000, 0x0000000701c00000|
|  29|0x0000000701d00000, 0x0000000701e00000, 0x0000000701e00000|100%| O|  |TS  0|AC  0|TAMS 0x0000000701d00000, 0x0000000701d00000|
|  30|0x0000000701e00000, 0x0000000701effff8, 0x0000000701f00000| 99%| O|  |TS  0|AC  0|TAMS 0x0000000701e00000, 0x0000000701e00000|
|  31|0x0000000701f00000, 0x0000000701ffffb0, 0x0000000702000000| 99%| O|  |TS  0|AC  0|TAMS 0x0000000701f00000, 0x0000000701f00000|
|  32|0x0000000702000000, 0x00000007020fffe8, 0x0000000702100000| 99%| O|  |TS  0|AC  0|TAMS 0x0000000702000000, 0x0000000702000000|
|  33|0x0000000702100000, 0x00000007021fffd0, 0x0000000702200000| 99%| O|  |TS  0|AC  0|TAMS 0x0000000702100000, 0x0000000702100000|
|  34|0x0000000702200000, 0x00000007022fffe0, 0x0000000702300000| 99%| O|  |TS  0|AC  0|TAMS 0x0000000702200000, 0x0000000702200000|
|  35|0x0000000702300000, 0x00000007023ffe58, 0x0000000702400000| 99%| O|  |TS  0|AC  0|TAMS 0x0000000702300000, 0x0000000702300000|
|  36|0x0000000702400000, 0x00000007024ffff0, 0x0000000702500000| 99%| O|  |TS  0|AC  0|TAMS 0x0000000702400000, 0x0000000702400000|
|  37|0x0000000702500000, 0x00000007025ffff0, 0x0000000702600000| 99%| O|  |TS  0|AC  0|TAMS 0x0000000702500000, 0x0000000702500000|
|  38|0x0000000702600000, 0x00000007026fffe8, 0x0000000702700000| 99%| O|  |TS  0|AC  0|TAMS 0x0000000702600000, 0x0000000702600000|
|  39|0x0000000702700000, 0x00000007027fffe0, 0x0000000702800000| 99%| O|  |TS  0|AC  0|TAMS 0x0000000702700000, 0x0000000702700000|
|  40|0x0000000702800000, 0x00000007028fff30, 0x0000000702900000| 99%| O|  |TS  0|AC  0|TAMS 0x0000000702800000, 0x0000000702800000|
|  41|0x0000000702900000, 0x0000000702a00000, 0x0000000702a00000|100%|HS|  |TS  0|AC  0|TAMS 0x0000000702900000, 0x0000000702900000|
|  42|0x0000000702a00000, 0x0000000702b00000, 0x0000000702b00000|100%|HC|  |TS  0|AC  0|TAMS 0x0000000702a00000, 0x0000000702a00000|
|  43|0x0000000702b00000, 0x0000000702c00000, 0x0000000702c00000|100%|HC|  |TS  0|AC  0|TAMS 0x0000000702b00000, 0x0000000702b00000|
|  44|0x0000000702c00000, 0x0000000702d00000, 0x0000000702d00000|100%|HC|  |TS  0|AC  0|TAMS 0x0000000702c00000, 0x0000000702c00000|
|  45|0x0000000702d00000, 0x0000000702e00000, 0x0000000702e00000|100%|HC|  |TS  0|AC  0|TAMS 0x0000000702d00000, 0x0000000702d00000|
|  46|0x0000000702e00000, 0x0000000702efffd0, 0x0000000702f00000| 99%| O|  |TS  0|AC  0|TAMS 0x0000000702e00000, 0x0000000702e00000|
|  47|0x0000000702f00000, 0x0000000702fff248, 0x0000000703000000| 99%| O|  |TS  0|AC  0|TAMS 0x0000000702f00000, 0x0000000702f00000|
|  48|0x0000000703000000, 0x0000000703100000, 0x0000000703100000|100%| O|  |TS  0|AC  0|TAMS 0x0000000703000000, 0x0000000703000000|
|  49|0x0000000703100000, 0x00000007031fffe0, 0x0000000703200000| 99%| O|  |TS  0|AC  0|TAMS 0x0000000703100000, 0x0000000703100000|
|  50|0x0000000703200000, 0x00000007032ffff0, 0x0000000703300000| 99%| O|  |TS  0|AC  0|TAMS 0x0000000703200000, 0x0000000703200000|
|  51|0x0000000703300000, 0x00000007033ffff8, 0x0000000703400000| 99%| O|  |TS  0|AC  0|TAMS 0x0000000703300000, 0x0000000703300000|
|  52|0x0000000703400000, 0x00000007034ffff0, 0x0000000703500000| 99%| O|  |TS  0|AC  0|TAMS 0x0000000703400000, 0x0000000703400000|
|  53|0x0000000703500000, 0x00000007035ffff8, 0x0000000703600000| 99%| O|  |TS  0|AC  0|TAMS 0x0000000703500000, 0x0000000703500000|
|  54|0x0000000703600000, 0x00000007036fffb0, 0x0000000703700000| 99%| O|  |TS  0|AC  0|TAMS 0x0000000703600000, 0x0000000703600000|
|  55|0x0000000703700000, 0x00000007037ffff8, 0x0000000703800000| 99%| O|  |TS  0|AC  0|TAMS 0x0000000703700000, 0x0000000703700000|
|  56|0x0000000703800000, 0x00000007038ffff0, 0x0000000703900000| 99%| O|  |TS  0|AC  0|TAMS 0x0000000703800000, 0x0000000703800000|
|  57|0x0000000703900000, 0x00000007039ffff8, 0x0000000703a00000| 99%| O|  |TS  0|AC  0|TAMS 0x0000000703900000, 0x0000000703900000|
|  58|0x0000000703a00000, 0x0000000703b00000, 0x0000000703b00000|100%| O|  |TS  0|AC  0|TAMS 0x0000000703a00000, 0x0000000703a00000|
|  59|0x0000000703b00000, 0x0000000703bffff0, 0x0000000703c00000| 99%| O|  |TS  0|AC  0|TAMS 0x0000000703b00000, 0x0000000703b00000|
|  60|0x0000000703c00000, 0x0000000703cfff18, 0x0000000703d00000| 99%| O|  |TS  0|AC  0|TAMS 0x0000000703c00000, 0x0000000703c00000|
|  61|0x0000000703d00000, 0x0000000703dff100, 0x0000000703e00000| 99%| O|  |TS  0|AC  0|TAMS 0x0000000703d00000, 0x0000000703d00000|
|  62|0x0000000703e00000, 0x0000000703eff530, 0x0000000703f00000| 99%| O|  |TS  0|AC  0|TAMS 0x0000000703e00000, 0x0000000703e00000|
|  63|0x0000000703f00000, 0x0000000703ffffe0, 0x0000000704000000| 99%| O|  |TS  0|AC  0|TAMS 0x0000000703f00000, 0x0000000703f00000|
|  64|0x0000000704000000, 0x00000007040f2648, 0x0000000704100000| 94%| O|  |TS  0|AC  0|TAMS 0x0000000704000000, 0x0000000704000000|
|  65|0x0000000704100000, 0x00000007041fffe8, 0x0000000704200000| 99%| O|  |TS  0|AC  0|TAMS 0x0000000704100000, 0x0000000704100000|
|  66|0x0000000704200000, 0x000000070420beb0, 0x0000000704300000|  4%| O|  |TS  0|AC  0|TAMS 0x0000000704200000, 0x0000000704200000|
|  67|0x0000000704300000, 0x0000000704400000, 0x0000000704400000|100%|HS|  |TS  0|AC  0|TAMS 0x0000000704300000, 0x0000000704300000|
|  68|0x0000000704400000, 0x0000000704500000, 0x0000000704500000|100%|HC|  |TS  0|AC  0|TAMS 0x0000000704400000, 0x0000000704400000|
|  69|0x0000000704500000, 0x0000000704500000, 0x0000000704600000|  0%| F|  |TS  0|AC  0|TAMS 0x0000000704500000, 0x0000000704500000|
|  70|0x0000000704600000, 0x0000000704600000, 0x0000000704700000|  0%| F|  |TS  0|AC  0|TAMS 0x0000000704600000, 0x0000000704600000|
|  71|0x0000000704700000, 0x0000000704800000, 0x0000000704800000|100%|HS|  |TS  0|AC  0|TAMS 0x0000000704700000, 0x0000000704700000|
|  72|0x0000000704800000, 0x0000000704900000, 0x0000000704900000|100%|HC|  |TS  0|AC  0|TAMS 0x0000000704800000, 0x0000000704800000|
|  73|0x0000000704900000, 0x0000000704900000, 0x0000000704a00000|  0%| F|  |TS  0|AC  0|TAMS 0x0000000704900000, 0x0000000704900000|
|  74|0x0000000704a00000, 0x0000000704a00000, 0x0000000704b00000|  0%| F|  |TS  0|AC  0|TAMS 0x0000000704a00000, 0x0000000704a00000|
|  75|0x0000000704b00000, 0x0000000704b00000, 0x0000000704c00000|  0%| F|  |TS  0|AC  0|TAMS 0x0000000704b00000, 0x0000000704b00000|
|  76|0x0000000704c00000, 0x0000000704c00000, 0x0000000704d00000|  0%| F|  |TS  0|AC  0|TAMS 0x0000000704c00000, 0x0000000704c00000|
|  77|0x0000000704d00000, 0x0000000704d00000, 0x0000000704e00000|  0%| F|  |TS  0|AC  0|TAMS 0x0000000704d00000, 0x0000000704d00000|
|  78|0x0000000704e00000, 0x0000000704e00000, 0x0000000704f00000|  0%| F|  |TS  0|AC  0|TAMS 0x0000000704e00000, 0x0000000704e00000|
|  79|0x0000000704f00000, 0x0000000704f00000, 0x0000000705000000|  0%| F|  |TS  0|AC  0|TAMS 0x0000000704f00000, 0x0000000704f00000|
|  80|0x0000000705000000, 0x0000000705000000, 0x0000000705100000|  0%| F|  |TS  0|AC  0|TAMS 0x0000000705000000, 0x0000000705000000|
|  81|0x0000000705100000, 0x0000000705100000, 0x0000000705200000|  0%| F|  |TS  0|AC  0|TAMS 0x0000000705100000, 0x0000000705100000|
|  82|0x0000000705200000, 0x0000000705200000, 0x0000000705300000|  0%| F|  |TS  0|AC  0|TAMS 0x0000000705200000, 0x0000000705200000|
|  83|0x0000000705300000, 0x0000000705300000, 0x0000000705400000|  0%| F|  |TS  0|AC  0|TAMS 0x0000000705300000, 0x0000000705300000|
|  84|0x0000000705400000, 0x0000000705400000, 0x0000000705500000|  0%| F|  |TS  0|AC  0|TAMS 0x0000000705400000, 0x0000000705400000|
|  85|0x0000000705500000, 0x0000000705500000, 0x0000000705600000|  0%| F|  |TS  0|AC  0|TAMS 0x0000000705500000, 0x0000000705500000|
|  86|0x0000000705600000, 0x0000000705600000, 0x0000000705700000|  0%| F|  |TS  0|AC  0|TAMS 0x0000000705600000, 0x0000000705600000|
|  87|0x0000000705700000, 0x0000000705700000, 0x0000000705800000|  0%| F|  |TS  0|AC  0|TAMS 0x0000000705700000, 0x0000000705700000|
|  88|0x0000000705800000, 0x0000000705800000, 0x0000000705900000|  0%| F|  |TS  0|AC  0|TAMS 0x0000000705800000, 0x0000000705800000|
|  89|0x0000000705900000, 0x0000000705900000, 0x0000000705a00000|  0%| F|  |TS  0|AC  0|TAMS 0x0000000705900000, 0x0000000705900000|
|  90|0x0000000705a00000, 0x0000000705a00000, 0x0000000705b00000|  0%| F|  |TS  0|AC  0|TAMS 0x0000000705a00000, 0x0000000705a00000|
|  91|0x0000000705b00000, 0x0000000705b00000, 0x0000000705c00000|  0%| F|  |TS  0|AC  0|TAMS 0x0000000705b00000, 0x0000000705b00000|
|  92|0x0000000705c00000, 0x0000000705c00000, 0x0000000705d00000|  0%| F|  |TS  0|AC  0|TAMS 0x0000000705c00000, 0x0000000705c00000|
|  93|0x0000000705d00000, 0x0000000705d00000, 0x0000000705e00000|  0%| F|  |TS  0|AC  0|TAMS 0x0000000705d00000, 0x0000000705d00000|
|  94|0x0000000705e00000, 0x0000000705e00000, 0x0000000705f00000|  0%| F|  |TS  0|AC  0|TAMS 0x0000000705e00000, 0x0000000705e00000|
|  95|0x0000000705f00000, 0x0000000705f00000, 0x0000000706000000|  0%| F|  |TS  0|AC  0|TAMS 0x0000000705f00000, 0x0000000705f00000|
|  96|0x0000000706000000, 0x0000000706000000, 0x0000000706100000|  0%| F|  |TS  0|AC  0|TAMS 0x0000000706000000, 0x0000000706000000|
|  97|0x0000000706100000, 0x0000000706100000, 0x0000000706200000|  0%| F|  |TS  0|AC  0|TAMS 0x0000000706100000, 0x0000000706100000|
|  98|0x0000000706200000, 0x0000000706200000, 0x0000000706300000|  0%| F|  |TS  0|AC  0|TAMS 0x0000000706200000, 0x0000000706200000|
|  99|0x0000000706300000, 0x0000000706300000, 0x0000000706400000|  0%| F|  |TS  0|AC  0|TAMS 0x0000000706300000, 0x0000000706300000|
| 100|0x0000000706400000, 0x0000000706400000, 0x0000000706500000|  0%| F|  |TS  0|AC  0|TAMS 0x0000000706400000, 0x0000000706400000|
| 101|0x0000000706500000, 0x0000000706500000, 0x0000000706600000|  0%| F|  |TS  0|AC  0|TAMS 0x0000000706500000, 0x0000000706500000|
| 102|0x0000000706600000, 0x0000000706600000, 0x0000000706700000|  0%| F|  |TS  0|AC  0|TAMS 0x0000000706600000, 0x0000000706600000|
| 103|0x0000000706700000, 0x0000000706700000, 0x0000000706800000|  0%| F|  |TS  0|AC  0|TAMS 0x0000000706700000, 0x0000000706700000|
| 104|0x0000000706800000, 0x0000000706800000, 0x0000000706900000|  0%| F|  |TS  0|AC  0|TAMS 0x0000000706800000, 0x0000000706800000|
| 105|0x0000000706900000, 0x0000000706900000, 0x0000000706a00000|  0%| F|  |TS  0|AC  0|TAMS 0x0000000706900000, 0x0000000706900000|
| 106|0x0000000706a00000, 0x0000000706a00000, 0x0000000706b00000|  0%| F|  |TS  0|AC  0|TAMS 0x0000000706a00000, 0x0000000706a00000|
| 107|0x0000000706b00000, 0x0000000706b00000, 0x0000000706c00000|  0%| F|  |TS  0|AC  0|TAMS 0x0000000706b00000, 0x0000000706b00000|
| 108|0x0000000706c00000, 0x0000000706c00000, 0x0000000706d00000|  0%| F|  |TS  0|AC  0|TAMS 0x0000000706c00000, 0x0000000706c00000|
| 109|0x0000000706d00000, 0x0000000706d00000, 0x0000000706e00000|  0%| F|  |TS  0|AC  0|TAMS 0x0000000706d00000, 0x0000000706d00000|
| 110|0x0000000706e00000, 0x0000000706e00000, 0x0000000706f00000|  0%| F|  |TS  0|AC  0|TAMS 0x0000000706e00000, 0x0000000706e00000|
| 111|0x0000000706f00000, 0x0000000706f00000, 0x0000000707000000|  0%| F|  |TS  0|AC  0|TAMS 0x0000000706f00000, 0x0000000706f00000|
| 112|0x0000000707000000, 0x0000000707000000, 0x0000000707100000|  0%| F|  |TS  0|AC  0|TAMS 0x0000000707000000, 0x0000000707000000|
| 113|0x0000000707100000, 0x0000000707100000, 0x0000000707200000|  0%| F|  |TS  0|AC  0|TAMS 0x0000000707100000, 0x0000000707100000|
| 114|0x0000000707200000, 0x0000000707200000, 0x0000000707300000|  0%| F|  |TS  0|AC  0|TAMS 0x0000000707200000, 0x0000000707200000|
| 115|0x0000000707300000, 0x0000000707300000, 0x0000000707400000|  0%| F|  |TS  0|AC  0|TAMS 0x0000000707300000, 0x0000000707300000|
| 116|0x0000000707400000, 0x0000000707400000, 0x0000000707500000|  0%| F|  |TS  0|AC  0|TAMS 0x0000000707400000, 0x0000000707400000|
| 117|0x0000000707500000, 0x0000000707500000, 0x0000000707600000|  0%| F|  |TS  0|AC  0|TAMS 0x0000000707500000, 0x0000000707500000|
| 118|0x0000000707600000, 0x0000000707600000, 0x0000000707700000|  0%| F|  |TS  0|AC  0|TAMS 0x0000000707600000, 0x0000000707600000|
| 119|0x0000000707700000, 0x0000000707700000, 0x0000000707800000|  0%| F|  |TS  0|AC  0|TAMS 0x0000000707700000, 0x0000000707700000|
| 120|0x0000000707800000, 0x0000000707800000, 0x0000000707900000|  0%| F|  |TS  0|AC  0|TAMS 0x0000000707800000, 0x0000000707800000|
| 121|0x0000000707900000, 0x0000000707900000, 0x0000000707a00000|  0%| F|  |TS  0|AC  0|TAMS 0x0000000707900000, 0x0000000707900000|
| 122|0x0000000707a00000, 0x0000000707a00000, 0x0000000707b00000|  0%| F|  |TS  0|AC  0|TAMS 0x0000000707a00000, 0x0000000707a00000|
| 123|0x0000000707b00000, 0x0000000707b00000, 0x0000000707c00000|  0%| F|  |TS  0|AC  0|TAMS 0x0000000707b00000, 0x0000000707b00000|
| 124|0x0000000707c00000, 0x0000000707c00000, 0x0000000707d00000|  0%| F|  |TS  0|AC  0|TAMS 0x0000000707c00000, 0x0000000707c00000|
| 125|0x0000000707d00000, 0x0000000707d00000, 0x0000000707e00000|  0%| F|  |TS  0|AC  0|TAMS 0x0000000707d00000, 0x0000000707d00000|
| 126|0x0000000707e00000, 0x0000000707e00000, 0x0000000707f00000|  0%| F|  |TS  0|AC  0|TAMS 0x0000000707e00000, 0x0000000707e00000|
| 127|0x0000000707f00000, 0x0000000707f00000, 0x0000000708000000|  0%| F|  |TS  0|AC  0|TAMS 0x0000000707f00000, 0x0000000707f00000|
| 128|0x0000000708000000, 0x0000000708000000, 0x0000000708100000|  0%| F|  |TS  0|AC  0|TAMS 0x0000000708000000, 0x0000000708000000|
| 129|0x0000000708100000, 0x0000000708100000, 0x0000000708200000|  0%| F|  |TS  0|AC  0|TAMS 0x0000000708100000, 0x0000000708100000|
| 130|0x0000000708200000, 0x0000000708200000, 0x0000000708300000|  0%| F|  |TS  0|AC  0|TAMS 0x0000000708200000, 0x0000000708200000|
| 131|0x0000000708300000, 0x0000000708300000, 0x0000000708400000|  0%| F|  |TS  0|AC  0|TAMS 0x0000000708300000, 0x0000000708300000|
| 132|0x0000000708400000, 0x0000000708400000, 0x0000000708500000|  0%| F|  |TS  0|AC  0|TAMS 0x0000000708400000, 0x0000000708400000|
| 133|0x0000000708500000, 0x0000000708500000, 0x0000000708600000|  0%| F|  |TS  0|AC  0|TAMS 0x0000000708500000, 0x0000000708500000|
| 134|0x0000000708600000, 0x0000000708600000, 0x0000000708700000|  0%| F|  |TS  0|AC  0|TAMS 0x0000000708600000, 0x0000000708600000|
| 135|0x0000000708700000, 0x0000000708700000, 0x0000000708800000|  0%| F|  |TS  0|AC  0|TAMS 0x0000000708700000, 0x0000000708700000|
| 136|0x0000000708800000, 0x0000000708800000, 0x0000000708900000|  0%| F|  |TS  0|AC  0|TAMS 0x0000000708800000, 0x0000000708800000|
| 137|0x0000000708900000, 0x0000000708900000, 0x0000000708a00000|  0%| F|  |TS  0|AC  0|TAMS 0x0000000708900000, 0x0000000708900000|
| 138|0x0000000708a00000, 0x0000000708a00000, 0x0000000708b00000|  0%| F|  |TS  0|AC  0|TAMS 0x0000000708a00000, 0x0000000708a00000|
| 139|0x0000000708b00000, 0x0000000708b00000, 0x0000000708c00000|  0%| F|  |TS  0|AC  0|TAMS 0x0000000708b00000, 0x0000000708b00000|
| 140|0x0000000708c00000, 0x0000000708c00000, 0x0000000708d00000|  0%| F|  |TS  0|AC  0|TAMS 0x0000000708c00000, 0x0000000708c00000|
| 141|0x0000000708d00000, 0x0000000708d00000, 0x0000000708e00000|  0%| F|  |TS  0|AC  0|TAMS 0x0000000708d00000, 0x0000000708d00000|
| 142|0x0000000708e00000, 0x0000000708e00000, 0x0000000708f00000|  0%| F|  |TS  0|AC  0|TAMS 0x0000000708e00000, 0x0000000708e00000|
| 143|0x0000000708f00000, 0x0000000708f00000, 0x0000000709000000|  0%| F|  |TS  0|AC  0|TAMS 0x0000000708f00000, 0x0000000708f00000|
| 144|0x0000000709000000, 0x0000000709000000, 0x0000000709100000|  0%| F|  |TS  0|AC  0|TAMS 0x0000000709000000, 0x0000000709000000|
| 145|0x0000000709100000, 0x0000000709100000, 0x0000000709200000|  0%| F|  |TS  0|AC  0|TAMS 0x0000000709100000, 0x0000000709100000|
| 146|0x0000000709200000, 0x0000000709200000, 0x0000000709300000|  0%| F|  |TS  7|AC  0|TAMS 0x0000000709200000, 0x0000000709200000|
| 147|0x0000000709300000, 0x000000070939d240, 0x0000000709400000| 61%| S|CS|TS  7|AC  0|TAMS 0x0000000709300000, 0x0000000709300000|
| 148|0x0000000709400000, 0x0000000709400000, 0x0000000709500000|  0%| F|  |TS  7|AC  0|TAMS 0x0000000709400000, 0x0000000709400000|
| 149|0x0000000709500000, 0x0000000709500000, 0x0000000709600000|  0%| F|  |TS  7|AC  0|TAMS 0x0000000709500000, 0x0000000709500000|
| 150|0x0000000709600000, 0x0000000709600000, 0x0000000709700000|  0%| F|  |TS  7|AC  0|TAMS 0x0000000709600000, 0x0000000709600000|
| 151|0x0000000709700000, 0x0000000709700000, 0x0000000709800000|  0%| F|  |TS  7|AC  0|TAMS 0x0000000709700000, 0x0000000709700000|
| 152|0x0000000709800000, 0x0000000709800000, 0x0000000709900000|  0%| F|  |TS  7|AC  0|TAMS 0x0000000709800000, 0x0000000709800000|
| 153|0x0000000709900000, 0x0000000709900000, 0x0000000709a00000|  0%| F|  |TS  7|AC  0|TAMS 0x0000000709900000, 0x0000000709900000|
| 154|0x0000000709a00000, 0x0000000709a00000, 0x0000000709b00000|  0%| F|  |TS  7|AC  0|TAMS 0x0000000709a00000, 0x0000000709a00000|
| 155|0x0000000709b00000, 0x0000000709b00000, 0x0000000709c00000|  0%| F|  |TS  7|AC  0|TAMS 0x0000000709b00000, 0x0000000709b00000|
| 156|0x0000000709c00000, 0x0000000709c00000, 0x0000000709d00000|  0%| F|  |TS  7|AC  0|TAMS 0x0000000709c00000, 0x0000000709c00000|
| 157|0x0000000709d00000, 0x0000000709d00000, 0x0000000709e00000|  0%| F|  |TS  7|AC  0|TAMS 0x0000000709d00000, 0x0000000709d00000|
| 158|0x0000000709e00000, 0x0000000709e00000, 0x0000000709f00000|  0%| F|  |TS  7|AC  0|TAMS 0x0000000709e00000, 0x0000000709e00000|
| 159|0x0000000709f00000, 0x0000000709f00000, 0x000000070a000000|  0%| F|  |TS  7|AC  0|TAMS 0x0000000709f00000, 0x0000000709f00000|
| 160|0x000000070a000000, 0x000000070a000000, 0x000000070a100000|  0%| F|  |TS  7|AC  0|TAMS 0x000000070a000000, 0x000000070a000000|
| 161|0x000000070a100000, 0x000000070a100000, 0x000000070a200000|  0%| F|  |TS  7|AC  0|TAMS 0x000000070a100000, 0x000000070a100000|
| 162|0x000000070a200000, 0x000000070a200000, 0x000000070a300000|  0%| F|  |TS  7|AC  0|TAMS 0x000000070a200000, 0x000000070a200000|
| 163|0x000000070a300000, 0x000000070a300000, 0x000000070a400000|  0%| F|  |TS  7|AC  0|TAMS 0x000000070a300000, 0x000000070a300000|
| 164|0x000000070a400000, 0x000000070a400000, 0x000000070a500000|  0%| F|  |TS  7|AC  0|TAMS 0x000000070a400000, 0x000000070a400000|
| 165|0x000000070a500000, 0x000000070a51f1f8, 0x000000070a600000| 12%| E|  |TS  7|AC  0|TAMS 0x000000070a500000, 0x000000070a500000|
| 166|0x000000070a600000, 0x000000070a700000, 0x000000070a700000|100%| E|CS|TS  7|AC  0|TAMS 0x000000070a600000, 0x000000070a600000|
| 167|0x000000070a700000, 0x000000070a800000, 0x000000070a800000|100%| E|CS|TS  7|AC  0|TAMS 0x000000070a700000, 0x000000070a700000|
| 168|0x000000070a800000, 0x000000070a900000, 0x000000070a900000|100%| E|CS|TS  7|AC  0|TAMS 0x000000070a800000, 0x000000070a800000|
| 169|0x000000070a900000, 0x000000070aa00000, 0x000000070aa00000|100%| E|CS|TS  7|AC  0|TAMS 0x000000070a900000, 0x000000070a900000|
| 170|0x000000070aa00000, 0x000000070ab00000, 0x000000070ab00000|100%| E|CS|TS  7|AC  0|TAMS 0x000000070aa00000, 0x000000070aa00000|
| 171|0x000000070ab00000, 0x000000070ac00000, 0x000000070ac00000|100%| E|CS|TS  7|AC  0|TAMS 0x000000070ab00000, 0x000000070ab00000|
| 172|0x000000070ac00000, 0x000000070ad00000, 0x000000070ad00000|100%| E|CS|TS  7|AC  0|TAMS 0x000000070ac00000, 0x000000070ac00000|
| 173|0x000000070ad00000, 0x000000070ae00000, 0x000000070ae00000|100%| E|CS|TS  7|AC  0|TAMS 0x000000070ad00000, 0x000000070ad00000|
| 174|0x000000070ae00000, 0x000000070af00000, 0x000000070af00000|100%| E|CS|TS  7|AC  0|TAMS 0x000000070ae00000, 0x000000070ae00000|
| 175|0x000000070af00000, 0x000000070b000000, 0x000000070b000000|100%| E|CS|TS  7|AC  0|TAMS 0x000000070af00000, 0x000000070af00000|
| 176|0x000000070b000000, 0x000000070b100000, 0x000000070b100000|100%| E|CS|TS  7|AC  0|TAMS 0x000000070b000000, 0x000000070b000000|
| 177|0x000000070b100000, 0x000000070b200000, 0x000000070b200000|100%| E|CS|TS  7|AC  0|TAMS 0x000000070b100000, 0x000000070b100000|
| 178|0x000000070b200000, 0x000000070b300000, 0x000000070b300000|100%| E|CS|TS  7|AC  0|TAMS 0x000000070b200000, 0x000000070b200000|
| 179|0x000000070b300000, 0x000000070b400000, 0x000000070b400000|100%| E|CS|TS  7|AC  0|TAMS 0x000000070b300000, 0x000000070b300000|
| 180|0x000000070b400000, 0x000000070b500000, 0x000000070b500000|100%| E|CS|TS  7|AC  0|TAMS 0x000000070b400000, 0x000000070b400000|
| 181|0x000000070b500000, 0x000000070b600000, 0x000000070b600000|100%| E|CS|TS  7|AC  0|TAMS 0x000000070b500000, 0x000000070b500000|
| 182|0x000000070b600000, 0x000000070b700000, 0x000000070b700000|100%| E|CS|TS  7|AC  0|TAMS 0x000000070b600000, 0x000000070b600000|
| 183|0x000000070b700000, 0x000000070b800000, 0x000000070b800000|100%| E|CS|TS  7|AC  0|TAMS 0x000000070b700000, 0x000000070b700000|
| 184|0x000000070b800000, 0x000000070b900000, 0x000000070b900000|100%| E|CS|TS  7|AC  0|TAMS 0x000000070b800000, 0x000000070b800000|
| 185|0x000000070b900000, 0x000000070ba00000, 0x000000070ba00000|100%| E|CS|TS  7|AC  0|TAMS 0x000000070b900000, 0x000000070b900000|
| 186|0x000000070ba00000, 0x000000070bb00000, 0x000000070bb00000|100%| E|CS|TS  7|AC  0|TAMS 0x000000070ba00000, 0x000000070ba00000|
| 187|0x000000070bb00000, 0x000000070bc00000, 0x000000070bc00000|100%| E|CS|TS  7|AC  0|TAMS 0x000000070bb00000, 0x000000070bb00000|
| 188|0x000000070bc00000, 0x000000070bd00000, 0x000000070bd00000|100%| E|CS|TS  7|AC  0|TAMS 0x000000070bc00000, 0x000000070bc00000|
| 189|0x000000070bd00000, 0x000000070be00000, 0x000000070be00000|100%| E|CS|TS  7|AC  0|TAMS 0x000000070bd00000, 0x000000070bd00000|
| 190|0x000000070be00000, 0x000000070bf00000, 0x000000070bf00000|100%| E|CS|TS  7|AC  0|TAMS 0x000000070be00000, 0x000000070be00000|
| 191|0x000000070bf00000, 0x000000070c000000, 0x000000070c000000|100%| E|CS|TS  7|AC  0|TAMS 0x000000070bf00000, 0x000000070bf00000|
| 192|0x000000070c000000, 0x000000070c100000, 0x000000070c100000|100%| E|CS|TS  7|AC  0|TAMS 0x000000070c000000, 0x000000070c000000|
| 193|0x000000070c100000, 0x000000070c200000, 0x000000070c200000|100%| E|CS|TS  7|AC  0|TAMS 0x000000070c100000, 0x000000070c100000|
| 194|0x000000070c200000, 0x000000070c300000, 0x000000070c300000|100%| E|CS|TS  7|AC  0|TAMS 0x000000070c200000, 0x000000070c200000|
| 195|0x000000070c300000, 0x000000070c400000, 0x000000070c400000|100%| E|CS|TS  7|AC  0|TAMS 0x000000070c300000, 0x000000070c300000|
| 196|0x000000070c400000, 0x000000070c500000, 0x000000070c500000|100%| E|CS|TS  7|AC  0|TAMS 0x000000070c400000, 0x000000070c400000|
| 197|0x000000070c500000, 0x000000070c600000, 0x000000070c600000|100%| E|CS|TS  7|AC  0|TAMS 0x000000070c500000, 0x000000070c500000|
| 198|0x000000070c600000, 0x000000070c700000, 0x000000070c700000|100%| E|CS|TS  7|AC  0|TAMS 0x000000070c600000, 0x000000070c600000|
| 199|0x000000070c700000, 0x000000070c800000, 0x000000070c800000|100%| E|CS|TS  7|AC  0|TAMS 0x000000070c700000, 0x000000070c700000|
| 200|0x000000070c800000, 0x000000070c900000, 0x000000070c900000|100%| E|CS|TS  7|AC  0|TAMS 0x000000070c800000, 0x000000070c800000|
| 201|0x000000070c900000, 0x000000070ca00000, 0x000000070ca00000|100%| E|CS|TS  7|AC  0|TAMS 0x000000070c900000, 0x000000070c900000|
| 202|0x000000070ca00000, 0x000000070cb00000, 0x000000070cb00000|100%| E|CS|TS  7|AC  0|TAMS 0x000000070ca00000, 0x000000070ca00000|
| 203|0x000000070cb00000, 0x000000070cc00000, 0x000000070cc00000|100%| E|CS|TS  7|AC  0|TAMS 0x000000070cb00000, 0x000000070cb00000|
| 204|0x000000070cc00000, 0x000000070cd00000, 0x000000070cd00000|100%| E|CS|TS  7|AC  0|TAMS 0x000000070cc00000, 0x000000070cc00000|
| 205|0x000000070cd00000, 0x000000070ce00000, 0x000000070ce00000|100%| E|CS|TS  7|AC  0|TAMS 0x000000070cd00000, 0x000000070cd00000|
| 206|0x000000070ce00000, 0x000000070cf00000, 0x000000070cf00000|100%| E|CS|TS  7|AC  0|TAMS 0x000000070ce00000, 0x000000070ce00000|

Card table byte_map: [0x0000020425e80000,0x0000020426480000] byte_map_base: 0x0000020422680000

Marking Bits (Prev, Next): (CMBitMap*) 0x000002042338b0a0, (CMBitMap*) 0x000002042338b0d8
 Prev Bits: [0x000002043ea60000, 0x0000020441a60000)
 Next Bits: [0x0000020441a60000, 0x0000020444a60000)

Polling page: 0x000002041c080000

CodeHeap 'non-profiled nmethods': size=120000Kb used=20625Kb max_used=20991Kb free=99374Kb
 bounds [0x0000020437530000, 0x00000204389c0000, 0x000002043ea60000]
CodeHeap 'profiled nmethods': size=120000Kb used=42831Kb max_used=44674Kb free=77168Kb
 bounds [0x0000020430000000, 0x0000020432c30000, 0x0000020437530000]
CodeHeap 'non-nmethods': size=5760Kb used=1813Kb max_used=1869Kb free=3947Kb
 bounds [0x000002042fa60000, 0x000002042fcd0000, 0x0000020430000000]
 total_blobs=33313 nmethods=17516 adapters=1157
 compilation: enabled

Compilation events (10 events):
Event: 1338.694 Thread 0x000002041e7d8800 23012       3       com.jidesoft.plaf.basic.BasicJideSplitButtonUI::paintIcon (345 bytes)
Event: 1338.695 Thread 0x000002041e7d8800 nmethod 23012 0x0000020431978a10 code [0x0000020431978e40, 0x000002043197b5e0]
Event: 1338.695 Thread 0x000002041e7d8800 23013       3       com.jidesoft.plaf.basic.BasicJideSplitButtonUI::paintText (404 bytes)
Event: 1338.698 Thread 0x000002041e7d8800 nmethod 23013 0x0000020432145d90 code [0x0000020432146480, 0x000002043214bb80]
Event: 1338.742 Thread 0x000002041e7d8800 23014       1       com.jidesoft.plaf.basic.BasicJideSplitButtonUI::getRightMargin (7 bytes)
Event: 1338.742 Thread 0x000002041e7d8800 nmethod 23014 0x0000020438052c90 code [0x0000020438052e40, 0x0000020438052f58]
Event: 1338.742 Thread 0x000002041e7d8800 23015       1       javax.swing.text.DefaultHighlighter$DefaultHighlightPainter::getColor (5 bytes)
Event: 1338.742 Thread 0x000002041e7d8800 nmethod 23015 0x0000020438052810 code [0x00000204380529c0, 0x0000020438052ad8]
Event: 1339.566 Thread 0x000002041e7d8800 23016       1       ui.b.c.by::w (5 bytes)
Event: 1339.566 Thread 0x000002041e7d8800 nmethod 23016 0x000002043812b410 code [0x000002043812b5c0, 0x000002043812b6d8]

GC Heap History (10 events):
Event: 1319.759 GC heap before
{Heap before GC invocations=448 (full 124):
 garbage-first heap   total 211968K, used 118944K [0x0000000700000000, 0x0000000700100678, 0x00000007c0000000)
  region size 1024K, 47 young (48128K), 3 survivors (3072K)
 Metaspace       used 87956K, capacity 94797K, committed 95048K, reserved 1130496K
  class space    used 12113K, capacity 13297K, committed 13384K, reserved 1048576K
}
Event: 1320.020 GC heap after
{Heap after GC invocations=449 (full 125):
 garbage-first heap   total 211968K, used 69086K [0x0000000700000000, 0x0000000700100678, 0x00000007c0000000)
  region size 1024K, 0 young (0K), 0 survivors (0K)
 Metaspace       used 87956K, capacity 94797K, committed 95048K, reserved 1130496K
  class space    used 12113K, capacity 13297K, committed 13384K, reserved 1048576K
}
Event: 1323.042 GC heap before
{Heap before GC invocations=449 (full 125):
 garbage-first heap   total 211968K, used 132574K [0x0000000700000000, 0x0000000700100678, 0x00000007c0000000)
  region size 1024K, 60 young (61440K), 0 survivors (0K)
 Metaspace       used 87964K, capacity 94861K, committed 95048K, reserved 1130496K
  class space    used 12113K, capacity 13297K, committed 13384K, reserved 1048576K
}
Event: 1323.046 GC heap after
{Heap after GC invocations=450 (full 125):
 garbage-first heap   total 211968K, used 71624K [0x0000000700000000, 0x0000000700100678, 0x00000007c0000000)
  region size 1024K, 1 young (1024K), 1 survivors (1024K)
 Metaspace       used 87964K, capacity 94861K, committed 95048K, reserved 1130496K
  class space    used 12113K, capacity 13297K, committed 13384K, reserved 1048576K
}
Event: 1333.674 GC heap before
{Heap before GC invocations=450 (full 125):
 garbage-first heap   total 211968K, used 132040K [0x0000000700000000, 0x0000000700100678, 0x00000007c0000000)
  region size 1024K, 60 young (61440K), 1 survivors (1024K)
 Metaspace       used 87979K, capacity 94861K, committed 95048K, reserved 1130496K
  class space    used 12113K, capacity 13297K, committed 13384K, reserved 1048576K
}
Event: 1333.676 GC heap after
{Heap after GC invocations=451 (full 125):
 garbage-first heap   total 211968K, used 72126K [0x0000000700000000, 0x0000000700100678, 0x00000007c0000000)
  region size 1024K, 1 young (1024K), 1 survivors (1024K)
 Metaspace       used 87979K, capacity 94861K, committed 95048K, reserved 1130496K
  class space    used 12113K, capacity 13297K, committed 13384K, reserved 1048576K
}
Event: 1338.483 GC heap before
{Heap before GC invocations=451 (full 125):
 garbage-first heap   total 211968K, used 132542K [0x0000000700000000, 0x0000000700100678, 0x00000007c0000000)
  region size 1024K, 60 young (61440K), 1 survivors (1024K)
 Metaspace       used 87985K, capacity 94861K, committed 95048K, reserved 1130496K
  class space    used 12113K, capacity 13297K, committed 13384K, reserved 1048576K
}
Event: 1338.485 GC heap after
{Heap after GC invocations=452 (full 125):
 garbage-first heap   total 211968K, used 71943K [0x0000000700000000, 0x0000000700100678, 0x00000007c0000000)
  region size 1024K, 1 young (1024K), 1 survivors (1024K)
 Metaspace       used 87985K, capacity 94861K, committed 95048K, reserved 1130496K
  class space    used 12113K, capacity 13297K, committed 13384K, reserved 1048576K
}
Event: 1338.638 GC heap before
{Heap before GC invocations=452 (full 125):
 garbage-first heap   total 211968K, used 132359K [0x0000000700000000, 0x0000000700100678, 0x00000007c0000000)
  region size 1024K, 60 young (61440K), 1 survivors (1024K)
 Metaspace       used 87986K, capacity 94861K, committed 95048K, reserved 1130496K
  class space    used 12113K, capacity 13297K, committed 13384K, reserved 1048576K
}
Event: 1338.640 GC heap after
{Heap after GC invocations=453 (full 125):
 garbage-first heap   total 211968K, used 71763K [0x0000000700000000, 0x0000000700100678, 0x00000007c0000000)
  region size 1024K, 1 young (1024K), 1 survivors (1024K)
 Metaspace       used 87986K, capacity 94861K, committed 95048K, reserved 1130496K
  class space    used 12113K, capacity 13297K, committed 13384K, reserved 1048576K
}

Deoptimization events (10 events):
Event: 1301.845 Thread 0x00000204479db000 Uncommon trap: reason=bimorphic_or_optimized_type_check action=maybe_recompile pc=0x00000204385e2a50 method=javax.swing.JComponent.scrollRectToVisible(Ljava/awt/Rectangle;)V @ 59 c2
Event: 1301.845 Thread 0x00000204479db000 Uncommon trap: reason=unstable_if action=reinterpret pc=0x000002043830dc94 method=com.jidesoft.plaf.basic.BasicStyledLabelUI.layoutCL(Ljavax/swing/JLabel;Ljava/awt/FontMetrics;Ljava/lang/String;Ljavax/swing/Icon;Ljava/awt/Rectangle;Ljava/awt/Rectangle;Lja
Event: 1301.845 Thread 0x00000204479db000 Uncommon trap: reason=unstable_if action=reinterpret pc=0x00000204382aeb10 method=com.jidesoft.plaf.basic.BasicStyledLabelUI.getPreferredSize(Lcom/jidesoft/swing/StyledLabel;)Ljava/awt/Dimension; @ 27 c2
Event: 1301.845 Thread 0x00000204479db000 Uncommon trap: reason=unstable_if action=reinterpret pc=0x0000020438293d78 method=com.jidesoft.plaf.basic.BasicStyledLabelUI.layoutCompoundLabelImpl(Ljavax/swing/JComponent;Ljava/awt/FontMetrics;Ljava/lang/String;Ljavax/swing/Icon;IIIILjava/awt/Rectangle;
Event: 1301.882 Thread 0x00000204479db000 Uncommon trap: reason=unstable_if action=reinterpret pc=0x000002043873c460 method=com.jidesoft.plaf.basic.BasicStyledLabelUI.layoutCL(Ljavax/swing/JLabel;Ljava/awt/FontMetrics;Ljava/lang/String;Ljavax/swing/Icon;Ljava/awt/Rectangle;Ljava/awt/Rectangle;Lja
Event: 1301.882 Thread 0x00000204479db000 Uncommon trap: reason=unstable_if action=reinterpret pc=0x0000020438235130 method=com.jidesoft.plaf.basic.BasicStyledLabelUI.layoutCL(Ljavax/swing/JLabel;Ljava/awt/FontMetrics;Ljava/lang/String;Ljavax/swing/Icon;Ljava/awt/Rectangle;Ljava/awt/Rectangle;Lja
Event: 1301.882 Thread 0x00000204479db000 Uncommon trap: reason=unstable_if action=reinterpret pc=0x00000204383bcfcc method=com.jidesoft.plaf.basic.BasicStyledLabelUI.internalPaintStyledText(Lcom/jidesoft/swing/StyledLabel;Ljava/awt/Graphics;III)I @ 507 c2
Event: 1301.885 Thread 0x00000204479db000 Uncommon trap: reason=unstable_if action=reinterpret pc=0x00000204387250ec method=com.jidesoft.plaf.basic.BasicStyledLabelUI.layoutCL(Ljavax/swing/JLabel;Ljava/awt/FontMetrics;Ljava/lang/String;Ljavax/swing/Icon;Ljava/awt/Rectangle;Ljava/awt/Rectangle;Lja
Event: 1305.016 Thread 0x00000204479db000 Uncommon trap: reason=unstable_if action=reinterpret pc=0x00000204389365e8 method=java.awt.Component.dispatchEventImpl(Ljava/awt/AWTEvent;)V @ 357 c2
Event: 1336.247 Thread 0x00000204479db000 Uncommon trap: reason=unstable_if action=reinterpret pc=0x00000204381daf5c method=java.awt.LightweightDispatcher.eventDispatched(Ljava/awt/AWTEvent;)V @ 122 c2

Classes redefined (0 events):
No events

Internal exceptions (10 events):
Event: 1089.846 Thread 0x00000204479db000 Exception <a 'java/io/FileNotFoundException'{0x000000070b014998}> (0x000000070b014998) thrown at [t:/workspace/hotspot/src/share/vm/prims/jni.cpp, line 604]
Event: 1094.847 Thread 0x00000204479db000 Exception <a 'java/io/FileNotFoundException'{0x000000070ad944f0}> (0x000000070ad944f0) thrown at [t:/workspace/hotspot/src/share/vm/prims/jni.cpp, line 604]
Event: 1099.848 Thread 0x00000204479db000 Exception <a 'java/io/FileNotFoundException'{0x000000070aac7c30}> (0x000000070aac7c30) thrown at [t:/workspace/hotspot/src/share/vm/prims/jni.cpp, line 604]
Event: 1104.850 Thread 0x00000204479db000 Exception <a 'java/io/FileNotFoundException'{0x000000070a67f8e0}> (0x000000070a67f8e0) thrown at [t:/workspace/hotspot/src/share/vm/prims/jni.cpp, line 604]
Event: 1109.850 Thread 0x00000204479db000 Exception <a 'java/io/FileNotFoundException'{0x000000070a294a60}> (0x000000070a294a60) thrown at [t:/workspace/hotspot/src/share/vm/prims/jni.cpp, line 604]
Event: 1114.850 Thread 0x00000204479db000 Exception <a 'java/io/FileNotFoundException'{0x0000000709fd8b38}> (0x0000000709fd8b38) thrown at [t:/workspace/hotspot/src/share/vm/prims/jni.cpp, line 604]
Event: 1119.850 Thread 0x00000204479db000 Exception <a 'java/io/FileNotFoundException'{0x0000000709bc72a0}> (0x0000000709bc72a0) thrown at [t:/workspace/hotspot/src/share/vm/prims/jni.cpp, line 604]
Event: 1124.850 Thread 0x00000204479db000 Exception <a 'java/io/FileNotFoundException'{0x00000007098c5a78}> (0x00000007098c5a78) thrown at [t:/workspace/hotspot/src/share/vm/prims/jni.cpp, line 604]
Event: 1129.850 Thread 0x00000204479db000 Exception <a 'java/io/FileNotFoundException'{0x000000070cdc9b50}> (0x000000070cdc9b50) thrown at [t:/workspace/hotspot/src/share/vm/prims/jni.cpp, line 604]
Event: 1243.382 Thread 0x0000020447f53000 Exception <a 'java/lang/InterruptedException'{0x000000070c68da88}: sleep interrupted> (0x000000070c68da88) thrown at [t:/workspace/hotspot/src/share/vm/prims/jvm.cpp, line 2984]

Events (10 events):
Event: 1336.247 Thread 0x00000204479db000 DEOPT PACKING pc=0x00000204381daf5c sp=0x000000dfc1ff5cf0
Event: 1336.247 Thread 0x00000204479db000 DEOPT UNPACKING pc=0x000002042faadf29 sp=0x000000dfc1ff5cb0 mode 2
Event: 1336.251 Thread 0x0000020447f51800 Thread added: 0x0000020447f51800
Event: 1336.259 Thread 0x0000020447f51800 Thread exited: 0x0000020447f51800
Event: 1338.463 Thread 0x0000020447f57800 Thread added: 0x0000020447f57800
Event: 1338.467 Thread 0x0000020447f57800 Thread exited: 0x0000020447f57800
Event: 1338.483 Executing VM operation: G1IncCollectionPause
Event: 1338.485 Executing VM operation: G1IncCollectionPause done
Event: 1338.638 Executing VM operation: G1IncCollectionPause
Event: 1338.640 Executing VM operation: G1IncCollectionPause done


Dynamic libraries:
0x00007ff73add0000 - 0x00007ff73ae00000 	C:\Xilinx\Vivado\2019.1\bin\unwrapped\win64.o\vivado.exe
0x00007fff72960000 - 0x00007fff72b4c000 	C:\Windows\SYSTEM32\ntdll.dll
0x00007fff6fd90000 - 0x00007fff6fe43000 	C:\Windows\System32\KERNEL32.DLL
0x00007fff6eb70000 - 0x00007fff6ee04000 	C:\Windows\System32\KERNELBASE.dll
0x00007fff6eeb0000 - 0x00007fff6efaa000 	C:\Windows\System32\ucrtbase.dll
0x00007fff5f0a0000 - 0x00007fff5f131000 	C:\Windows\SYSTEM32\MSVCP140.dll
0x00007fff0c650000 - 0x00007fff0d532000 	C:\Xilinx\Vivado\2019.1\lib\win64.o\librdi_common.dll
0x00007fff69610000 - 0x00007fff69624000 	C:\Xilinx\Vivado\2019.1\lib\win64.o\libboost_signals.dll
0x00007fff69370000 - 0x00007fff69384000 	C:\Xilinx\Vivado\2019.1\lib\win64.o\librdi_commonmain.dll
0x00007fff71600000 - 0x00007fff71797000 	C:\Windows\System32\USER32.dll
0x00007fff5efd0000 - 0x00007fff5efe9000 	C:\Windows\SYSTEM32\VCRUNTIME140.dll
0x00007fff6f7b0000 - 0x00007fff6f7d0000 	C:\Windows\System32\win32u.dll
0x00007fff5efb0000 - 0x00007fff5efbc000 	C:\Windows\SYSTEM32\VCRUNTIME140_1.dll
0x00007fff71e80000 - 0x00007fff71ea9000 	C:\Windows\System32\GDI32.dll
0x00007fff6f9c0000 - 0x00007fff6fb5c000 	C:\Windows\System32\gdi32full.dll
0x00007fff6ee10000 - 0x00007fff6eeb0000 	C:\Windows\System32\msvcp_win.dll
0x00007fff72410000 - 0x00007fff724b3000 	C:\Windows\System32\ADVAPI32.dll
0x00007fff69230000 - 0x00007fff69256000 	C:\Xilinx\Vivado\2019.1\lib\win64.o\libboost_filesystem.dll
0x00007fff69210000 - 0x00007fff69224000 	C:\Xilinx\Vivado\2019.1\lib\win64.o\libboost_date_time.dll
0x00007fff724c0000 - 0x00007fff7255e000 	C:\Windows\System32\msvcrt.dll
0x00007fff2b2b0000 - 0x00007fff2b61e000 	C:\Xilinx\Vivado\2019.1\lib\win64.o\libCOIN-all.dll
0x00007fff6fb60000 - 0x00007fff6fbfe000 	C:\Windows\System32\sechost.dll
0x00007fff71cb0000 - 0x00007fff71dcf000 	C:\Windows\System32\RPCRT4.dll
0x00007fff682d0000 - 0x00007fff6834f000 	C:\Xilinx\Vivado\2019.1\lib\win64.o\libboost_program_options.dll
0x00007fff695e0000 - 0x00007fff695eb000 	C:\Xilinx\Vivado\2019.1\lib\win64.o\libboost_system.dll
0x00007fff6ffc0000 - 0x00007fff714b9000 	C:\Windows\System32\SHELL32.dll
0x00007fff6ea40000 - 0x00007fff6ea8a000 	C:\Windows\System32\cfgmgr32.dll
0x00007fff2e430000 - 0x00007fff2e544000 	C:\Xilinx\Vivado\2019.1\lib\win64.o\libboost_regex.dll
0x00007fff71dd0000 - 0x00007fff71e78000 	C:\Windows\System32\shcore.dll
0x00007fff691e0000 - 0x00007fff69201000 	C:\Xilinx\Vivado\2019.1\lib\win64.o\libboost_thread.dll
0x00007fff725c0000 - 0x00007fff728ed000 	C:\Windows\System32\combase.dll
0x00007fff695b0000 - 0x00007fff695bf000 	C:\Xilinx\Vivado\2019.1\lib\win64.o\libboost_xilinx.dll
0x00007fff6eaf0000 - 0x00007fff6eb6f000 	C:\Windows\System32\bcryptPrimitives.dll
0x00007fff6f060000 - 0x00007fff6f7ab000 	C:\Windows\System32\windows.storage.dll
0x00007fff68240000 - 0x00007fff682c2000 	C:\Xilinx\Vivado\2019.1\lib\win64.o\libhdlpsolve.dll
0x00007fff6e940000 - 0x00007fff6e964000 	C:\Windows\System32\profapi.dll
0x00007fff0baa0000 - 0x00007fff0c64f400 	C:\Xilinx\Vivado\2019.1\lib\win64.o\libisl_iostreams.dll
0x00007fff4af20000 - 0x00007fff4afc5000 	C:\Xilinx\Vivado\2019.1\lib\win64.o\libhdxml.dll
0x00007fff6e990000 - 0x00007fff6e9ed000 	C:\Windows\System32\powrprof.dll
0x00007fff71f50000 - 0x00007fff71fa2000 	C:\Windows\System32\shlwapi.dll
0x00007fff6e970000 - 0x00007fff6e981000 	C:\Windows\System32\kernel.appcore.dll
0x00007fff68820000 - 0x00007fff6884e000 	C:\Xilinx\Vivado\2019.1\lib\win64.o\libisl_sysinfo.dll
0x00007fff6ea20000 - 0x00007fff6ea37000 	C:\Windows\System32\cryptsp.dll
0x00007fff69590000 - 0x00007fff6959a000 	C:\Xilinx\Vivado\2019.1\lib\win64.o\librdi_commonversion.dll
0x00007fff71ee0000 - 0x00007fff71f4d000 	C:\Windows\System32\WS2_32.dll
0x00007fff68bc0000 - 0x00007fff68bda000 	C:\Xilinx\Vivado\2019.1\lib\win64.o\pthreadVC2.dll
0x00007fff453d0000 - 0x00007fff45435000 	C:\Xilinx\Vivado\2019.1\lib\win64.o\liblmx6.0.dll
0x00007fff2b180000 - 0x00007fff2b2a1000 	C:\Xilinx\Vivado\2019.1\lib\win64.o\librdi_commonxillic.dll
0x000000006b060000 - 0x000000006b18b000 	C:\Xilinx\Vivado\2019.1\lib\win64.o\tcl85t.dll
0x00007fff687f0000 - 0x00007fff68811000 	C:\Xilinx\Vivado\2019.1\lib\win64.o\librdizlib.dll
0x00007fff683c0000 - 0x00007fff683dc000 	C:\Xilinx\Vivado\2019.1\lib\win64.o\librdiconfig.dll
0x0000000012000000 - 0x0000000012270000 	C:\Xilinx\Vivado\2019.1\lib\win64.o\xerces-c_3_1.dll
0x00007fff5f4f0000 - 0x00007fff5f507000 	C:\Windows\SYSTEM32\NETAPI32.dll
0x00007fff69880000 - 0x00007fff6997c000 	C:\Windows\SYSTEM32\WINHTTP.dll
0x00007fff54ee0000 - 0x00007fff553c1000 	C:\Windows\SYSTEM32\WININET.dll
0x00007fff615d0000 - 0x00007fff617a8000 	C:\Windows\SYSTEM32\urlmon.dll
0x00007fff693a0000 - 0x00007fff693ad000 	C:\Xilinx\Vivado\2019.1\lib\win64.o\libboost_chrono.dll
0x00007fff683a0000 - 0x00007fff683bb000 	C:\Xilinx\Vivado\2019.1\lib\win64.o\libboost_iostreams.dll
0x00007fff67880000 - 0x00007fff678a5000 	C:\Xilinx\Vivado\2019.1\lib\win64.o\libisl_iosutils.dll
0x00007fff5efc0000 - 0x00007fff5efc9000 	C:\Windows\SYSTEM32\WSOCK32.dll
0x00007fff55540000 - 0x00007fff55569000 	C:\Windows\SYSTEM32\VCOMP140.DLL
0x00007fff0ac00000 - 0x00007fff0ba91000 	C:\Xilinx\Vivado\2019.1\lib\win64.o\gurobi65.dll
0x00007fff60850000 - 0x00007fff60af9000 	C:\Windows\SYSTEM32\iertutil.dll
0x00007fff2aea0000 - 0x00007fff2b178000 	C:\Xilinx\Vivado\2019.1\lib\win64.o\libXil_lmgr11.dll
0x00007fff722c0000 - 0x00007fff723e7000 	C:\Windows\System32\COMDLG32.dll
0x00007fff6e330000 - 0x00007fff6e33c000 	C:\Windows\SYSTEM32\CRYPTBASE.DLL
0x00007fff6fcb0000 - 0x00007fff6fd74000 	C:\Windows\System32\OLEAUT32.dll
0x00007fff5eff0000 - 0x00007fff5f099000 	C:\Windows\WinSxS\amd64_microsoft.windows.common-controls_6595b64144ccf1df_5.82.17763.1879_none_6d0b791059f51618\COMCTL32.dll
0x00007fff72160000 - 0x00007fff722b6000 	C:\Windows\System32\ole32.dll
0x00007fff6ea90000 - 0x00007fff6eae9000 	C:\Windows\System32\WINTRUST.dll
0x00007fff6e920000 - 0x00007fff6e932000 	C:\Windows\System32\MSASN1.dll
0x00007fff6f7d0000 - 0x00007fff6f9b3000 	C:\Windows\System32\CRYPT32.dll
0x00007fff69de0000 - 0x00007fff69dfc000 	C:\Windows\SYSTEM32\dhcpcsvc.DLL
0x00007fff728f0000 - 0x00007fff728f8000 	C:\Windows\System32\NSI.dll
0x00007fff6df30000 - 0x00007fff6df3e000 	C:\Windows\SYSTEM32\NETUTILS.DLL
0x00007fff71eb0000 - 0x00007fff71ede000 	C:\Windows\System32\IMM32.DLL
0x00007fff113d0000 - 0x00007fff118e7000 	C:\Xilinx\Vivado\2019.1\lib\win64.o\librdi_commontasks.dll
0x00007fff68640000 - 0x00007fff6864a000 	C:\Windows\SYSTEM32\VERSION.dll
0x00007fff11140000 - 0x00007fff113c6000 	C:\Xilinx\Vivado\2019.1\lib\win64.o\librdi_sio.dll
0x000000006a630000 - 0x000000006b055000 	C:\Xilinx\Vivado\2019.1\tps\win64\jre9.0.4\bin\server\jvm.dll
0x00007fff6fd80000 - 0x00007fff6fd88000 	C:\Windows\System32\PSAPI.DLL
0x00007fff6de20000 - 0x00007fff6de5d000 	C:\Windows\SYSTEM32\IPHLPAPI.DLL
0x00007fff6c7e0000 - 0x00007fff6c804000 	C:\Windows\SYSTEM32\WINMM.dll
0x00007fff5ec30000 - 0x00007fff5ed1f000 	C:\Windows\SYSTEM32\MSVCR120.dll
0x00007fff6c7b0000 - 0x00007fff6c7dd000 	C:\Windows\SYSTEM32\winmmbase.dll
0x00007fff6e100000 - 0x00007fff6e167000 	C:\Windows\SYSTEM32\MSWSOCK.DLL
0x00007fff08740000 - 0x00007fff0abfc000 	C:\Xilinx\Vivado\2019.1\lib\win64.o\librdi_tcltasks.dll
0x00007fff0d990000 - 0x00007fff0dd98000 	C:\Xilinx\Vivado\2019.1\lib\win64.o\librdi_bitstream.dll
0x00007fff38c70000 - 0x00007fff38ce8000 	C:\Xilinx\Vivado\2019.1\lib\win64.o\librdi_boarddep.dll
0x00007fff35030000 - 0x00007fff3511b000 	C:\Xilinx\Vivado\2019.1\lib\win64.o\librdi_chipscope.dll
0x00007fff0d7f0000 - 0x00007fff0d981000 	C:\Xilinx\Vivado\2019.1\lib\win64.o\librdi_board.dll
0x00007fff08580000 - 0x00007fff0873d000 	C:\Xilinx\Vivado\2019.1\lib\win64.o\librdi_chipscopeimpl.dll
0x00007fff2aa60000 - 0x00007fff2abb6000 	C:\Xilinx\Vivado\2019.1\lib\win64.o\librdi_containers.dll
0x00007fff045f0000 - 0x00007fff04cca000 	C:\Xilinx\Vivado\2019.1\lib\win64.o\librdi_coregenipxact.dll
0x00007fff04cd0000 - 0x00007fff06b81000 	C:\Xilinx\Vivado\2019.1\lib\win64.o\librdi_coregen.dll
0x00007fff06b90000 - 0x00007fff0857a000 	C:\Xilinx\Vivado\2019.1\lib\win64.o\librdi_constraints.dll
0x00007fff005a0000 - 0x00007fff045e3000 	C:\Xilinx\Vivado\2019.1\lib\win64.o\librdi_designutils.dll
0x00007ffeede50000 - 0x00007ffeee16e000 	C:\Xilinx\Vivado\2019.1\lib\win64.o\librdi_dlyest.dll
0x00007fff2e360000 - 0x00007fff2e424000 	C:\Xilinx\Vivado\2019.1\lib\win64.o\librdi_dsp.dll
0x00007ffeed260000 - 0x00007ffeed8ad000 	C:\Xilinx\Vivado\2019.1\lib\win64.o\librdi_filemgmt.dll
0x00007ffeecf70000 - 0x00007ffeed253000 	C:\Xilinx\Vivado\2019.1\lib\win64.o\librdi_guitools.dll
0x00007ffeed8b0000 - 0x00007ffeede4a000 	C:\Xilinx\Vivado\2019.1\lib\win64.o\librdi_drc.dll
0x00007ffeee170000 - 0x00007fff0059c000 	C:\Xilinx\Vivado\2019.1\lib\win64.o\librdi_device.dll
0x00007fff38c00000 - 0x00007fff38c65000 	C:\Xilinx\Vivado\2019.1\lib\win64.o\librdi_hdf.dll
0x00007ffeec950000 - 0x00007ffeecf65000 	C:\Xilinx\Vivado\2019.1\lib\win64.o\librdi_memdata.dll
0x00007fff38b40000 - 0x00007fff38bb3000 	C:\Xilinx\Vivado\2019.1\lib\win64.o\librdi_memoryarray.dll
0x00007fff45340000 - 0x00007fff4538b000 	C:\Xilinx\Vivado\2019.1\lib\win64.o\librdi_pfi.dll
0x00007ffeeace0000 - 0x00007ffeeb382000 	C:\Xilinx\Vivado\2019.1\lib\win64.o\librdi_netlist.dll
0x00007ffeeb390000 - 0x00007ffeec950000 	C:\Xilinx\Vivado\2019.1\lib\win64.o\librdi_implflow.dll
0x00007ffee5660000 - 0x00007ffee596f000 	C:\Xilinx\Vivado\2019.1\lib\win64.o\librdi_platform.dll
0x00007ffee4f10000 - 0x00007ffee565a000 	C:\Xilinx\Vivado\2019.1\lib\win64.o\librdi_power.dll
0x00007ffee4990000 - 0x00007ffee4f0f000 	C:\Xilinx\Vivado\2019.1\lib\win64.o\librdi_project.dll
0x00007ffee3b70000 - 0x00007ffee4276000 	C:\Xilinx\Vivado\2019.1\lib\win64.o\librdi_rsb.dll
0x00007ffee4280000 - 0x00007ffee4989000 	C:\Xilinx\Vivado\2019.1\lib\win64.o\librdi_psta.dll
0x00007fff21e60000 - 0x00007fff21f5a000 	C:\Xilinx\Vivado\2019.1\lib\win64.o\librdi_runsbase.dll
0x00007ffee3770000 - 0x00007ffee3b61000 	C:\Xilinx\Vivado\2019.1\lib\win64.o\librdi_runs.dll
0x00007ffee3510000 - 0x00007ffee3766000 	C:\Xilinx\Vivado\2019.1\lib\win64.o\librdi_simdata.dll
0x00007ffee2570000 - 0x00007ffee26e2000 	C:\Xilinx\Vivado\2019.1\lib\win64.o\librdi_advchipscopeimpl.dll
0x00007ffee7ff0000 - 0x00007ffeeacd6000 	C:\Xilinx\Vivado\2019.1\lib\win64.o\librdi_mig.dll
0x00007ffee5970000 - 0x00007ffee7fe6000 	C:\Xilinx\Vivado\2019.1\lib\win64.o\librdi_place.dll
0x00007ffee26f0000 - 0x00007ffee3501000 	C:\Xilinx\Vivado\2019.1\lib\win64.o\librdi_timing.dll
0x00007ffee23d0000 - 0x00007ffee256f000 	C:\Xilinx\Vivado\2019.1\lib\win64.o\librdi_hip_devdesign.dll
0x00007fff3d110000 - 0x00007fff3d153000 	C:\Xilinx\Vivado\2019.1\lib\win64.o\librdi_noc_frameworks.dll
0x00007fff35840000 - 0x00007fff3588c000 	C:\Xilinx\Vivado\2019.1\lib\win64.o\libboost_serialization.dll
0x00007fff2a430000 - 0x00007fff2a4f2000 	C:\Xilinx\Vivado\2019.1\lib\win64.o\librdi_ipconfig_readwrite.dll
0x00007ffee1880000 - 0x00007ffee23c7000 	C:\Xilinx\Vivado\2019.1\lib\win64.o\libverific.dll
0x00007fff30810000 - 0x00007fff308ae000 	C:\Xilinx\Vivado\2019.1\lib\win64.o\libise.dll
0x00007ffee1490000 - 0x00007ffee1875000 	C:\Xilinx\Vivado\2019.1\lib\win64.o\librdi_hip_config.dll

VM Arguments:
jvm_args: -Dsun.java2d.pmoffscreen=false -Dsun.java2d.xrender=false -Dsun.java2d.d3d=false -Dsun.awt.nopixfmt=true -Dsun.java2d.dpiaware=true -Dsun.java2d.uiScale.enabled=false -Xverify:none -Dswing.aatext=true -XX:-UsePerfData -Djdk.map.althashing.threshold=512 -XX:StringTableSize=4072 --add-opens=java.base/java.nio=ALL-UNNAMED --add-opens=java.desktop/sun.swing=ALL-UNNAMED --add-opens=java.desktop/javax.swing=ALL-UNNAMED --add-opens=java.desktop/javax.swing.tree=ALL-UNNAMED --add-opens=java.desktop/javax.swing.plaf.basic=ALL-UNNAMED --add-opens=java.desktop/javax.swing.plaf.synth=ALL-UNNAMED --add-opens=java.desktop/com.sun.awt=ALL-UNNAMED -XX:NewSize=60m -XX:MaxNewSize=60m -Xms128m -Xmx3072m -Xss5m 
java_command: <unknown>
java_class_path (initial): C:/Xilinx/Vivado/2019.1\lib\classes\alloy.jar;C:/Xilinx/Vivado/2019.1\lib\classes\autopilot.scelaborator.jar;C:/Xilinx/Vivado/2019.1\lib\classes\autopilot.sourceprocessor.jar;C:/Xilinx/Vivado/2019.1\lib\classes\autopilot.tbprocessor.jar;C:/Xilinx/Vivado/2019.1\lib\classes\batik-anim.jar;C:/Xilinx/Vivado/2019.1\lib\classes\batik-awt-util.jar;C:/Xilinx/Vivado/2019.1\lib\classes\batik-bridge.jar;C:/Xilinx/Vivado/2019.1\lib\classes\batik-codec.jar;C:/Xilinx/Vivado/2019.1\lib\classes\batik-css.jar;C:/Xilinx/Vivado/2019.1\lib\classes\batik-dom.jar;C:/Xilinx/Vivado/2019.1\lib\classes\batik-ext.jar;C:/Xilinx/Vivado/2019.1\lib\classes\batik-gui-util.jar;C:/Xilinx/Vivado/2019.1\lib\classes\batik-gvt.jar;C:/Xilinx/Vivado/2019.1\lib\classes\batik-parser.jar;C:/Xilinx/Vivado/2019.1\lib\classes\batik-script.jar;C:/Xilinx/Vivado/2019.1\lib\classes\batik-svg-dom.jar;C:/Xilinx/Vivado/2019.1\lib\classes\batik-swing.jar;C:/Xilinx/Vivado/2019.1\lib\classes\batik-transcoder.jar;C:/Xilinx/Vivado/2019.1\lib\classes\batik-util.jar;C:/Xilinx/Vivado/2019.1\lib\classes\batik-xml.jar;C:/Xilinx/Vivado/2019.1\lib\classes\com.google.gson_2.7.0.v20170129-0911.jar;C:/Xilinx/Vivado/2019.1\lib\classes\com.google.guava_21.0.0.v20170206-1425.jar;C:/Xilinx/Vivado/2019.1\lib\classes\com.google.inject_3.0.0.v201605172100.jar;C:/Xilinx/Vivado/2019.1\lib\classes\com.ibm.icu_4.4.2.v20110208.jar;C:/Xilinx/Vivado/2019.1\lib\classes\com.sigasi.hdt.annotations.runtime_4.3.0.201903071210.jar;C:/Xilinx/Vivado/2019.1\lib\classes\com.sigasi.hdt.blockdiagram.model_4.3.0.201903071210.jar;C:/Xilinx/Vivado/2019.1\lib\classes\com.sigasi.hdt.connection_4.3.0.201903071210.jar;C:/Xilinx/Vivado/2019.1\lib\classes\com.sigasi.hdt.dependencies.model_4.3.0.201903071210.jar;C:/Xilinx/Vivado/2019.1\lib\classes\com.sigasi.hdt.epl_4.3.0.201903071210.jar;C:/Xilinx/Vivado/2019.1\lib\classes\com.sigasi.hdt.graphics.model_4.3.0.201903071210.jar;C:/Xilinx/Vivado/2019.1\lib\classes\com.sigasi.hdt.project_4.3.0
Launcher Type: generic

Logging:
Log output configuration:
#0: stdout all=warning uptime,level,tags
#1: stderr all=off uptime,level,tags

Environment Variables:
PATH=C:/Xilinx/Vivado/2019.1/bin;C:/Xilinx/Vivado/2019.1/lib/win64.o;C:/Xilinx/Vivado/2019.1/tps/win64/jre9.0.4/bin/server;C:/Xilinx/Vivado/2019.1/tps/win64/jre9.0.4/bin;C:/Xilinx/SDK/2019.1/bin;C:/Xilinx/Vivado/2019.1/ids_lite/ISE/bin/nt64;C:/Xilinx/Vivado/2019.1/ids_lite/ISE/lib/nt64;C:\Program Files (x86)\Common Files\Intel\Shared Files\fortran\bin\Intel64;C:\Program Files (x86)\Common Files\Intel\Shared Libraries\redist\intel64_win\mpirt;C:\Program Files (x86)\Common Files\Intel\Shared Libraries\redist\intel64_win\compiler;C:\Program Files\NVIDIA GPU Computing Toolkit\CUDA\v11.1\bin;C:\Program Files\NVIDIA GPU Computing Toolkit\CUDA\v11.1\libnvvp;C:\SIMULIA\Commands;C:\Program Files\Microsoft MPI\Bin\;C:\Program Files (x86)\Common Files\Oracle\Java\javapath;C:\Windows\system32;C:\Windows;C:\Windows\System32\Wbem;C:\Windows\System32\WindowsPowerShell\v1.0\;C:\Windows\System32\OpenSSH\;C:\Windows\CCM;C:\Program Files\Microsoft SQL Server\110\Tools\Binn\;C:\Program Files\dotnet\;C:\Program Files\Microsoft SQL Server\130\Tools\Binn\;C:\Program Files\Plaxis\PLAXIS 2D\python\plxpy;C:\Program Files\Microsoft VS Code\bin;C:\TDM-GCC-64\bin;C:\Program Files (x86)\IVI Foundation\VISA\WinNT\Bin\;C:\Program Files\IVI Foundation\VISA\Win64\Bin\;C:\Program Files (x86)\National Instruments\Shared\LabVIEW CLI;C:\Program Files\PuTTY\;C:\Program Files\NVIDIA Corporation\Nsight Compute 2020.2.1\;C:\Program Files (x86)\NVIDIA Corporation\PhysX\Common;C:\Program Files\Mu\bin;C:\ETAP 2000\;C:\ETAP 2000\ThirdParty\Python\Python35\;C:\ETAP 2000\ThirdParty\Python\Python35\Scripts\;C:\Program Files\Plaxis\PLAXIS 3D\python\plxpy;C:\Program Files\MATLAB\R2020b\runtime\win64;C:\Program Files\MATLAB\R2020b\bin;C:\Program Files\Microsoft SQL Server\Client SDK\ODBC\110\Tools\Binn\;C:\Program Files (x86)\Microsoft SQL Server\120\Tools\Binn\;C:\Program Files\Microsoft SQL Server\120\Tools\Binn\;C:\Program Files\Microsoft SQL Server\120\DTS\Binn\;C:\Program Files (x86)\Windows Kits\8.1\Windows Perfor
USERNAME=u1838530
OS=Windows_NT
PROCESSOR_IDENTIFIER=Intel64 Family 6 Model 60 Stepping 3, GenuineIntel



---------------  S Y S T E M  ---------------

OS: Windows 10 , 64 bit Build 17763 (10.0.17763.1879)

CPU:total 8 (initial active 8) (4 cores per cpu, 2 threads per core) family 6 model 60 stepping 3, cmov, cx8, fxsr, mmx, sse, sse2, sse3, ssse3, sse4.1, sse4.2, popcnt, avx, avx2, aes, clmul, erms, lzcnt, ht, tsc, tscinvbit, bmi1, bmi2, fma

Memory: 4k page, physical 16613944k(9798756k free), swap 19104312k(10784836k free)

vm_info: Java HotSpot(TM) 64-Bit Server VM (9.0.4+11) for windows-amd64 JRE (9.0.4+11), built on Dec 20 2017 02:18:54 by "mach5one" with MS VC++ 12.0 (VS2013)

END.
