Vivado Simulator 2019.1
Copyright 1986-1999, 2001-2019 Xilinx, Inc. All Rights Reserved.
Running: C:/Xilinx/Vivado/2019.1/bin/unwrapped/win64.o/xelab.exe -wto 79e20c3caf334364a5eaeb581a308a21 --incr --debug typical --relax --mt 2 --maxdelay -L xil_defaultlib -L simprims_ver -L secureip --snapshot test_bench_time_synth -transport_int_delays -pulse_r 0 -pulse_int_r 0 -pulse_e 0 -pulse_int_e 0 xil_defaultlib.test_bench xil_defaultlib.glbl -log elaborate.log 
Using 2 slave threads.
Starting static elaboration
Completed static elaboration
Starting simulation data flow analysis
Completed simulation data flow analysis
INFO: [XSIM 43-3451] SDF backannotation process started with SDF file "test_bench_time_synth.sdf", for root module "test_bench/name1".
INFO: [XSIM 43-3452] SDF backannotation was successful for SDF file "test_bench_time_synth.sdf", for root module "test_bench/name1".
Time Resolution for simulation is 1ps
Compiling module simprims_ver.OBUF
Compiling module simprims_ver.x_lut1_mux2
Compiling module simprims_ver.LUT1
Compiling module simprims_ver.x_lut3_mux8
Compiling module simprims_ver.LUT3
Compiling module simprims_ver.LUT5
Compiling module simprims_ver.LUT6
Compiling module simprims_ver.x_lut2_mux4
Compiling module simprims_ver.LUT2
Compiling module simprims_ver.FDRE(INIT=1'b1)
Compiling module simprims_ver.FDRE_default
Compiling module simprims_ver.CARRY4
Compiling module simprims_ver.IBUF
Compiling module simprims_ver.LUT4
Compiling module simprims_ver.BUFG
Compiling module simprims_ver.MMCME2_ADV(CLKFBOUT_MULT_F=49.37...
Compiling module xil_defaultlib.clk_wiz_0_clk_wiz_0_clk_wiz
Compiling module xil_defaultlib.clk_wiz_0
Compiling module xil_defaultlib.vga_out
Compiling module simprims_ver.latchsre_ldce
Compiling module simprims_ver.LDCE(IS_G_INVERTED=1'b1)
Compiling module xil_defaultlib.simple_rom_smiley
Compiling module xil_defaultlib.draw
Compiling module simprims_ver.LDCE
Compiling module xil_defaultlib.sevenseg
Compiling module xil_defaultlib.seginterface
Compiling module xil_defaultlib.game_top
Compiling module xil_defaultlib.test_bench
Compiling module xil_defaultlib.glbl
Built simulation snapshot test_bench_time_synth
